2025-12-24 14:15:13 | INFO | model_worker | args: Namespace(host='0.0.0.0', port=40001, worker_address='http://127.0.0.1:40001', controller_address='http://127.0.0.1:40000', model_path='/root/autodl-tmp/EarthDial/checkpoints/EarthDial_4B_Methane_UHI', model_name=None, device='cuda', limit_model_concurrency=5, stream_interval=1, load_8bit=False)
2025-12-24 14:15:13 | INFO | model_worker | Loading the model EarthDial_4B_Methane_UHI on worker faf7bf ...
2025-12-24 14:15:13 | WARNING | transformers.tokenization_utils_base | Special tokens have been added in the vocabulary, make sure the associated word embeddings are fine-tuned or trained.
2025-12-24 14:15:13 | WARNING | transformers.tokenization_utils_base | Special tokens have been added in the vocabulary, make sure the associated word embeddings are fine-tuned or trained.
2025-12-24 14:15:16 | INFO | stdout | FlashAttention is not installed.
2025-12-24 14:15:16 | INFO | stdout | Warning: Flash Attention is not available, use_flash_attn is set to False.
2025-12-24 14:15:16 | INFO | stdout | Warning: Flash Attention is not available, use_flash_attn is set to False.
2025-12-24 14:15:16 | INFO | stdout | Warning: Flash Attention is not available, use_flash_attn is set to False.
2025-12-24 14:15:16 | INFO | stdout | Warning: Flash Attention is not available, use_flash_attn is set to False.
2025-12-24 14:15:16 | INFO | stdout | Warning: Flash Attention is not available, use_flash_attn is set to False.
2025-12-24 14:15:16 | INFO | stdout | Warning: Flash Attention is not available, use_flash_attn is set to False.
2025-12-24 14:15:16 | INFO | stdout | Warning: Flash Attention is not available, use_flash_attn is set to False.
2025-12-24 14:15:16 | INFO | stdout | Warning: Flash Attention is not available, use_flash_attn is set to False.
2025-12-24 14:15:16 | INFO | stdout | Warning: Flash Attention is not available, use_flash_attn is set to False.
2025-12-24 14:15:16 | INFO | stdout | Warning: Flash Attention is not available, use_flash_attn is set to False.
2025-12-24 14:15:16 | INFO | stdout | Warning: Flash Attention is not available, use_flash_attn is set to False.
2025-12-24 14:15:16 | INFO | stdout | Warning: Flash Attention is not available, use_flash_attn is set to False.
2025-12-24 14:15:16 | INFO | stdout | Warning: Flash Attention is not available, use_flash_attn is set to False.
2025-12-24 14:15:16 | INFO | stdout | Warning: Flash Attention is not available, use_flash_attn is set to False.
2025-12-24 14:15:16 | INFO | stdout | Warning: Flash Attention is not available, use_flash_attn is set to False.
2025-12-24 14:15:16 | INFO | stdout | Warning: Flash Attention is not available, use_flash_attn is set to False.
2025-12-24 14:15:16 | INFO | stdout | Warning: Flash Attention is not available, use_flash_attn is set to False.
2025-12-24 14:15:16 | INFO | stdout | Warning: Flash Attention is not available, use_flash_attn is set to False.
2025-12-24 14:15:16 | INFO | stdout | Warning: Flash Attention is not available, use_flash_attn is set to False.
2025-12-24 14:15:16 | INFO | stdout | Warning: Flash Attention is not available, use_flash_attn is set to False.
2025-12-24 14:15:16 | INFO | stdout | Warning: Flash Attention is not available, use_flash_attn is set to False.
2025-12-24 14:15:16 | INFO | stdout | Warning: Flash Attention is not available, use_flash_attn is set to False.
2025-12-24 14:15:16 | INFO | stdout | Warning: Flash Attention is not available, use_flash_attn is set to False.
2025-12-24 14:15:16 | INFO | stdout | Warning: Flash Attention is not available, use_flash_attn is set to False.
2025-12-24 14:15:16 | ERROR | stderr | Loading checkpoint shards:   0%|          | 0/2 [00:00<?, ?it/s]
2025-12-24 14:15:17 | ERROR | stderr | Loading checkpoint shards:  50%|█████     | 1/2 [00:00<00:00,  1.18it/s]
2025-12-24 14:15:17 | ERROR | stderr | Loading checkpoint shards: 100%|██████████| 2/2 [00:01<00:00,  1.50it/s]
2025-12-24 14:15:17 | ERROR | stderr | Loading checkpoint shards: 100%|██████████| 2/2 [00:01<00:00,  1.44it/s]
2025-12-24 14:15:17 | ERROR | stderr | 
2025-12-24 14:15:19 | INFO | model_worker | Register to controller
2025-12-24 14:15:19 | ERROR | stderr | INFO:     Started server process [26013]
2025-12-24 14:15:19 | ERROR | stderr | INFO:     Waiting for application startup.
2025-12-24 14:15:19 | ERROR | stderr | INFO:     Application startup complete.
2025-12-24 14:15:19 | ERROR | stderr | INFO:     Uvicorn running on http://0.0.0.0:40001 (Press CTRL+C to quit)
2025-12-24 14:15:34 | INFO | model_worker | Send heart beat. Models: ['EarthDial_4B_Methane_UHI']. Semaphore: None. global_counter: 0
2025-12-24 14:15:49 | INFO | model_worker | Send heart beat. Models: ['EarthDial_4B_Methane_UHI']. Semaphore: None. global_counter: 0
2025-12-24 14:16:04 | INFO | model_worker | Send heart beat. Models: ['EarthDial_4B_Methane_UHI']. Semaphore: None. global_counter: 0
2025-12-24 14:16:19 | INFO | model_worker | Send heart beat. Models: ['EarthDial_4B_Methane_UHI']. Semaphore: None. global_counter: 0
2025-12-24 14:16:34 | INFO | model_worker | Send heart beat. Models: ['EarthDial_4B_Methane_UHI']. Semaphore: None. global_counter: 0
2025-12-24 14:16:49 | INFO | model_worker | Send heart beat. Models: ['EarthDial_4B_Methane_UHI']. Semaphore: None. global_counter: 0
2025-12-24 14:17:04 | INFO | model_worker | Send heart beat. Models: ['EarthDial_4B_Methane_UHI']. Semaphore: None. global_counter: 0
2025-12-24 14:17:19 | INFO | model_worker | Send heart beat. Models: ['EarthDial_4B_Methane_UHI']. Semaphore: None. global_counter: 0
2025-12-24 14:17:34 | INFO | model_worker | Send heart beat. Models: ['EarthDial_4B_Methane_UHI']. Semaphore: None. global_counter: 0
2025-12-24 14:17:49 | INFO | model_worker | Send heart beat. Models: ['EarthDial_4B_Methane_UHI']. Semaphore: None. global_counter: 0
2025-12-24 14:17:54 | INFO | stdout | INFO:     127.0.0.1:47966 - "POST /worker_get_status HTTP/1.1" 200 OK
2025-12-24 14:18:04 | INFO | model_worker | Send heart beat. Models: ['EarthDial_4B_Methane_UHI']. Semaphore: None. global_counter: 0
2025-12-24 14:18:19 | INFO | model_worker | Send heart beat. Models: ['EarthDial_4B_Methane_UHI']. Semaphore: None. global_counter: 0
2025-12-24 14:18:34 | INFO | model_worker | Send heart beat. Models: ['EarthDial_4B_Methane_UHI']. Semaphore: None. global_counter: 0
2025-12-24 14:18:49 | INFO | model_worker | Send heart beat. Models: ['EarthDial_4B_Methane_UHI']. Semaphore: None. global_counter: 0
2025-12-24 14:19:04 | INFO | model_worker | Send heart beat. Models: ['EarthDial_4B_Methane_UHI']. Semaphore: None. global_counter: 0
2025-12-24 14:19:19 | INFO | model_worker | Send heart beat. Models: ['EarthDial_4B_Methane_UHI']. Semaphore: None. global_counter: 0
2025-12-24 14:19:34 | INFO | model_worker | Send heart beat. Models: ['EarthDial_4B_Methane_UHI']. Semaphore: None. global_counter: 0
2025-12-24 14:19:49 | INFO | model_worker | Send heart beat. Models: ['EarthDial_4B_Methane_UHI']. Semaphore: None. global_counter: 0
2025-12-24 14:20:04 | INFO | model_worker | Send heart beat. Models: ['EarthDial_4B_Methane_UHI']. Semaphore: None. global_counter: 0
2025-12-24 14:20:19 | INFO | model_worker | Send heart beat. Models: ['EarthDial_4B_Methane_UHI']. Semaphore: None. global_counter: 0
2025-12-24 14:20:34 | INFO | model_worker | Send heart beat. Models: ['EarthDial_4B_Methane_UHI']. Semaphore: None. global_counter: 0
2025-12-24 14:20:49 | INFO | model_worker | Send heart beat. Models: ['EarthDial_4B_Methane_UHI']. Semaphore: None. global_counter: 0
2025-12-24 14:21:04 | INFO | model_worker | Send heart beat. Models: ['EarthDial_4B_Methane_UHI']. Semaphore: None. global_counter: 0
2025-12-24 14:21:12 | INFO | stdout | INFO:     127.0.0.1:55928 - "POST /worker_get_status HTTP/1.1" 200 OK
2025-12-24 14:21:12 | INFO | stdout | INFO:     127.0.0.1:55940 - "POST /worker_get_status HTTP/1.1" 200 OK
2025-12-24 14:21:12 | INFO | model_worker | Send heart beat. Models: ['EarthDial_4B_Methane_UHI']. Semaphore: Semaphore(value=4, locked=False). global_counter: 1
2025-12-24 14:21:12 | INFO | stdout | INFO:     127.0.0.1:55946 - "POST /worker_generate_stream HTTP/1.1" 200 OK
2025-12-24 14:21:12 | INFO | model_worker | Split images to torch.Size([1, 3, 448, 448])
2025-12-24 14:21:12 | INFO | model_worker | Generation config: {'num_beams': 1, 'max_new_tokens': 1024, 'do_sample': True, 'temperature': 0.7, 'repetition_penalty': 1.1, 'max_length': 8192, 'top_p': 0.95, 'streamer': <transformers.generation.streamers.TextIteratorStreamer object at 0x7f24782c08e0>}
2025-12-24 14:21:13 | WARNING | transformers.generation.utils | Both `max_new_tokens` (=1024) and `max_length`(=8192) seem to have been set. `max_new_tokens` will take precedence. Please refer to the documentation for more information. (https://huggingface.co/docs/transformers/main/en/main_classes/text_generation)
2025-12-24 14:21:14 | INFO | model_worker | max_input_tile_list: [12], history: [], question: <image>
Give me the location of 1 medium ship at top left., answer: <box> [[0, 3, 19, 27, 0]] </box> 
2025-12-24 14:21:14 | INFO | model_worker | Send heart beat. Models: ['EarthDial_4B_Methane_UHI']. Semaphore: Semaphore(value=5, locked=False). global_counter: 1
2025-12-24 14:21:20 | INFO | model_worker | Send heart beat. Models: ['EarthDial_4B_Methane_UHI']. Semaphore: Semaphore(value=5, locked=False). global_counter: 1
2025-12-24 14:21:35 | INFO | model_worker | Send heart beat. Models: ['EarthDial_4B_Methane_UHI']. Semaphore: Semaphore(value=5, locked=False). global_counter: 1
2025-12-24 14:21:50 | INFO | model_worker | Send heart beat. Models: ['EarthDial_4B_Methane_UHI']. Semaphore: Semaphore(value=5, locked=False). global_counter: 1
2025-12-24 14:22:05 | INFO | model_worker | Send heart beat. Models: ['EarthDial_4B_Methane_UHI']. Semaphore: Semaphore(value=5, locked=False). global_counter: 1
2025-12-24 14:22:20 | INFO | model_worker | Send heart beat. Models: ['EarthDial_4B_Methane_UHI']. Semaphore: Semaphore(value=5, locked=False). global_counter: 1
2025-12-24 14:22:35 | INFO | model_worker | Send heart beat. Models: ['EarthDial_4B_Methane_UHI']. Semaphore: Semaphore(value=5, locked=False). global_counter: 1
2025-12-24 14:22:50 | INFO | model_worker | Send heart beat. Models: ['EarthDial_4B_Methane_UHI']. Semaphore: Semaphore(value=5, locked=False). global_counter: 1
2025-12-24 14:23:05 | INFO | model_worker | Send heart beat. Models: ['EarthDial_4B_Methane_UHI']. Semaphore: Semaphore(value=5, locked=False). global_counter: 1
2025-12-24 14:23:20 | INFO | model_worker | Send heart beat. Models: ['EarthDial_4B_Methane_UHI']. Semaphore: Semaphore(value=5, locked=False). global_counter: 1
2025-12-24 14:23:35 | INFO | model_worker | Send heart beat. Models: ['EarthDial_4B_Methane_UHI']. Semaphore: Semaphore(value=5, locked=False). global_counter: 1
2025-12-24 14:23:50 | INFO | model_worker | Send heart beat. Models: ['EarthDial_4B_Methane_UHI']. Semaphore: Semaphore(value=5, locked=False). global_counter: 1
2025-12-24 14:24:05 | INFO | model_worker | Send heart beat. Models: ['EarthDial_4B_Methane_UHI']. Semaphore: Semaphore(value=5, locked=False). global_counter: 1
2025-12-24 14:24:20 | INFO | model_worker | Send heart beat. Models: ['EarthDial_4B_Methane_UHI']. Semaphore: Semaphore(value=5, locked=False). global_counter: 1
2025-12-24 14:24:35 | INFO | model_worker | Send heart beat. Models: ['EarthDial_4B_Methane_UHI']. Semaphore: Semaphore(value=5, locked=False). global_counter: 1
2025-12-24 14:24:50 | INFO | model_worker | Send heart beat. Models: ['EarthDial_4B_Methane_UHI']. Semaphore: Semaphore(value=5, locked=False). global_counter: 1
2025-12-24 14:25:05 | INFO | model_worker | Send heart beat. Models: ['EarthDial_4B_Methane_UHI']. Semaphore: Semaphore(value=5, locked=False). global_counter: 1
2025-12-24 14:25:20 | INFO | model_worker | Send heart beat. Models: ['EarthDial_4B_Methane_UHI']. Semaphore: Semaphore(value=5, locked=False). global_counter: 1
2025-12-24 14:25:28 | INFO | stdout | INFO:     127.0.0.1:55784 - "POST /worker_get_status HTTP/1.1" 200 OK
2025-12-24 14:25:35 | INFO | model_worker | Send heart beat. Models: ['EarthDial_4B_Methane_UHI']. Semaphore: Semaphore(value=5, locked=False). global_counter: 1
2025-12-24 14:25:50 | INFO | model_worker | Send heart beat. Models: ['EarthDial_4B_Methane_UHI']. Semaphore: Semaphore(value=5, locked=False). global_counter: 1
2025-12-24 14:26:05 | INFO | model_worker | Send heart beat. Models: ['EarthDial_4B_Methane_UHI']. Semaphore: Semaphore(value=5, locked=False). global_counter: 1
2025-12-24 14:26:20 | INFO | model_worker | Send heart beat. Models: ['EarthDial_4B_Methane_UHI']. Semaphore: Semaphore(value=5, locked=False). global_counter: 1
2025-12-24 14:26:35 | INFO | model_worker | Send heart beat. Models: ['EarthDial_4B_Methane_UHI']. Semaphore: Semaphore(value=5, locked=False). global_counter: 1
2025-12-24 14:26:50 | INFO | model_worker | Send heart beat. Models: ['EarthDial_4B_Methane_UHI']. Semaphore: Semaphore(value=5, locked=False). global_counter: 1
2025-12-24 14:27:05 | INFO | model_worker | Send heart beat. Models: ['EarthDial_4B_Methane_UHI']. Semaphore: Semaphore(value=5, locked=False). global_counter: 1
2025-12-24 14:27:20 | INFO | model_worker | Send heart beat. Models: ['EarthDial_4B_Methane_UHI']. Semaphore: Semaphore(value=5, locked=False). global_counter: 1
2025-12-24 14:27:28 | INFO | stdout | INFO:     127.0.0.1:60724 - "POST /worker_get_status HTTP/1.1" 200 OK
2025-12-24 14:27:35 | INFO | model_worker | Send heart beat. Models: ['EarthDial_4B_Methane_UHI']. Semaphore: Semaphore(value=5, locked=False). global_counter: 1
2025-12-24 14:27:50 | INFO | model_worker | Send heart beat. Models: ['EarthDial_4B_Methane_UHI']. Semaphore: Semaphore(value=5, locked=False). global_counter: 1
2025-12-24 14:28:05 | INFO | model_worker | Send heart beat. Models: ['EarthDial_4B_Methane_UHI']. Semaphore: Semaphore(value=5, locked=False). global_counter: 1
2025-12-24 14:28:20 | INFO | model_worker | Send heart beat. Models: ['EarthDial_4B_Methane_UHI']. Semaphore: Semaphore(value=5, locked=False). global_counter: 1
2025-12-24 14:28:35 | INFO | model_worker | Send heart beat. Models: ['EarthDial_4B_Methane_UHI']. Semaphore: Semaphore(value=5, locked=False). global_counter: 1
2025-12-24 14:28:50 | INFO | model_worker | Send heart beat. Models: ['EarthDial_4B_Methane_UHI']. Semaphore: Semaphore(value=5, locked=False). global_counter: 1
2025-12-24 14:29:05 | INFO | model_worker | Send heart beat. Models: ['EarthDial_4B_Methane_UHI']. Semaphore: Semaphore(value=5, locked=False). global_counter: 1
2025-12-24 14:29:20 | INFO | model_worker | Send heart beat. Models: ['EarthDial_4B_Methane_UHI']. Semaphore: Semaphore(value=5, locked=False). global_counter: 1
2025-12-24 14:29:35 | INFO | model_worker | Send heart beat. Models: ['EarthDial_4B_Methane_UHI']. Semaphore: Semaphore(value=5, locked=False). global_counter: 1
2025-12-24 14:29:50 | INFO | model_worker | Send heart beat. Models: ['EarthDial_4B_Methane_UHI']. Semaphore: Semaphore(value=5, locked=False). global_counter: 1
2025-12-24 14:30:05 | INFO | model_worker | Send heart beat. Models: ['EarthDial_4B_Methane_UHI']. Semaphore: Semaphore(value=5, locked=False). global_counter: 1
2025-12-24 14:30:20 | INFO | model_worker | Send heart beat. Models: ['EarthDial_4B_Methane_UHI']. Semaphore: Semaphore(value=5, locked=False). global_counter: 1
2025-12-24 14:30:35 | INFO | model_worker | Send heart beat. Models: ['EarthDial_4B_Methane_UHI']. Semaphore: Semaphore(value=5, locked=False). global_counter: 1
2025-12-24 14:30:50 | INFO | model_worker | Send heart beat. Models: ['EarthDial_4B_Methane_UHI']. Semaphore: Semaphore(value=5, locked=False). global_counter: 1
2025-12-24 14:30:56 | INFO | stdout | INFO:     127.0.0.1:42822 - "POST /worker_get_status HTTP/1.1" 200 OK
2025-12-24 14:30:56 | INFO | stdout | INFO:     127.0.0.1:42834 - "POST /worker_get_status HTTP/1.1" 200 OK
2025-12-24 14:30:56 | INFO | model_worker | Send heart beat. Models: ['EarthDial_4B_Methane_UHI']. Semaphore: Semaphore(value=4, locked=False). global_counter: 2
2025-12-24 14:30:56 | INFO | stdout | INFO:     127.0.0.1:42848 - "POST /worker_generate_stream HTTP/1.1" 200 OK
2025-12-24 14:30:56 | INFO | model_worker | Split images to torch.Size([3, 3, 448, 448])
2025-12-24 14:30:56 | INFO | model_worker | Generation config: {'num_beams': 1, 'max_new_tokens': 1024, 'do_sample': True, 'temperature': 0.7, 'repetition_penalty': 1.1, 'max_length': 8192, 'top_p': 0.95, 'streamer': <transformers.generation.streamers.TextIteratorStreamer object at 0x7f247830e4a0>}
2025-12-24 14:30:56 | WARNING | transformers.generation.utils | Both `max_new_tokens` (=1024) and `max_length`(=8192) seem to have been set. `max_new_tokens` will take precedence. Please refer to the documentation for more information. (https://huggingface.co/docs/transformers/main/en/main_classes/text_generation)
2025-12-24 14:30:57 | INFO | model_worker | max_input_tile_list: [12], history: [], question: <image>
What is the botanical species name of this tree?, answer: The botanical species of this tree is <em>Bush, scrub and bareland.</em> 
2025-12-24 14:30:57 | INFO | model_worker | Send heart beat. Models: ['EarthDial_4B_Methane_UHI']. Semaphore: Semaphore(value=5, locked=False). global_counter: 2
2025-12-24 14:31:05 | INFO | model_worker | Send heart beat. Models: ['EarthDial_4B_Methane_UHI']. Semaphore: Semaphore(value=5, locked=False). global_counter: 2
2025-12-24 14:31:20 | INFO | model_worker | Send heart beat. Models: ['EarthDial_4B_Methane_UHI']. Semaphore: Semaphore(value=5, locked=False). global_counter: 2
2025-12-24 14:31:35 | INFO | model_worker | Send heart beat. Models: ['EarthDial_4B_Methane_UHI']. Semaphore: Semaphore(value=5, locked=False). global_counter: 2
2025-12-24 14:31:50 | INFO | model_worker | Send heart beat. Models: ['EarthDial_4B_Methane_UHI']. Semaphore: Semaphore(value=5, locked=False). global_counter: 2
2025-12-24 14:32:05 | INFO | model_worker | Send heart beat. Models: ['EarthDial_4B_Methane_UHI']. Semaphore: Semaphore(value=5, locked=False). global_counter: 2
2025-12-24 14:32:20 | INFO | model_worker | Send heart beat. Models: ['EarthDial_4B_Methane_UHI']. Semaphore: Semaphore(value=5, locked=False). global_counter: 2
2025-12-24 14:32:35 | INFO | model_worker | Send heart beat. Models: ['EarthDial_4B_Methane_UHI']. Semaphore: Semaphore(value=5, locked=False). global_counter: 2
2025-12-24 14:32:50 | INFO | model_worker | Send heart beat. Models: ['EarthDial_4B_Methane_UHI']. Semaphore: Semaphore(value=5, locked=False). global_counter: 2
2025-12-24 14:33:05 | INFO | model_worker | Send heart beat. Models: ['EarthDial_4B_Methane_UHI']. Semaphore: Semaphore(value=5, locked=False). global_counter: 2
2025-12-24 14:33:20 | INFO | model_worker | Send heart beat. Models: ['EarthDial_4B_Methane_UHI']. Semaphore: Semaphore(value=5, locked=False). global_counter: 2
2025-12-24 14:33:36 | INFO | model_worker | Send heart beat. Models: ['EarthDial_4B_Methane_UHI']. Semaphore: Semaphore(value=5, locked=False). global_counter: 2
2025-12-24 14:33:51 | INFO | model_worker | Send heart beat. Models: ['EarthDial_4B_Methane_UHI']. Semaphore: Semaphore(value=5, locked=False). global_counter: 2
2025-12-24 14:34:06 | INFO | model_worker | Send heart beat. Models: ['EarthDial_4B_Methane_UHI']. Semaphore: Semaphore(value=5, locked=False). global_counter: 2
2025-12-24 14:34:21 | INFO | model_worker | Send heart beat. Models: ['EarthDial_4B_Methane_UHI']. Semaphore: Semaphore(value=5, locked=False). global_counter: 2
2025-12-24 14:34:36 | INFO | model_worker | Send heart beat. Models: ['EarthDial_4B_Methane_UHI']. Semaphore: Semaphore(value=5, locked=False). global_counter: 2
2025-12-24 14:34:51 | INFO | model_worker | Send heart beat. Models: ['EarthDial_4B_Methane_UHI']. Semaphore: Semaphore(value=5, locked=False). global_counter: 2
2025-12-24 14:35:06 | INFO | model_worker | Send heart beat. Models: ['EarthDial_4B_Methane_UHI']. Semaphore: Semaphore(value=5, locked=False). global_counter: 2
2025-12-24 14:35:21 | INFO | model_worker | Send heart beat. Models: ['EarthDial_4B_Methane_UHI']. Semaphore: Semaphore(value=5, locked=False). global_counter: 2
2025-12-24 14:35:36 | INFO | model_worker | Send heart beat. Models: ['EarthDial_4B_Methane_UHI']. Semaphore: Semaphore(value=5, locked=False). global_counter: 2
2025-12-24 14:35:51 | INFO | model_worker | Send heart beat. Models: ['EarthDial_4B_Methane_UHI']. Semaphore: Semaphore(value=5, locked=False). global_counter: 2
2025-12-24 14:35:51 | ERROR | stderr | INFO:     Shutting down
2025-12-24 14:35:51 | ERROR | stderr | INFO:     Waiting for application shutdown.
2025-12-24 14:35:51 | ERROR | stderr | INFO:     Application shutdown complete.
2025-12-24 14:35:51 | ERROR | stderr | INFO:     Finished server process [26013]
