2025-12-24 11:28:14 | INFO | model_worker | args: Namespace(host='0.0.0.0', port=40001, worker_address='http://127.0.0.1:40001', controller_address='http://127.0.0.1:40000', model_path='/root/autodl-tmp/EarthDial/checkpoints/EarthDial_4B_Methane_UHI', model_name=None, device='cuda', limit_model_concurrency=5, stream_interval=1, load_8bit=False)
2025-12-24 11:28:14 | INFO | model_worker | Loading the model EarthDial_4B_Methane_UHI on worker dc765f ...
2025-12-24 11:28:14 | WARNING | transformers.tokenization_utils_base | Special tokens have been added in the vocabulary, make sure the associated word embeddings are fine-tuned or trained.
2025-12-24 11:28:14 | WARNING | transformers.tokenization_utils_base | Special tokens have been added in the vocabulary, make sure the associated word embeddings are fine-tuned or trained.
2025-12-24 11:28:16 | INFO | stdout | FlashAttention is not installed.
2025-12-24 11:28:16 | INFO | stdout | Warning: Flash Attention is not available, use_flash_attn is set to False.
2025-12-24 11:28:16 | INFO | stdout | Warning: Flash Attention is not available, use_flash_attn is set to False.
2025-12-24 11:28:16 | INFO | stdout | Warning: Flash Attention is not available, use_flash_attn is set to False.
2025-12-24 11:28:16 | INFO | stdout | Warning: Flash Attention is not available, use_flash_attn is set to False.
2025-12-24 11:28:16 | INFO | stdout | Warning: Flash Attention is not available, use_flash_attn is set to False.
2025-12-24 11:28:16 | INFO | stdout | Warning: Flash Attention is not available, use_flash_attn is set to False.
2025-12-24 11:28:16 | INFO | stdout | Warning: Flash Attention is not available, use_flash_attn is set to False.
2025-12-24 11:28:16 | INFO | stdout | Warning: Flash Attention is not available, use_flash_attn is set to False.
2025-12-24 11:28:16 | INFO | stdout | Warning: Flash Attention is not available, use_flash_attn is set to False.
2025-12-24 11:28:16 | INFO | stdout | Warning: Flash Attention is not available, use_flash_attn is set to False.
2025-12-24 11:28:16 | INFO | stdout | Warning: Flash Attention is not available, use_flash_attn is set to False.
2025-12-24 11:28:16 | INFO | stdout | Warning: Flash Attention is not available, use_flash_attn is set to False.
2025-12-24 11:28:16 | INFO | stdout | Warning: Flash Attention is not available, use_flash_attn is set to False.
2025-12-24 11:28:16 | INFO | stdout | Warning: Flash Attention is not available, use_flash_attn is set to False.
2025-12-24 11:28:16 | INFO | stdout | Warning: Flash Attention is not available, use_flash_attn is set to False.
2025-12-24 11:28:16 | INFO | stdout | Warning: Flash Attention is not available, use_flash_attn is set to False.
2025-12-24 11:28:16 | INFO | stdout | Warning: Flash Attention is not available, use_flash_attn is set to False.
2025-12-24 11:28:16 | INFO | stdout | Warning: Flash Attention is not available, use_flash_attn is set to False.
2025-12-24 11:28:16 | INFO | stdout | Warning: Flash Attention is not available, use_flash_attn is set to False.
2025-12-24 11:28:16 | INFO | stdout | Warning: Flash Attention is not available, use_flash_attn is set to False.
2025-12-24 11:28:16 | INFO | stdout | Warning: Flash Attention is not available, use_flash_attn is set to False.
2025-12-24 11:28:16 | INFO | stdout | Warning: Flash Attention is not available, use_flash_attn is set to False.
2025-12-24 11:28:16 | INFO | stdout | Warning: Flash Attention is not available, use_flash_attn is set to False.
2025-12-24 11:28:16 | INFO | stdout | Warning: Flash Attention is not available, use_flash_attn is set to False.
2025-12-24 11:28:16 | ERROR | stderr | Loading checkpoint shards:   0%|          | 0/2 [00:00<?, ?it/s]
2025-12-24 11:28:17 | ERROR | stderr | Loading checkpoint shards:  50%|█████     | 1/2 [00:01<00:01,  1.04s/it]
2025-12-24 11:28:18 | ERROR | stderr | Loading checkpoint shards: 100%|██████████| 2/2 [00:01<00:00,  1.19it/s]
2025-12-24 11:28:18 | ERROR | stderr | Loading checkpoint shards: 100%|██████████| 2/2 [00:01<00:00,  1.15it/s]
2025-12-24 11:28:18 | ERROR | stderr | 
2025-12-24 11:28:20 | INFO | model_worker | Register to controller
2025-12-24 11:28:20 | ERROR | stderr | INFO:     Started server process [20821]
2025-12-24 11:28:20 | ERROR | stderr | INFO:     Waiting for application startup.
2025-12-24 11:28:20 | ERROR | stderr | INFO:     Application startup complete.
2025-12-24 11:28:20 | ERROR | stderr | INFO:     Uvicorn running on http://0.0.0.0:40001 (Press CTRL+C to quit)
2025-12-24 11:28:26 | INFO | stdout | INFO:     127.0.0.1:59514 - "POST /worker_get_status HTTP/1.1" 200 OK
2025-12-24 11:28:35 | INFO | model_worker | Send heart beat. Models: ['EarthDial_4B_Methane_UHI']. Semaphore: None. global_counter: 0
2025-12-24 11:28:50 | INFO | model_worker | Send heart beat. Models: ['EarthDial_4B_Methane_UHI']. Semaphore: None. global_counter: 0
2025-12-24 11:29:05 | INFO | model_worker | Send heart beat. Models: ['EarthDial_4B_Methane_UHI']. Semaphore: None. global_counter: 0
2025-12-24 11:29:20 | INFO | model_worker | Send heart beat. Models: ['EarthDial_4B_Methane_UHI']. Semaphore: None. global_counter: 0
2025-12-24 11:29:35 | INFO | model_worker | Send heart beat. Models: ['EarthDial_4B_Methane_UHI']. Semaphore: None. global_counter: 0
2025-12-24 11:29:50 | INFO | model_worker | Send heart beat. Models: ['EarthDial_4B_Methane_UHI']. Semaphore: None. global_counter: 0
2025-12-24 11:30:05 | INFO | model_worker | Send heart beat. Models: ['EarthDial_4B_Methane_UHI']. Semaphore: None. global_counter: 0
2025-12-24 11:30:20 | INFO | model_worker | Send heart beat. Models: ['EarthDial_4B_Methane_UHI']. Semaphore: None. global_counter: 0
2025-12-24 11:30:35 | INFO | model_worker | Send heart beat. Models: ['EarthDial_4B_Methane_UHI']. Semaphore: None. global_counter: 0
2025-12-24 11:30:50 | INFO | model_worker | Send heart beat. Models: ['EarthDial_4B_Methane_UHI']. Semaphore: None. global_counter: 0
2025-12-24 11:31:05 | INFO | model_worker | Send heart beat. Models: ['EarthDial_4B_Methane_UHI']. Semaphore: None. global_counter: 0
2025-12-24 11:31:20 | INFO | model_worker | Send heart beat. Models: ['EarthDial_4B_Methane_UHI']. Semaphore: None. global_counter: 0
2025-12-24 11:31:35 | INFO | model_worker | Send heart beat. Models: ['EarthDial_4B_Methane_UHI']. Semaphore: None. global_counter: 0
2025-12-24 11:31:50 | INFO | model_worker | Send heart beat. Models: ['EarthDial_4B_Methane_UHI']. Semaphore: None. global_counter: 0
2025-12-24 11:32:05 | INFO | model_worker | Send heart beat. Models: ['EarthDial_4B_Methane_UHI']. Semaphore: None. global_counter: 0
2025-12-24 11:32:20 | INFO | model_worker | Send heart beat. Models: ['EarthDial_4B_Methane_UHI']. Semaphore: None. global_counter: 0
2025-12-24 11:32:35 | INFO | model_worker | Send heart beat. Models: ['EarthDial_4B_Methane_UHI']. Semaphore: None. global_counter: 0
2025-12-24 11:32:50 | INFO | model_worker | Send heart beat. Models: ['EarthDial_4B_Methane_UHI']. Semaphore: None. global_counter: 0
2025-12-24 11:33:05 | INFO | model_worker | Send heart beat. Models: ['EarthDial_4B_Methane_UHI']. Semaphore: None. global_counter: 0
2025-12-24 11:33:20 | INFO | model_worker | Send heart beat. Models: ['EarthDial_4B_Methane_UHI']. Semaphore: None. global_counter: 0
2025-12-24 11:33:35 | INFO | model_worker | Send heart beat. Models: ['EarthDial_4B_Methane_UHI']. Semaphore: None. global_counter: 0
2025-12-24 11:33:50 | INFO | model_worker | Send heart beat. Models: ['EarthDial_4B_Methane_UHI']. Semaphore: None. global_counter: 0
2025-12-24 11:34:05 | INFO | model_worker | Send heart beat. Models: ['EarthDial_4B_Methane_UHI']. Semaphore: None. global_counter: 0
2025-12-24 11:34:20 | INFO | model_worker | Send heart beat. Models: ['EarthDial_4B_Methane_UHI']. Semaphore: None. global_counter: 0
2025-12-24 11:34:35 | INFO | model_worker | Send heart beat. Models: ['EarthDial_4B_Methane_UHI']. Semaphore: None. global_counter: 0
2025-12-24 11:34:50 | INFO | model_worker | Send heart beat. Models: ['EarthDial_4B_Methane_UHI']. Semaphore: None. global_counter: 0
2025-12-24 11:35:05 | INFO | model_worker | Send heart beat. Models: ['EarthDial_4B_Methane_UHI']. Semaphore: None. global_counter: 0
2025-12-24 11:35:20 | INFO | model_worker | Send heart beat. Models: ['EarthDial_4B_Methane_UHI']. Semaphore: None. global_counter: 0
2025-12-24 11:35:35 | INFO | model_worker | Send heart beat. Models: ['EarthDial_4B_Methane_UHI']. Semaphore: None. global_counter: 0
2025-12-24 11:35:50 | INFO | model_worker | Send heart beat. Models: ['EarthDial_4B_Methane_UHI']. Semaphore: None. global_counter: 0
2025-12-24 11:36:05 | INFO | model_worker | Send heart beat. Models: ['EarthDial_4B_Methane_UHI']. Semaphore: None. global_counter: 0
2025-12-24 11:36:20 | INFO | model_worker | Send heart beat. Models: ['EarthDial_4B_Methane_UHI']. Semaphore: None. global_counter: 0
2025-12-24 11:36:35 | INFO | model_worker | Send heart beat. Models: ['EarthDial_4B_Methane_UHI']. Semaphore: None. global_counter: 0
2025-12-24 11:36:50 | INFO | model_worker | Send heart beat. Models: ['EarthDial_4B_Methane_UHI']. Semaphore: None. global_counter: 0
2025-12-24 11:37:05 | INFO | model_worker | Send heart beat. Models: ['EarthDial_4B_Methane_UHI']. Semaphore: None. global_counter: 0
2025-12-24 11:37:20 | INFO | model_worker | Send heart beat. Models: ['EarthDial_4B_Methane_UHI']. Semaphore: None. global_counter: 0
2025-12-24 11:37:35 | INFO | model_worker | Send heart beat. Models: ['EarthDial_4B_Methane_UHI']. Semaphore: None. global_counter: 0
2025-12-24 11:37:50 | INFO | model_worker | Send heart beat. Models: ['EarthDial_4B_Methane_UHI']. Semaphore: None. global_counter: 0
2025-12-24 11:38:05 | INFO | model_worker | Send heart beat. Models: ['EarthDial_4B_Methane_UHI']. Semaphore: None. global_counter: 0
2025-12-24 11:38:20 | INFO | model_worker | Send heart beat. Models: ['EarthDial_4B_Methane_UHI']. Semaphore: None. global_counter: 0
2025-12-24 11:38:35 | INFO | model_worker | Send heart beat. Models: ['EarthDial_4B_Methane_UHI']. Semaphore: None. global_counter: 0
2025-12-24 11:38:50 | INFO | model_worker | Send heart beat. Models: ['EarthDial_4B_Methane_UHI']. Semaphore: None. global_counter: 0
2025-12-24 11:39:05 | INFO | model_worker | Send heart beat. Models: ['EarthDial_4B_Methane_UHI']. Semaphore: None. global_counter: 0
2025-12-24 11:39:20 | INFO | model_worker | Send heart beat. Models: ['EarthDial_4B_Methane_UHI']. Semaphore: None. global_counter: 0
2025-12-24 11:39:35 | INFO | model_worker | Send heart beat. Models: ['EarthDial_4B_Methane_UHI']. Semaphore: None. global_counter: 0
2025-12-24 11:39:50 | INFO | model_worker | Send heart beat. Models: ['EarthDial_4B_Methane_UHI']. Semaphore: None. global_counter: 0
2025-12-24 11:40:05 | INFO | model_worker | Send heart beat. Models: ['EarthDial_4B_Methane_UHI']. Semaphore: None. global_counter: 0
2025-12-24 11:40:20 | INFO | model_worker | Send heart beat. Models: ['EarthDial_4B_Methane_UHI']. Semaphore: None. global_counter: 0
2025-12-24 11:40:35 | INFO | model_worker | Send heart beat. Models: ['EarthDial_4B_Methane_UHI']. Semaphore: None. global_counter: 0
2025-12-24 11:40:51 | INFO | model_worker | Send heart beat. Models: ['EarthDial_4B_Methane_UHI']. Semaphore: None. global_counter: 0
2025-12-24 11:41:06 | INFO | model_worker | Send heart beat. Models: ['EarthDial_4B_Methane_UHI']. Semaphore: None. global_counter: 0
2025-12-24 11:41:21 | INFO | model_worker | Send heart beat. Models: ['EarthDial_4B_Methane_UHI']. Semaphore: None. global_counter: 0
2025-12-24 11:41:36 | INFO | model_worker | Send heart beat. Models: ['EarthDial_4B_Methane_UHI']. Semaphore: None. global_counter: 0
2025-12-24 11:41:51 | INFO | model_worker | Send heart beat. Models: ['EarthDial_4B_Methane_UHI']. Semaphore: None. global_counter: 0
2025-12-24 11:42:06 | INFO | model_worker | Send heart beat. Models: ['EarthDial_4B_Methane_UHI']. Semaphore: None. global_counter: 0
2025-12-24 11:42:21 | INFO | model_worker | Send heart beat. Models: ['EarthDial_4B_Methane_UHI']. Semaphore: None. global_counter: 0
2025-12-24 11:42:36 | INFO | model_worker | Send heart beat. Models: ['EarthDial_4B_Methane_UHI']. Semaphore: None. global_counter: 0
2025-12-24 11:42:51 | INFO | model_worker | Send heart beat. Models: ['EarthDial_4B_Methane_UHI']. Semaphore: None. global_counter: 0
2025-12-24 11:43:06 | INFO | model_worker | Send heart beat. Models: ['EarthDial_4B_Methane_UHI']. Semaphore: None. global_counter: 0
2025-12-24 11:43:21 | INFO | model_worker | Send heart beat. Models: ['EarthDial_4B_Methane_UHI']. Semaphore: None. global_counter: 0
2025-12-24 11:43:36 | INFO | model_worker | Send heart beat. Models: ['EarthDial_4B_Methane_UHI']. Semaphore: None. global_counter: 0
2025-12-24 11:43:51 | INFO | model_worker | Send heart beat. Models: ['EarthDial_4B_Methane_UHI']. Semaphore: None. global_counter: 0
2025-12-24 11:44:06 | INFO | model_worker | Send heart beat. Models: ['EarthDial_4B_Methane_UHI']. Semaphore: None. global_counter: 0
2025-12-24 11:44:21 | INFO | model_worker | Send heart beat. Models: ['EarthDial_4B_Methane_UHI']. Semaphore: None. global_counter: 0
2025-12-24 11:44:36 | INFO | model_worker | Send heart beat. Models: ['EarthDial_4B_Methane_UHI']. Semaphore: None. global_counter: 0
2025-12-24 11:44:51 | INFO | model_worker | Send heart beat. Models: ['EarthDial_4B_Methane_UHI']. Semaphore: None. global_counter: 0
2025-12-24 11:45:06 | INFO | model_worker | Send heart beat. Models: ['EarthDial_4B_Methane_UHI']. Semaphore: None. global_counter: 0
2025-12-24 11:45:21 | INFO | model_worker | Send heart beat. Models: ['EarthDial_4B_Methane_UHI']. Semaphore: None. global_counter: 0
2025-12-24 11:45:36 | INFO | model_worker | Send heart beat. Models: ['EarthDial_4B_Methane_UHI']. Semaphore: None. global_counter: 0
2025-12-24 11:45:51 | INFO | model_worker | Send heart beat. Models: ['EarthDial_4B_Methane_UHI']. Semaphore: None. global_counter: 0
2025-12-24 11:46:06 | INFO | model_worker | Send heart beat. Models: ['EarthDial_4B_Methane_UHI']. Semaphore: None. global_counter: 0
2025-12-24 11:46:21 | INFO | model_worker | Send heart beat. Models: ['EarthDial_4B_Methane_UHI']. Semaphore: None. global_counter: 0
2025-12-24 11:46:36 | INFO | model_worker | Send heart beat. Models: ['EarthDial_4B_Methane_UHI']. Semaphore: None. global_counter: 0
2025-12-24 11:46:51 | INFO | model_worker | Send heart beat. Models: ['EarthDial_4B_Methane_UHI']. Semaphore: None. global_counter: 0
2025-12-24 11:47:06 | INFO | model_worker | Send heart beat. Models: ['EarthDial_4B_Methane_UHI']. Semaphore: None. global_counter: 0
2025-12-24 11:47:21 | INFO | model_worker | Send heart beat. Models: ['EarthDial_4B_Methane_UHI']. Semaphore: None. global_counter: 0
2025-12-24 11:47:36 | INFO | model_worker | Send heart beat. Models: ['EarthDial_4B_Methane_UHI']. Semaphore: None. global_counter: 0
2025-12-24 11:47:51 | INFO | model_worker | Send heart beat. Models: ['EarthDial_4B_Methane_UHI']. Semaphore: None. global_counter: 0
2025-12-24 11:48:06 | INFO | model_worker | Send heart beat. Models: ['EarthDial_4B_Methane_UHI']. Semaphore: None. global_counter: 0
2025-12-24 11:48:21 | INFO | model_worker | Send heart beat. Models: ['EarthDial_4B_Methane_UHI']. Semaphore: None. global_counter: 0
2025-12-24 11:48:36 | INFO | model_worker | Send heart beat. Models: ['EarthDial_4B_Methane_UHI']. Semaphore: None. global_counter: 0
2025-12-24 11:48:51 | INFO | model_worker | Send heart beat. Models: ['EarthDial_4B_Methane_UHI']. Semaphore: None. global_counter: 0
2025-12-24 11:49:06 | INFO | model_worker | Send heart beat. Models: ['EarthDial_4B_Methane_UHI']. Semaphore: None. global_counter: 0
2025-12-24 11:49:21 | INFO | model_worker | Send heart beat. Models: ['EarthDial_4B_Methane_UHI']. Semaphore: None. global_counter: 0
2025-12-24 11:49:36 | INFO | model_worker | Send heart beat. Models: ['EarthDial_4B_Methane_UHI']. Semaphore: None. global_counter: 0
2025-12-24 11:49:51 | INFO | model_worker | Send heart beat. Models: ['EarthDial_4B_Methane_UHI']. Semaphore: None. global_counter: 0
2025-12-24 11:50:06 | INFO | model_worker | Send heart beat. Models: ['EarthDial_4B_Methane_UHI']. Semaphore: None. global_counter: 0
2025-12-24 11:50:21 | INFO | model_worker | Send heart beat. Models: ['EarthDial_4B_Methane_UHI']. Semaphore: None. global_counter: 0
2025-12-24 11:50:36 | INFO | model_worker | Send heart beat. Models: ['EarthDial_4B_Methane_UHI']. Semaphore: None. global_counter: 0
2025-12-24 11:50:51 | INFO | model_worker | Send heart beat. Models: ['EarthDial_4B_Methane_UHI']. Semaphore: None. global_counter: 0
2025-12-24 11:51:06 | INFO | model_worker | Send heart beat. Models: ['EarthDial_4B_Methane_UHI']. Semaphore: None. global_counter: 0
2025-12-24 11:51:21 | INFO | model_worker | Send heart beat. Models: ['EarthDial_4B_Methane_UHI']. Semaphore: None. global_counter: 0
2025-12-24 11:51:36 | INFO | model_worker | Send heart beat. Models: ['EarthDial_4B_Methane_UHI']. Semaphore: None. global_counter: 0
2025-12-24 11:51:51 | INFO | model_worker | Send heart beat. Models: ['EarthDial_4B_Methane_UHI']. Semaphore: None. global_counter: 0
2025-12-24 11:52:06 | INFO | model_worker | Send heart beat. Models: ['EarthDial_4B_Methane_UHI']. Semaphore: None. global_counter: 0
2025-12-24 11:52:21 | INFO | model_worker | Send heart beat. Models: ['EarthDial_4B_Methane_UHI']. Semaphore: None. global_counter: 0
2025-12-24 11:52:36 | INFO | model_worker | Send heart beat. Models: ['EarthDial_4B_Methane_UHI']. Semaphore: None. global_counter: 0
2025-12-24 11:52:51 | INFO | model_worker | Send heart beat. Models: ['EarthDial_4B_Methane_UHI']. Semaphore: None. global_counter: 0
2025-12-24 11:53:06 | INFO | model_worker | Send heart beat. Models: ['EarthDial_4B_Methane_UHI']. Semaphore: None. global_counter: 0
2025-12-24 11:53:21 | INFO | model_worker | Send heart beat. Models: ['EarthDial_4B_Methane_UHI']. Semaphore: None. global_counter: 0
2025-12-24 11:53:37 | INFO | model_worker | Send heart beat. Models: ['EarthDial_4B_Methane_UHI']. Semaphore: None. global_counter: 0
2025-12-24 11:53:52 | INFO | model_worker | Send heart beat. Models: ['EarthDial_4B_Methane_UHI']. Semaphore: None. global_counter: 0
2025-12-24 11:54:07 | INFO | model_worker | Send heart beat. Models: ['EarthDial_4B_Methane_UHI']. Semaphore: None. global_counter: 0
2025-12-24 11:54:22 | INFO | model_worker | Send heart beat. Models: ['EarthDial_4B_Methane_UHI']. Semaphore: None. global_counter: 0
2025-12-24 11:54:37 | INFO | model_worker | Send heart beat. Models: ['EarthDial_4B_Methane_UHI']. Semaphore: None. global_counter: 0
2025-12-24 11:54:52 | INFO | model_worker | Send heart beat. Models: ['EarthDial_4B_Methane_UHI']. Semaphore: None. global_counter: 0
2025-12-24 11:55:07 | INFO | model_worker | Send heart beat. Models: ['EarthDial_4B_Methane_UHI']. Semaphore: None. global_counter: 0
2025-12-24 11:55:22 | INFO | model_worker | Send heart beat. Models: ['EarthDial_4B_Methane_UHI']. Semaphore: None. global_counter: 0
2025-12-24 11:55:37 | INFO | model_worker | Send heart beat. Models: ['EarthDial_4B_Methane_UHI']. Semaphore: None. global_counter: 0
2025-12-24 11:55:52 | INFO | model_worker | Send heart beat. Models: ['EarthDial_4B_Methane_UHI']. Semaphore: None. global_counter: 0
2025-12-24 11:56:07 | INFO | model_worker | Send heart beat. Models: ['EarthDial_4B_Methane_UHI']. Semaphore: None. global_counter: 0
2025-12-24 11:56:22 | INFO | model_worker | Send heart beat. Models: ['EarthDial_4B_Methane_UHI']. Semaphore: None. global_counter: 0
2025-12-24 11:56:37 | INFO | model_worker | Send heart beat. Models: ['EarthDial_4B_Methane_UHI']. Semaphore: None. global_counter: 0
2025-12-24 11:56:52 | INFO | model_worker | Send heart beat. Models: ['EarthDial_4B_Methane_UHI']. Semaphore: None. global_counter: 0
2025-12-24 11:57:07 | INFO | model_worker | Send heart beat. Models: ['EarthDial_4B_Methane_UHI']. Semaphore: None. global_counter: 0
2025-12-24 11:57:22 | INFO | model_worker | Send heart beat. Models: ['EarthDial_4B_Methane_UHI']. Semaphore: None. global_counter: 0
2025-12-24 11:57:37 | INFO | model_worker | Send heart beat. Models: ['EarthDial_4B_Methane_UHI']. Semaphore: None. global_counter: 0
2025-12-24 11:57:52 | INFO | model_worker | Send heart beat. Models: ['EarthDial_4B_Methane_UHI']. Semaphore: None. global_counter: 0
2025-12-24 11:58:07 | INFO | model_worker | Send heart beat. Models: ['EarthDial_4B_Methane_UHI']. Semaphore: None. global_counter: 0
2025-12-24 11:58:22 | INFO | model_worker | Send heart beat. Models: ['EarthDial_4B_Methane_UHI']. Semaphore: None. global_counter: 0
2025-12-24 11:58:37 | INFO | model_worker | Send heart beat. Models: ['EarthDial_4B_Methane_UHI']. Semaphore: None. global_counter: 0
2025-12-24 11:58:52 | INFO | model_worker | Send heart beat. Models: ['EarthDial_4B_Methane_UHI']. Semaphore: None. global_counter: 0
2025-12-24 11:59:07 | INFO | model_worker | Send heart beat. Models: ['EarthDial_4B_Methane_UHI']. Semaphore: None. global_counter: 0
2025-12-24 11:59:22 | INFO | model_worker | Send heart beat. Models: ['EarthDial_4B_Methane_UHI']. Semaphore: None. global_counter: 0
2025-12-24 11:59:37 | INFO | model_worker | Send heart beat. Models: ['EarthDial_4B_Methane_UHI']. Semaphore: None. global_counter: 0
2025-12-24 11:59:52 | INFO | model_worker | Send heart beat. Models: ['EarthDial_4B_Methane_UHI']. Semaphore: None. global_counter: 0
2025-12-24 12:00:07 | INFO | model_worker | Send heart beat. Models: ['EarthDial_4B_Methane_UHI']. Semaphore: None. global_counter: 0
2025-12-24 12:00:22 | INFO | model_worker | Send heart beat. Models: ['EarthDial_4B_Methane_UHI']. Semaphore: None. global_counter: 0
2025-12-24 12:00:37 | INFO | model_worker | Send heart beat. Models: ['EarthDial_4B_Methane_UHI']. Semaphore: None. global_counter: 0
2025-12-24 12:00:52 | INFO | model_worker | Send heart beat. Models: ['EarthDial_4B_Methane_UHI']. Semaphore: None. global_counter: 0
2025-12-24 12:01:07 | INFO | model_worker | Send heart beat. Models: ['EarthDial_4B_Methane_UHI']. Semaphore: None. global_counter: 0
2025-12-24 12:01:22 | INFO | model_worker | Send heart beat. Models: ['EarthDial_4B_Methane_UHI']. Semaphore: None. global_counter: 0
2025-12-24 12:01:37 | INFO | model_worker | Send heart beat. Models: ['EarthDial_4B_Methane_UHI']. Semaphore: None. global_counter: 0
2025-12-24 12:01:52 | INFO | model_worker | Send heart beat. Models: ['EarthDial_4B_Methane_UHI']. Semaphore: None. global_counter: 0
2025-12-24 12:02:07 | INFO | model_worker | Send heart beat. Models: ['EarthDial_4B_Methane_UHI']. Semaphore: None. global_counter: 0
2025-12-24 12:02:22 | INFO | model_worker | Send heart beat. Models: ['EarthDial_4B_Methane_UHI']. Semaphore: None. global_counter: 0
2025-12-24 12:02:37 | INFO | model_worker | Send heart beat. Models: ['EarthDial_4B_Methane_UHI']. Semaphore: None. global_counter: 0
2025-12-24 12:02:52 | INFO | model_worker | Send heart beat. Models: ['EarthDial_4B_Methane_UHI']. Semaphore: None. global_counter: 0
2025-12-24 12:03:07 | INFO | model_worker | Send heart beat. Models: ['EarthDial_4B_Methane_UHI']. Semaphore: None. global_counter: 0
2025-12-24 12:03:22 | INFO | model_worker | Send heart beat. Models: ['EarthDial_4B_Methane_UHI']. Semaphore: None. global_counter: 0
2025-12-24 12:03:37 | INFO | model_worker | Send heart beat. Models: ['EarthDial_4B_Methane_UHI']. Semaphore: None. global_counter: 0
2025-12-24 12:03:52 | INFO | model_worker | Send heart beat. Models: ['EarthDial_4B_Methane_UHI']. Semaphore: None. global_counter: 0
2025-12-24 12:04:07 | INFO | model_worker | Send heart beat. Models: ['EarthDial_4B_Methane_UHI']. Semaphore: None. global_counter: 0
2025-12-24 12:04:22 | INFO | model_worker | Send heart beat. Models: ['EarthDial_4B_Methane_UHI']. Semaphore: None. global_counter: 0
2025-12-24 12:04:37 | INFO | model_worker | Send heart beat. Models: ['EarthDial_4B_Methane_UHI']. Semaphore: None. global_counter: 0
2025-12-24 12:04:52 | INFO | model_worker | Send heart beat. Models: ['EarthDial_4B_Methane_UHI']. Semaphore: None. global_counter: 0
2025-12-24 12:05:07 | INFO | model_worker | Send heart beat. Models: ['EarthDial_4B_Methane_UHI']. Semaphore: None. global_counter: 0
2025-12-24 12:05:22 | INFO | model_worker | Send heart beat. Models: ['EarthDial_4B_Methane_UHI']. Semaphore: None. global_counter: 0
2025-12-24 12:05:37 | INFO | model_worker | Send heart beat. Models: ['EarthDial_4B_Methane_UHI']. Semaphore: None. global_counter: 0
2025-12-24 12:05:52 | INFO | model_worker | Send heart beat. Models: ['EarthDial_4B_Methane_UHI']. Semaphore: None. global_counter: 0
2025-12-24 12:06:07 | INFO | model_worker | Send heart beat. Models: ['EarthDial_4B_Methane_UHI']. Semaphore: None. global_counter: 0
2025-12-24 12:06:22 | INFO | model_worker | Send heart beat. Models: ['EarthDial_4B_Methane_UHI']. Semaphore: None. global_counter: 0
2025-12-24 12:06:37 | INFO | model_worker | Send heart beat. Models: ['EarthDial_4B_Methane_UHI']. Semaphore: None. global_counter: 0
2025-12-24 12:06:53 | INFO | model_worker | Send heart beat. Models: ['EarthDial_4B_Methane_UHI']. Semaphore: None. global_counter: 0
2025-12-24 12:07:08 | INFO | model_worker | Send heart beat. Models: ['EarthDial_4B_Methane_UHI']. Semaphore: None. global_counter: 0
2025-12-24 12:07:23 | INFO | model_worker | Send heart beat. Models: ['EarthDial_4B_Methane_UHI']. Semaphore: None. global_counter: 0
2025-12-24 12:07:38 | INFO | model_worker | Send heart beat. Models: ['EarthDial_4B_Methane_UHI']. Semaphore: None. global_counter: 0
2025-12-24 12:07:53 | INFO | model_worker | Send heart beat. Models: ['EarthDial_4B_Methane_UHI']. Semaphore: None. global_counter: 0
2025-12-24 12:08:08 | INFO | model_worker | Send heart beat. Models: ['EarthDial_4B_Methane_UHI']. Semaphore: None. global_counter: 0
2025-12-24 12:08:23 | INFO | model_worker | Send heart beat. Models: ['EarthDial_4B_Methane_UHI']. Semaphore: None. global_counter: 0
2025-12-24 12:08:38 | INFO | model_worker | Send heart beat. Models: ['EarthDial_4B_Methane_UHI']. Semaphore: None. global_counter: 0
2025-12-24 12:08:53 | INFO | model_worker | Send heart beat. Models: ['EarthDial_4B_Methane_UHI']. Semaphore: None. global_counter: 0
2025-12-24 12:09:08 | INFO | model_worker | Send heart beat. Models: ['EarthDial_4B_Methane_UHI']. Semaphore: None. global_counter: 0
2025-12-24 12:09:23 | INFO | model_worker | Send heart beat. Models: ['EarthDial_4B_Methane_UHI']. Semaphore: None. global_counter: 0
2025-12-24 12:09:38 | INFO | model_worker | Send heart beat. Models: ['EarthDial_4B_Methane_UHI']. Semaphore: None. global_counter: 0
2025-12-24 12:09:53 | INFO | model_worker | Send heart beat. Models: ['EarthDial_4B_Methane_UHI']. Semaphore: None. global_counter: 0
2025-12-24 12:10:08 | INFO | model_worker | Send heart beat. Models: ['EarthDial_4B_Methane_UHI']. Semaphore: None. global_counter: 0
2025-12-24 12:10:23 | INFO | model_worker | Send heart beat. Models: ['EarthDial_4B_Methane_UHI']. Semaphore: None. global_counter: 0
2025-12-24 12:10:38 | INFO | model_worker | Send heart beat. Models: ['EarthDial_4B_Methane_UHI']. Semaphore: None. global_counter: 0
2025-12-24 12:10:53 | INFO | model_worker | Send heart beat. Models: ['EarthDial_4B_Methane_UHI']. Semaphore: None. global_counter: 0
2025-12-24 12:11:08 | INFO | model_worker | Send heart beat. Models: ['EarthDial_4B_Methane_UHI']. Semaphore: None. global_counter: 0
2025-12-24 12:11:23 | INFO | model_worker | Send heart beat. Models: ['EarthDial_4B_Methane_UHI']. Semaphore: None. global_counter: 0
2025-12-24 12:11:38 | INFO | model_worker | Send heart beat. Models: ['EarthDial_4B_Methane_UHI']. Semaphore: None. global_counter: 0
2025-12-24 12:11:53 | INFO | model_worker | Send heart beat. Models: ['EarthDial_4B_Methane_UHI']. Semaphore: None. global_counter: 0
2025-12-24 12:12:08 | INFO | model_worker | Send heart beat. Models: ['EarthDial_4B_Methane_UHI']. Semaphore: None. global_counter: 0
2025-12-24 12:12:23 | INFO | model_worker | Send heart beat. Models: ['EarthDial_4B_Methane_UHI']. Semaphore: None. global_counter: 0
2025-12-24 12:12:38 | INFO | model_worker | Send heart beat. Models: ['EarthDial_4B_Methane_UHI']. Semaphore: None. global_counter: 0
2025-12-24 12:12:53 | INFO | model_worker | Send heart beat. Models: ['EarthDial_4B_Methane_UHI']. Semaphore: None. global_counter: 0
2025-12-24 12:13:08 | INFO | model_worker | Send heart beat. Models: ['EarthDial_4B_Methane_UHI']. Semaphore: None. global_counter: 0
2025-12-24 12:13:23 | INFO | model_worker | Send heart beat. Models: ['EarthDial_4B_Methane_UHI']. Semaphore: None. global_counter: 0
2025-12-24 12:13:38 | INFO | model_worker | Send heart beat. Models: ['EarthDial_4B_Methane_UHI']. Semaphore: None. global_counter: 0
2025-12-24 12:13:53 | INFO | model_worker | Send heart beat. Models: ['EarthDial_4B_Methane_UHI']. Semaphore: None. global_counter: 0
2025-12-24 12:14:08 | INFO | model_worker | Send heart beat. Models: ['EarthDial_4B_Methane_UHI']. Semaphore: None. global_counter: 0
2025-12-24 12:14:23 | INFO | model_worker | Send heart beat. Models: ['EarthDial_4B_Methane_UHI']. Semaphore: None. global_counter: 0
2025-12-24 12:14:38 | INFO | model_worker | Send heart beat. Models: ['EarthDial_4B_Methane_UHI']. Semaphore: None. global_counter: 0
2025-12-24 12:14:53 | INFO | model_worker | Send heart beat. Models: ['EarthDial_4B_Methane_UHI']. Semaphore: None. global_counter: 0
2025-12-24 12:15:08 | INFO | model_worker | Send heart beat. Models: ['EarthDial_4B_Methane_UHI']. Semaphore: None. global_counter: 0
2025-12-24 12:15:23 | INFO | model_worker | Send heart beat. Models: ['EarthDial_4B_Methane_UHI']. Semaphore: None. global_counter: 0
2025-12-24 12:15:38 | INFO | model_worker | Send heart beat. Models: ['EarthDial_4B_Methane_UHI']. Semaphore: None. global_counter: 0
2025-12-24 12:15:53 | INFO | model_worker | Send heart beat. Models: ['EarthDial_4B_Methane_UHI']. Semaphore: None. global_counter: 0
2025-12-24 12:16:08 | INFO | model_worker | Send heart beat. Models: ['EarthDial_4B_Methane_UHI']. Semaphore: None. global_counter: 0
2025-12-24 12:16:23 | INFO | model_worker | Send heart beat. Models: ['EarthDial_4B_Methane_UHI']. Semaphore: None. global_counter: 0
2025-12-24 12:16:38 | INFO | model_worker | Send heart beat. Models: ['EarthDial_4B_Methane_UHI']. Semaphore: None. global_counter: 0
2025-12-24 12:16:53 | INFO | model_worker | Send heart beat. Models: ['EarthDial_4B_Methane_UHI']. Semaphore: None. global_counter: 0
2025-12-24 12:17:08 | INFO | model_worker | Send heart beat. Models: ['EarthDial_4B_Methane_UHI']. Semaphore: None. global_counter: 0
2025-12-24 12:17:23 | INFO | model_worker | Send heart beat. Models: ['EarthDial_4B_Methane_UHI']. Semaphore: None. global_counter: 0
2025-12-24 12:17:38 | INFO | model_worker | Send heart beat. Models: ['EarthDial_4B_Methane_UHI']. Semaphore: None. global_counter: 0
2025-12-24 12:17:53 | INFO | model_worker | Send heart beat. Models: ['EarthDial_4B_Methane_UHI']. Semaphore: None. global_counter: 0
2025-12-24 12:18:08 | INFO | model_worker | Send heart beat. Models: ['EarthDial_4B_Methane_UHI']. Semaphore: None. global_counter: 0
2025-12-24 12:18:23 | INFO | model_worker | Send heart beat. Models: ['EarthDial_4B_Methane_UHI']. Semaphore: None. global_counter: 0
2025-12-24 12:18:38 | INFO | model_worker | Send heart beat. Models: ['EarthDial_4B_Methane_UHI']. Semaphore: None. global_counter: 0
2025-12-24 12:18:53 | INFO | model_worker | Send heart beat. Models: ['EarthDial_4B_Methane_UHI']. Semaphore: None. global_counter: 0
2025-12-24 12:19:08 | INFO | model_worker | Send heart beat. Models: ['EarthDial_4B_Methane_UHI']. Semaphore: None. global_counter: 0
2025-12-24 12:19:23 | INFO | model_worker | Send heart beat. Models: ['EarthDial_4B_Methane_UHI']. Semaphore: None. global_counter: 0
2025-12-24 12:19:38 | INFO | model_worker | Send heart beat. Models: ['EarthDial_4B_Methane_UHI']. Semaphore: None. global_counter: 0
2025-12-24 12:19:54 | INFO | model_worker | Send heart beat. Models: ['EarthDial_4B_Methane_UHI']. Semaphore: None. global_counter: 0
2025-12-24 12:20:09 | INFO | model_worker | Send heart beat. Models: ['EarthDial_4B_Methane_UHI']. Semaphore: None. global_counter: 0
2025-12-24 12:20:24 | INFO | model_worker | Send heart beat. Models: ['EarthDial_4B_Methane_UHI']. Semaphore: None. global_counter: 0
2025-12-24 12:20:39 | INFO | model_worker | Send heart beat. Models: ['EarthDial_4B_Methane_UHI']. Semaphore: None. global_counter: 0
2025-12-24 12:20:54 | INFO | model_worker | Send heart beat. Models: ['EarthDial_4B_Methane_UHI']. Semaphore: None. global_counter: 0
2025-12-24 12:21:09 | INFO | model_worker | Send heart beat. Models: ['EarthDial_4B_Methane_UHI']. Semaphore: None. global_counter: 0
2025-12-24 12:21:24 | INFO | model_worker | Send heart beat. Models: ['EarthDial_4B_Methane_UHI']. Semaphore: None. global_counter: 0
2025-12-24 12:21:39 | INFO | model_worker | Send heart beat. Models: ['EarthDial_4B_Methane_UHI']. Semaphore: None. global_counter: 0
2025-12-24 12:21:54 | INFO | model_worker | Send heart beat. Models: ['EarthDial_4B_Methane_UHI']. Semaphore: None. global_counter: 0
2025-12-24 12:22:09 | INFO | model_worker | Send heart beat. Models: ['EarthDial_4B_Methane_UHI']. Semaphore: None. global_counter: 0
2025-12-24 12:22:24 | INFO | model_worker | Send heart beat. Models: ['EarthDial_4B_Methane_UHI']. Semaphore: None. global_counter: 0
2025-12-24 12:22:39 | INFO | model_worker | Send heart beat. Models: ['EarthDial_4B_Methane_UHI']. Semaphore: None. global_counter: 0
2025-12-24 12:22:54 | INFO | model_worker | Send heart beat. Models: ['EarthDial_4B_Methane_UHI']. Semaphore: None. global_counter: 0
2025-12-24 12:23:09 | INFO | model_worker | Send heart beat. Models: ['EarthDial_4B_Methane_UHI']. Semaphore: None. global_counter: 0
2025-12-24 12:23:24 | INFO | model_worker | Send heart beat. Models: ['EarthDial_4B_Methane_UHI']. Semaphore: None. global_counter: 0
2025-12-24 12:23:39 | INFO | model_worker | Send heart beat. Models: ['EarthDial_4B_Methane_UHI']. Semaphore: None. global_counter: 0
2025-12-24 12:23:54 | INFO | model_worker | Send heart beat. Models: ['EarthDial_4B_Methane_UHI']. Semaphore: None. global_counter: 0
2025-12-24 12:24:09 | INFO | model_worker | Send heart beat. Models: ['EarthDial_4B_Methane_UHI']. Semaphore: None. global_counter: 0
2025-12-24 12:24:24 | INFO | model_worker | Send heart beat. Models: ['EarthDial_4B_Methane_UHI']. Semaphore: None. global_counter: 0
2025-12-24 12:24:39 | INFO | model_worker | Send heart beat. Models: ['EarthDial_4B_Methane_UHI']. Semaphore: None. global_counter: 0
2025-12-24 12:24:54 | INFO | model_worker | Send heart beat. Models: ['EarthDial_4B_Methane_UHI']. Semaphore: None. global_counter: 0
2025-12-24 12:25:09 | INFO | model_worker | Send heart beat. Models: ['EarthDial_4B_Methane_UHI']. Semaphore: None. global_counter: 0
2025-12-24 12:25:24 | INFO | model_worker | Send heart beat. Models: ['EarthDial_4B_Methane_UHI']. Semaphore: None. global_counter: 0
2025-12-24 12:25:39 | INFO | model_worker | Send heart beat. Models: ['EarthDial_4B_Methane_UHI']. Semaphore: None. global_counter: 0
2025-12-24 12:25:54 | INFO | model_worker | Send heart beat. Models: ['EarthDial_4B_Methane_UHI']. Semaphore: None. global_counter: 0
2025-12-24 12:26:09 | INFO | model_worker | Send heart beat. Models: ['EarthDial_4B_Methane_UHI']. Semaphore: None. global_counter: 0
2025-12-24 12:26:24 | INFO | model_worker | Send heart beat. Models: ['EarthDial_4B_Methane_UHI']. Semaphore: None. global_counter: 0
2025-12-24 12:26:39 | INFO | model_worker | Send heart beat. Models: ['EarthDial_4B_Methane_UHI']. Semaphore: None. global_counter: 0
2025-12-24 12:26:54 | INFO | model_worker | Send heart beat. Models: ['EarthDial_4B_Methane_UHI']. Semaphore: None. global_counter: 0
2025-12-24 12:27:09 | INFO | model_worker | Send heart beat. Models: ['EarthDial_4B_Methane_UHI']. Semaphore: None. global_counter: 0
2025-12-24 12:27:24 | INFO | model_worker | Send heart beat. Models: ['EarthDial_4B_Methane_UHI']. Semaphore: None. global_counter: 0
2025-12-24 12:27:39 | INFO | model_worker | Send heart beat. Models: ['EarthDial_4B_Methane_UHI']. Semaphore: None. global_counter: 0
2025-12-24 12:27:54 | INFO | model_worker | Send heart beat. Models: ['EarthDial_4B_Methane_UHI']. Semaphore: None. global_counter: 0
2025-12-24 12:28:09 | INFO | model_worker | Send heart beat. Models: ['EarthDial_4B_Methane_UHI']. Semaphore: None. global_counter: 0
2025-12-24 12:28:24 | INFO | model_worker | Send heart beat. Models: ['EarthDial_4B_Methane_UHI']. Semaphore: None. global_counter: 0
2025-12-24 12:28:39 | INFO | model_worker | Send heart beat. Models: ['EarthDial_4B_Methane_UHI']. Semaphore: None. global_counter: 0
2025-12-24 12:28:54 | INFO | model_worker | Send heart beat. Models: ['EarthDial_4B_Methane_UHI']. Semaphore: None. global_counter: 0
2025-12-24 12:29:09 | INFO | model_worker | Send heart beat. Models: ['EarthDial_4B_Methane_UHI']. Semaphore: None. global_counter: 0
2025-12-24 12:29:24 | INFO | model_worker | Send heart beat. Models: ['EarthDial_4B_Methane_UHI']. Semaphore: None. global_counter: 0
2025-12-24 12:29:39 | INFO | model_worker | Send heart beat. Models: ['EarthDial_4B_Methane_UHI']. Semaphore: None. global_counter: 0
2025-12-24 12:29:54 | INFO | model_worker | Send heart beat. Models: ['EarthDial_4B_Methane_UHI']. Semaphore: None. global_counter: 0
2025-12-24 12:30:09 | INFO | model_worker | Send heart beat. Models: ['EarthDial_4B_Methane_UHI']. Semaphore: None. global_counter: 0
2025-12-24 12:30:24 | INFO | model_worker | Send heart beat. Models: ['EarthDial_4B_Methane_UHI']. Semaphore: None. global_counter: 0
2025-12-24 12:30:39 | INFO | model_worker | Send heart beat. Models: ['EarthDial_4B_Methane_UHI']. Semaphore: None. global_counter: 0
2025-12-24 12:30:54 | INFO | model_worker | Send heart beat. Models: ['EarthDial_4B_Methane_UHI']. Semaphore: None. global_counter: 0
2025-12-24 12:31:09 | INFO | model_worker | Send heart beat. Models: ['EarthDial_4B_Methane_UHI']. Semaphore: None. global_counter: 0
2025-12-24 12:31:24 | INFO | model_worker | Send heart beat. Models: ['EarthDial_4B_Methane_UHI']. Semaphore: None. global_counter: 0
2025-12-24 12:31:39 | INFO | model_worker | Send heart beat. Models: ['EarthDial_4B_Methane_UHI']. Semaphore: None. global_counter: 0
2025-12-24 12:31:54 | INFO | model_worker | Send heart beat. Models: ['EarthDial_4B_Methane_UHI']. Semaphore: None. global_counter: 0
2025-12-24 12:32:09 | INFO | model_worker | Send heart beat. Models: ['EarthDial_4B_Methane_UHI']. Semaphore: None. global_counter: 0
2025-12-24 12:32:24 | INFO | model_worker | Send heart beat. Models: ['EarthDial_4B_Methane_UHI']. Semaphore: None. global_counter: 0
2025-12-24 12:32:39 | INFO | model_worker | Send heart beat. Models: ['EarthDial_4B_Methane_UHI']. Semaphore: None. global_counter: 0
2025-12-24 12:32:54 | INFO | model_worker | Send heart beat. Models: ['EarthDial_4B_Methane_UHI']. Semaphore: None. global_counter: 0
2025-12-24 12:33:10 | INFO | model_worker | Send heart beat. Models: ['EarthDial_4B_Methane_UHI']. Semaphore: None. global_counter: 0
2025-12-24 12:33:25 | INFO | model_worker | Send heart beat. Models: ['EarthDial_4B_Methane_UHI']. Semaphore: None. global_counter: 0
2025-12-24 12:33:40 | INFO | model_worker | Send heart beat. Models: ['EarthDial_4B_Methane_UHI']. Semaphore: None. global_counter: 0
2025-12-24 12:33:55 | INFO | model_worker | Send heart beat. Models: ['EarthDial_4B_Methane_UHI']. Semaphore: None. global_counter: 0
2025-12-24 12:34:10 | INFO | model_worker | Send heart beat. Models: ['EarthDial_4B_Methane_UHI']. Semaphore: None. global_counter: 0
2025-12-24 12:34:25 | INFO | model_worker | Send heart beat. Models: ['EarthDial_4B_Methane_UHI']. Semaphore: None. global_counter: 0
2025-12-24 12:34:40 | INFO | model_worker | Send heart beat. Models: ['EarthDial_4B_Methane_UHI']. Semaphore: None. global_counter: 0
2025-12-24 12:34:55 | INFO | model_worker | Send heart beat. Models: ['EarthDial_4B_Methane_UHI']. Semaphore: None. global_counter: 0
2025-12-24 12:35:10 | INFO | model_worker | Send heart beat. Models: ['EarthDial_4B_Methane_UHI']. Semaphore: None. global_counter: 0
2025-12-24 12:35:25 | INFO | model_worker | Send heart beat. Models: ['EarthDial_4B_Methane_UHI']. Semaphore: None. global_counter: 0
2025-12-24 12:35:40 | INFO | model_worker | Send heart beat. Models: ['EarthDial_4B_Methane_UHI']. Semaphore: None. global_counter: 0
2025-12-24 12:35:55 | INFO | model_worker | Send heart beat. Models: ['EarthDial_4B_Methane_UHI']. Semaphore: None. global_counter: 0
2025-12-24 12:36:10 | INFO | model_worker | Send heart beat. Models: ['EarthDial_4B_Methane_UHI']. Semaphore: None. global_counter: 0
2025-12-24 12:36:25 | INFO | model_worker | Send heart beat. Models: ['EarthDial_4B_Methane_UHI']. Semaphore: None. global_counter: 0
2025-12-24 12:36:40 | INFO | model_worker | Send heart beat. Models: ['EarthDial_4B_Methane_UHI']. Semaphore: None. global_counter: 0
2025-12-24 12:36:55 | INFO | model_worker | Send heart beat. Models: ['EarthDial_4B_Methane_UHI']. Semaphore: None. global_counter: 0
2025-12-24 12:37:10 | INFO | model_worker | Send heart beat. Models: ['EarthDial_4B_Methane_UHI']. Semaphore: None. global_counter: 0
2025-12-24 12:37:25 | INFO | model_worker | Send heart beat. Models: ['EarthDial_4B_Methane_UHI']. Semaphore: None. global_counter: 0
2025-12-24 12:37:40 | INFO | model_worker | Send heart beat. Models: ['EarthDial_4B_Methane_UHI']. Semaphore: None. global_counter: 0
2025-12-24 12:37:55 | INFO | model_worker | Send heart beat. Models: ['EarthDial_4B_Methane_UHI']. Semaphore: None. global_counter: 0
2025-12-24 12:38:10 | INFO | model_worker | Send heart beat. Models: ['EarthDial_4B_Methane_UHI']. Semaphore: None. global_counter: 0
2025-12-24 12:38:25 | INFO | model_worker | Send heart beat. Models: ['EarthDial_4B_Methane_UHI']. Semaphore: None. global_counter: 0
2025-12-24 12:38:40 | INFO | model_worker | Send heart beat. Models: ['EarthDial_4B_Methane_UHI']. Semaphore: None. global_counter: 0
2025-12-24 12:38:55 | INFO | model_worker | Send heart beat. Models: ['EarthDial_4B_Methane_UHI']. Semaphore: None. global_counter: 0
2025-12-24 12:39:10 | INFO | model_worker | Send heart beat. Models: ['EarthDial_4B_Methane_UHI']. Semaphore: None. global_counter: 0
2025-12-24 12:39:25 | INFO | model_worker | Send heart beat. Models: ['EarthDial_4B_Methane_UHI']. Semaphore: None. global_counter: 0
2025-12-24 12:39:40 | INFO | model_worker | Send heart beat. Models: ['EarthDial_4B_Methane_UHI']. Semaphore: None. global_counter: 0
2025-12-24 12:39:55 | INFO | model_worker | Send heart beat. Models: ['EarthDial_4B_Methane_UHI']. Semaphore: None. global_counter: 0
2025-12-24 12:40:10 | INFO | model_worker | Send heart beat. Models: ['EarthDial_4B_Methane_UHI']. Semaphore: None. global_counter: 0
2025-12-24 12:40:25 | INFO | model_worker | Send heart beat. Models: ['EarthDial_4B_Methane_UHI']. Semaphore: None. global_counter: 0
2025-12-24 12:40:40 | INFO | model_worker | Send heart beat. Models: ['EarthDial_4B_Methane_UHI']. Semaphore: None. global_counter: 0
2025-12-24 12:40:55 | INFO | model_worker | Send heart beat. Models: ['EarthDial_4B_Methane_UHI']. Semaphore: None. global_counter: 0
2025-12-24 12:41:10 | INFO | model_worker | Send heart beat. Models: ['EarthDial_4B_Methane_UHI']. Semaphore: None. global_counter: 0
2025-12-24 12:41:25 | INFO | model_worker | Send heart beat. Models: ['EarthDial_4B_Methane_UHI']. Semaphore: None. global_counter: 0
2025-12-24 12:41:40 | INFO | model_worker | Send heart beat. Models: ['EarthDial_4B_Methane_UHI']. Semaphore: None. global_counter: 0
2025-12-24 12:41:55 | INFO | model_worker | Send heart beat. Models: ['EarthDial_4B_Methane_UHI']. Semaphore: None. global_counter: 0
2025-12-24 12:42:10 | INFO | model_worker | Send heart beat. Models: ['EarthDial_4B_Methane_UHI']. Semaphore: None. global_counter: 0
2025-12-24 12:42:25 | INFO | model_worker | Send heart beat. Models: ['EarthDial_4B_Methane_UHI']. Semaphore: None. global_counter: 0
2025-12-24 12:42:40 | INFO | model_worker | Send heart beat. Models: ['EarthDial_4B_Methane_UHI']. Semaphore: None. global_counter: 0
2025-12-24 12:42:55 | INFO | model_worker | Send heart beat. Models: ['EarthDial_4B_Methane_UHI']. Semaphore: None. global_counter: 0
2025-12-24 12:43:10 | INFO | model_worker | Send heart beat. Models: ['EarthDial_4B_Methane_UHI']. Semaphore: None. global_counter: 0
2025-12-24 12:43:25 | INFO | model_worker | Send heart beat. Models: ['EarthDial_4B_Methane_UHI']. Semaphore: None. global_counter: 0
2025-12-24 12:43:40 | INFO | model_worker | Send heart beat. Models: ['EarthDial_4B_Methane_UHI']. Semaphore: None. global_counter: 0
2025-12-24 12:43:55 | INFO | model_worker | Send heart beat. Models: ['EarthDial_4B_Methane_UHI']. Semaphore: None. global_counter: 0
2025-12-24 12:44:10 | INFO | model_worker | Send heart beat. Models: ['EarthDial_4B_Methane_UHI']. Semaphore: None. global_counter: 0
2025-12-24 12:44:25 | INFO | model_worker | Send heart beat. Models: ['EarthDial_4B_Methane_UHI']. Semaphore: None. global_counter: 0
2025-12-24 12:44:40 | INFO | model_worker | Send heart beat. Models: ['EarthDial_4B_Methane_UHI']. Semaphore: None. global_counter: 0
2025-12-24 12:44:55 | INFO | model_worker | Send heart beat. Models: ['EarthDial_4B_Methane_UHI']. Semaphore: None. global_counter: 0
2025-12-24 12:45:10 | INFO | model_worker | Send heart beat. Models: ['EarthDial_4B_Methane_UHI']. Semaphore: None. global_counter: 0
2025-12-24 12:45:26 | INFO | model_worker | Send heart beat. Models: ['EarthDial_4B_Methane_UHI']. Semaphore: None. global_counter: 0
2025-12-24 12:45:41 | INFO | model_worker | Send heart beat. Models: ['EarthDial_4B_Methane_UHI']. Semaphore: None. global_counter: 0
2025-12-24 12:45:56 | INFO | model_worker | Send heart beat. Models: ['EarthDial_4B_Methane_UHI']. Semaphore: None. global_counter: 0
2025-12-24 12:46:11 | INFO | model_worker | Send heart beat. Models: ['EarthDial_4B_Methane_UHI']. Semaphore: None. global_counter: 0
2025-12-24 12:46:26 | INFO | model_worker | Send heart beat. Models: ['EarthDial_4B_Methane_UHI']. Semaphore: None. global_counter: 0
2025-12-24 12:46:41 | INFO | model_worker | Send heart beat. Models: ['EarthDial_4B_Methane_UHI']. Semaphore: None. global_counter: 0
2025-12-24 12:46:56 | INFO | model_worker | Send heart beat. Models: ['EarthDial_4B_Methane_UHI']. Semaphore: None. global_counter: 0
2025-12-24 12:47:11 | INFO | model_worker | Send heart beat. Models: ['EarthDial_4B_Methane_UHI']. Semaphore: None. global_counter: 0
2025-12-24 12:47:26 | INFO | model_worker | Send heart beat. Models: ['EarthDial_4B_Methane_UHI']. Semaphore: None. global_counter: 0
2025-12-24 12:47:41 | INFO | model_worker | Send heart beat. Models: ['EarthDial_4B_Methane_UHI']. Semaphore: None. global_counter: 0
2025-12-24 12:47:56 | INFO | model_worker | Send heart beat. Models: ['EarthDial_4B_Methane_UHI']. Semaphore: None. global_counter: 0
2025-12-24 12:48:11 | INFO | model_worker | Send heart beat. Models: ['EarthDial_4B_Methane_UHI']. Semaphore: None. global_counter: 0
2025-12-24 12:48:26 | INFO | model_worker | Send heart beat. Models: ['EarthDial_4B_Methane_UHI']. Semaphore: None. global_counter: 0
2025-12-24 12:48:41 | INFO | model_worker | Send heart beat. Models: ['EarthDial_4B_Methane_UHI']. Semaphore: None. global_counter: 0
2025-12-24 12:48:56 | INFO | model_worker | Send heart beat. Models: ['EarthDial_4B_Methane_UHI']. Semaphore: None. global_counter: 0
2025-12-24 12:49:11 | INFO | model_worker | Send heart beat. Models: ['EarthDial_4B_Methane_UHI']. Semaphore: None. global_counter: 0
2025-12-24 12:49:26 | INFO | model_worker | Send heart beat. Models: ['EarthDial_4B_Methane_UHI']. Semaphore: None. global_counter: 0
2025-12-24 12:49:41 | INFO | model_worker | Send heart beat. Models: ['EarthDial_4B_Methane_UHI']. Semaphore: None. global_counter: 0
2025-12-24 12:49:56 | INFO | model_worker | Send heart beat. Models: ['EarthDial_4B_Methane_UHI']. Semaphore: None. global_counter: 0
2025-12-24 12:50:11 | INFO | model_worker | Send heart beat. Models: ['EarthDial_4B_Methane_UHI']. Semaphore: None. global_counter: 0
2025-12-24 12:50:26 | INFO | model_worker | Send heart beat. Models: ['EarthDial_4B_Methane_UHI']. Semaphore: None. global_counter: 0
2025-12-24 12:50:41 | INFO | model_worker | Send heart beat. Models: ['EarthDial_4B_Methane_UHI']. Semaphore: None. global_counter: 0
2025-12-24 12:50:56 | INFO | model_worker | Send heart beat. Models: ['EarthDial_4B_Methane_UHI']. Semaphore: None. global_counter: 0
2025-12-24 12:51:11 | INFO | model_worker | Send heart beat. Models: ['EarthDial_4B_Methane_UHI']. Semaphore: None. global_counter: 0
2025-12-24 12:51:26 | INFO | model_worker | Send heart beat. Models: ['EarthDial_4B_Methane_UHI']. Semaphore: None. global_counter: 0
2025-12-24 12:51:41 | INFO | model_worker | Send heart beat. Models: ['EarthDial_4B_Methane_UHI']. Semaphore: None. global_counter: 0
2025-12-24 12:51:56 | INFO | model_worker | Send heart beat. Models: ['EarthDial_4B_Methane_UHI']. Semaphore: None. global_counter: 0
2025-12-24 12:52:11 | INFO | model_worker | Send heart beat. Models: ['EarthDial_4B_Methane_UHI']. Semaphore: None. global_counter: 0
2025-12-24 12:52:26 | INFO | model_worker | Send heart beat. Models: ['EarthDial_4B_Methane_UHI']. Semaphore: None. global_counter: 0
2025-12-24 12:52:41 | INFO | model_worker | Send heart beat. Models: ['EarthDial_4B_Methane_UHI']. Semaphore: None. global_counter: 0
2025-12-24 12:52:56 | INFO | model_worker | Send heart beat. Models: ['EarthDial_4B_Methane_UHI']. Semaphore: None. global_counter: 0
2025-12-24 12:53:11 | INFO | model_worker | Send heart beat. Models: ['EarthDial_4B_Methane_UHI']. Semaphore: None. global_counter: 0
2025-12-24 12:53:26 | INFO | model_worker | Send heart beat. Models: ['EarthDial_4B_Methane_UHI']. Semaphore: None. global_counter: 0
2025-12-24 12:53:41 | INFO | model_worker | Send heart beat. Models: ['EarthDial_4B_Methane_UHI']. Semaphore: None. global_counter: 0
2025-12-24 12:53:56 | INFO | model_worker | Send heart beat. Models: ['EarthDial_4B_Methane_UHI']. Semaphore: None. global_counter: 0
2025-12-24 12:54:11 | INFO | model_worker | Send heart beat. Models: ['EarthDial_4B_Methane_UHI']. Semaphore: None. global_counter: 0
2025-12-24 12:54:26 | INFO | model_worker | Send heart beat. Models: ['EarthDial_4B_Methane_UHI']. Semaphore: None. global_counter: 0
2025-12-24 12:54:41 | INFO | model_worker | Send heart beat. Models: ['EarthDial_4B_Methane_UHI']. Semaphore: None. global_counter: 0
2025-12-24 12:54:56 | INFO | model_worker | Send heart beat. Models: ['EarthDial_4B_Methane_UHI']. Semaphore: None. global_counter: 0
2025-12-24 12:55:11 | INFO | model_worker | Send heart beat. Models: ['EarthDial_4B_Methane_UHI']. Semaphore: None. global_counter: 0
2025-12-24 12:55:26 | INFO | model_worker | Send heart beat. Models: ['EarthDial_4B_Methane_UHI']. Semaphore: None. global_counter: 0
2025-12-24 12:55:41 | INFO | model_worker | Send heart beat. Models: ['EarthDial_4B_Methane_UHI']. Semaphore: None. global_counter: 0
2025-12-24 12:55:56 | INFO | model_worker | Send heart beat. Models: ['EarthDial_4B_Methane_UHI']. Semaphore: None. global_counter: 0
2025-12-24 12:56:11 | INFO | model_worker | Send heart beat. Models: ['EarthDial_4B_Methane_UHI']. Semaphore: None. global_counter: 0
2025-12-24 12:56:26 | INFO | model_worker | Send heart beat. Models: ['EarthDial_4B_Methane_UHI']. Semaphore: None. global_counter: 0
2025-12-24 12:56:41 | INFO | model_worker | Send heart beat. Models: ['EarthDial_4B_Methane_UHI']. Semaphore: None. global_counter: 0
2025-12-24 12:56:56 | INFO | model_worker | Send heart beat. Models: ['EarthDial_4B_Methane_UHI']. Semaphore: None. global_counter: 0
2025-12-24 12:57:12 | INFO | model_worker | Send heart beat. Models: ['EarthDial_4B_Methane_UHI']. Semaphore: None. global_counter: 0
2025-12-24 12:57:27 | INFO | model_worker | Send heart beat. Models: ['EarthDial_4B_Methane_UHI']. Semaphore: None. global_counter: 0
2025-12-24 12:57:42 | INFO | model_worker | Send heart beat. Models: ['EarthDial_4B_Methane_UHI']. Semaphore: None. global_counter: 0
2025-12-24 12:57:57 | INFO | model_worker | Send heart beat. Models: ['EarthDial_4B_Methane_UHI']. Semaphore: None. global_counter: 0
2025-12-24 12:58:12 | INFO | model_worker | Send heart beat. Models: ['EarthDial_4B_Methane_UHI']. Semaphore: None. global_counter: 0
2025-12-24 12:58:27 | INFO | model_worker | Send heart beat. Models: ['EarthDial_4B_Methane_UHI']. Semaphore: None. global_counter: 0
2025-12-24 12:58:42 | INFO | model_worker | Send heart beat. Models: ['EarthDial_4B_Methane_UHI']. Semaphore: None. global_counter: 0
2025-12-24 12:58:57 | INFO | model_worker | Send heart beat. Models: ['EarthDial_4B_Methane_UHI']. Semaphore: None. global_counter: 0
2025-12-24 12:59:12 | INFO | model_worker | Send heart beat. Models: ['EarthDial_4B_Methane_UHI']. Semaphore: None. global_counter: 0
2025-12-24 12:59:27 | INFO | model_worker | Send heart beat. Models: ['EarthDial_4B_Methane_UHI']. Semaphore: None. global_counter: 0
2025-12-24 12:59:42 | INFO | model_worker | Send heart beat. Models: ['EarthDial_4B_Methane_UHI']. Semaphore: None. global_counter: 0
2025-12-24 12:59:57 | INFO | model_worker | Send heart beat. Models: ['EarthDial_4B_Methane_UHI']. Semaphore: None. global_counter: 0
2025-12-24 13:00:12 | INFO | model_worker | Send heart beat. Models: ['EarthDial_4B_Methane_UHI']. Semaphore: None. global_counter: 0
2025-12-24 13:00:27 | INFO | model_worker | Send heart beat. Models: ['EarthDial_4B_Methane_UHI']. Semaphore: None. global_counter: 0
2025-12-24 13:00:42 | INFO | model_worker | Send heart beat. Models: ['EarthDial_4B_Methane_UHI']. Semaphore: None. global_counter: 0
2025-12-24 13:00:57 | INFO | model_worker | Send heart beat. Models: ['EarthDial_4B_Methane_UHI']. Semaphore: None. global_counter: 0
2025-12-24 13:01:12 | INFO | model_worker | Send heart beat. Models: ['EarthDial_4B_Methane_UHI']. Semaphore: None. global_counter: 0
2025-12-24 13:01:27 | INFO | model_worker | Send heart beat. Models: ['EarthDial_4B_Methane_UHI']. Semaphore: None. global_counter: 0
2025-12-24 13:01:42 | INFO | model_worker | Send heart beat. Models: ['EarthDial_4B_Methane_UHI']. Semaphore: None. global_counter: 0
2025-12-24 13:01:57 | INFO | model_worker | Send heart beat. Models: ['EarthDial_4B_Methane_UHI']. Semaphore: None. global_counter: 0
2025-12-24 13:02:12 | INFO | model_worker | Send heart beat. Models: ['EarthDial_4B_Methane_UHI']. Semaphore: None. global_counter: 0
2025-12-24 13:02:27 | INFO | model_worker | Send heart beat. Models: ['EarthDial_4B_Methane_UHI']. Semaphore: None. global_counter: 0
2025-12-24 13:02:42 | INFO | model_worker | Send heart beat. Models: ['EarthDial_4B_Methane_UHI']. Semaphore: None. global_counter: 0
2025-12-24 13:02:57 | INFO | model_worker | Send heart beat. Models: ['EarthDial_4B_Methane_UHI']. Semaphore: None. global_counter: 0
2025-12-24 13:03:12 | INFO | model_worker | Send heart beat. Models: ['EarthDial_4B_Methane_UHI']. Semaphore: None. global_counter: 0
2025-12-24 13:03:27 | INFO | model_worker | Send heart beat. Models: ['EarthDial_4B_Methane_UHI']. Semaphore: None. global_counter: 0
2025-12-24 13:03:42 | INFO | model_worker | Send heart beat. Models: ['EarthDial_4B_Methane_UHI']. Semaphore: None. global_counter: 0
2025-12-24 13:03:57 | INFO | model_worker | Send heart beat. Models: ['EarthDial_4B_Methane_UHI']. Semaphore: None. global_counter: 0
2025-12-24 13:04:12 | INFO | model_worker | Send heart beat. Models: ['EarthDial_4B_Methane_UHI']. Semaphore: None. global_counter: 0
2025-12-24 13:04:27 | INFO | model_worker | Send heart beat. Models: ['EarthDial_4B_Methane_UHI']. Semaphore: None. global_counter: 0
2025-12-24 13:04:42 | INFO | model_worker | Send heart beat. Models: ['EarthDial_4B_Methane_UHI']. Semaphore: None. global_counter: 0
2025-12-24 13:04:57 | INFO | model_worker | Send heart beat. Models: ['EarthDial_4B_Methane_UHI']. Semaphore: None. global_counter: 0
2025-12-24 13:05:12 | INFO | model_worker | Send heart beat. Models: ['EarthDial_4B_Methane_UHI']. Semaphore: None. global_counter: 0
2025-12-24 13:05:27 | INFO | model_worker | Send heart beat. Models: ['EarthDial_4B_Methane_UHI']. Semaphore: None. global_counter: 0
2025-12-24 13:05:42 | INFO | model_worker | Send heart beat. Models: ['EarthDial_4B_Methane_UHI']. Semaphore: None. global_counter: 0
2025-12-24 13:05:57 | INFO | model_worker | Send heart beat. Models: ['EarthDial_4B_Methane_UHI']. Semaphore: None. global_counter: 0
2025-12-24 13:06:12 | INFO | model_worker | Send heart beat. Models: ['EarthDial_4B_Methane_UHI']. Semaphore: None. global_counter: 0
2025-12-24 13:06:27 | INFO | model_worker | Send heart beat. Models: ['EarthDial_4B_Methane_UHI']. Semaphore: None. global_counter: 0
2025-12-24 13:06:42 | INFO | model_worker | Send heart beat. Models: ['EarthDial_4B_Methane_UHI']. Semaphore: None. global_counter: 0
2025-12-24 13:06:57 | INFO | model_worker | Send heart beat. Models: ['EarthDial_4B_Methane_UHI']. Semaphore: None. global_counter: 0
2025-12-24 13:07:12 | INFO | model_worker | Send heart beat. Models: ['EarthDial_4B_Methane_UHI']. Semaphore: None. global_counter: 0
2025-12-24 13:07:27 | INFO | model_worker | Send heart beat. Models: ['EarthDial_4B_Methane_UHI']. Semaphore: None. global_counter: 0
2025-12-24 13:07:42 | INFO | model_worker | Send heart beat. Models: ['EarthDial_4B_Methane_UHI']. Semaphore: None. global_counter: 0
2025-12-24 13:07:57 | INFO | model_worker | Send heart beat. Models: ['EarthDial_4B_Methane_UHI']. Semaphore: None. global_counter: 0
2025-12-24 13:08:12 | INFO | model_worker | Send heart beat. Models: ['EarthDial_4B_Methane_UHI']. Semaphore: None. global_counter: 0
2025-12-24 13:08:27 | INFO | model_worker | Send heart beat. Models: ['EarthDial_4B_Methane_UHI']. Semaphore: None. global_counter: 0
2025-12-24 13:08:42 | INFO | model_worker | Send heart beat. Models: ['EarthDial_4B_Methane_UHI']. Semaphore: None. global_counter: 0
2025-12-24 13:08:57 | INFO | model_worker | Send heart beat. Models: ['EarthDial_4B_Methane_UHI']. Semaphore: None. global_counter: 0
2025-12-24 13:09:12 | INFO | model_worker | Send heart beat. Models: ['EarthDial_4B_Methane_UHI']. Semaphore: None. global_counter: 0
2025-12-24 13:09:28 | INFO | model_worker | Send heart beat. Models: ['EarthDial_4B_Methane_UHI']. Semaphore: None. global_counter: 0
2025-12-24 13:09:43 | INFO | model_worker | Send heart beat. Models: ['EarthDial_4B_Methane_UHI']. Semaphore: None. global_counter: 0
2025-12-24 13:09:58 | INFO | model_worker | Send heart beat. Models: ['EarthDial_4B_Methane_UHI']. Semaphore: None. global_counter: 0
2025-12-24 13:10:13 | INFO | model_worker | Send heart beat. Models: ['EarthDial_4B_Methane_UHI']. Semaphore: None. global_counter: 0
2025-12-24 13:10:28 | INFO | model_worker | Send heart beat. Models: ['EarthDial_4B_Methane_UHI']. Semaphore: None. global_counter: 0
2025-12-24 13:10:43 | INFO | model_worker | Send heart beat. Models: ['EarthDial_4B_Methane_UHI']. Semaphore: None. global_counter: 0
2025-12-24 13:10:58 | INFO | model_worker | Send heart beat. Models: ['EarthDial_4B_Methane_UHI']. Semaphore: None. global_counter: 0
2025-12-24 13:11:13 | INFO | model_worker | Send heart beat. Models: ['EarthDial_4B_Methane_UHI']. Semaphore: None. global_counter: 0
2025-12-24 13:11:28 | INFO | model_worker | Send heart beat. Models: ['EarthDial_4B_Methane_UHI']. Semaphore: None. global_counter: 0
2025-12-24 13:11:43 | INFO | model_worker | Send heart beat. Models: ['EarthDial_4B_Methane_UHI']. Semaphore: None. global_counter: 0
2025-12-24 13:11:58 | INFO | model_worker | Send heart beat. Models: ['EarthDial_4B_Methane_UHI']. Semaphore: None. global_counter: 0
2025-12-24 13:12:13 | INFO | model_worker | Send heart beat. Models: ['EarthDial_4B_Methane_UHI']. Semaphore: None. global_counter: 0
2025-12-24 13:12:28 | INFO | model_worker | Send heart beat. Models: ['EarthDial_4B_Methane_UHI']. Semaphore: None. global_counter: 0
2025-12-24 13:12:43 | INFO | model_worker | Send heart beat. Models: ['EarthDial_4B_Methane_UHI']. Semaphore: None. global_counter: 0
2025-12-24 13:12:58 | INFO | model_worker | Send heart beat. Models: ['EarthDial_4B_Methane_UHI']. Semaphore: None. global_counter: 0
2025-12-24 13:13:13 | INFO | model_worker | Send heart beat. Models: ['EarthDial_4B_Methane_UHI']. Semaphore: None. global_counter: 0
2025-12-24 13:13:28 | INFO | model_worker | Send heart beat. Models: ['EarthDial_4B_Methane_UHI']. Semaphore: None. global_counter: 0
2025-12-24 13:13:43 | INFO | model_worker | Send heart beat. Models: ['EarthDial_4B_Methane_UHI']. Semaphore: None. global_counter: 0
2025-12-24 13:13:58 | INFO | model_worker | Send heart beat. Models: ['EarthDial_4B_Methane_UHI']. Semaphore: None. global_counter: 0
2025-12-24 13:14:13 | INFO | model_worker | Send heart beat. Models: ['EarthDial_4B_Methane_UHI']. Semaphore: None. global_counter: 0
2025-12-24 13:14:28 | INFO | model_worker | Send heart beat. Models: ['EarthDial_4B_Methane_UHI']. Semaphore: None. global_counter: 0
2025-12-24 13:14:43 | INFO | model_worker | Send heart beat. Models: ['EarthDial_4B_Methane_UHI']. Semaphore: None. global_counter: 0
2025-12-24 13:14:58 | INFO | model_worker | Send heart beat. Models: ['EarthDial_4B_Methane_UHI']. Semaphore: None. global_counter: 0
2025-12-24 13:15:13 | INFO | model_worker | Send heart beat. Models: ['EarthDial_4B_Methane_UHI']. Semaphore: None. global_counter: 0
2025-12-24 13:15:28 | INFO | model_worker | Send heart beat. Models: ['EarthDial_4B_Methane_UHI']. Semaphore: None. global_counter: 0
2025-12-24 13:15:43 | INFO | model_worker | Send heart beat. Models: ['EarthDial_4B_Methane_UHI']. Semaphore: None. global_counter: 0
2025-12-24 13:15:58 | INFO | model_worker | Send heart beat. Models: ['EarthDial_4B_Methane_UHI']. Semaphore: None. global_counter: 0
2025-12-24 13:16:13 | INFO | model_worker | Send heart beat. Models: ['EarthDial_4B_Methane_UHI']. Semaphore: None. global_counter: 0
2025-12-24 13:16:28 | INFO | model_worker | Send heart beat. Models: ['EarthDial_4B_Methane_UHI']. Semaphore: None. global_counter: 0
2025-12-24 13:16:43 | INFO | model_worker | Send heart beat. Models: ['EarthDial_4B_Methane_UHI']. Semaphore: None. global_counter: 0
2025-12-24 13:16:58 | INFO | model_worker | Send heart beat. Models: ['EarthDial_4B_Methane_UHI']. Semaphore: None. global_counter: 0
2025-12-24 13:17:13 | INFO | model_worker | Send heart beat. Models: ['EarthDial_4B_Methane_UHI']. Semaphore: None. global_counter: 0
2025-12-24 13:17:28 | INFO | model_worker | Send heart beat. Models: ['EarthDial_4B_Methane_UHI']. Semaphore: None. global_counter: 0
2025-12-24 13:17:43 | INFO | model_worker | Send heart beat. Models: ['EarthDial_4B_Methane_UHI']. Semaphore: None. global_counter: 0
2025-12-24 13:17:58 | INFO | model_worker | Send heart beat. Models: ['EarthDial_4B_Methane_UHI']. Semaphore: None. global_counter: 0
2025-12-24 13:18:13 | INFO | model_worker | Send heart beat. Models: ['EarthDial_4B_Methane_UHI']. Semaphore: None. global_counter: 0
2025-12-24 13:18:28 | INFO | model_worker | Send heart beat. Models: ['EarthDial_4B_Methane_UHI']. Semaphore: None. global_counter: 0
2025-12-24 13:18:43 | INFO | model_worker | Send heart beat. Models: ['EarthDial_4B_Methane_UHI']. Semaphore: None. global_counter: 0
2025-12-24 13:18:58 | INFO | model_worker | Send heart beat. Models: ['EarthDial_4B_Methane_UHI']. Semaphore: None. global_counter: 0
2025-12-24 13:19:13 | INFO | model_worker | Send heart beat. Models: ['EarthDial_4B_Methane_UHI']. Semaphore: None. global_counter: 0
2025-12-24 13:19:28 | INFO | model_worker | Send heart beat. Models: ['EarthDial_4B_Methane_UHI']. Semaphore: None. global_counter: 0
2025-12-24 13:19:43 | INFO | model_worker | Send heart beat. Models: ['EarthDial_4B_Methane_UHI']. Semaphore: None. global_counter: 0
2025-12-24 13:19:58 | INFO | model_worker | Send heart beat. Models: ['EarthDial_4B_Methane_UHI']. Semaphore: None. global_counter: 0
2025-12-24 13:20:13 | INFO | model_worker | Send heart beat. Models: ['EarthDial_4B_Methane_UHI']. Semaphore: None. global_counter: 0
2025-12-24 13:20:28 | INFO | model_worker | Send heart beat. Models: ['EarthDial_4B_Methane_UHI']. Semaphore: None. global_counter: 0
2025-12-24 13:20:43 | INFO | model_worker | Send heart beat. Models: ['EarthDial_4B_Methane_UHI']. Semaphore: None. global_counter: 0
2025-12-24 13:20:58 | INFO | model_worker | Send heart beat. Models: ['EarthDial_4B_Methane_UHI']. Semaphore: None. global_counter: 0
2025-12-24 13:21:13 | INFO | model_worker | Send heart beat. Models: ['EarthDial_4B_Methane_UHI']. Semaphore: None. global_counter: 0
2025-12-24 13:21:29 | INFO | model_worker | Send heart beat. Models: ['EarthDial_4B_Methane_UHI']. Semaphore: None. global_counter: 0
2025-12-24 13:21:44 | INFO | model_worker | Send heart beat. Models: ['EarthDial_4B_Methane_UHI']. Semaphore: None. global_counter: 0
2025-12-24 13:21:59 | INFO | model_worker | Send heart beat. Models: ['EarthDial_4B_Methane_UHI']. Semaphore: None. global_counter: 0
2025-12-24 13:22:14 | INFO | model_worker | Send heart beat. Models: ['EarthDial_4B_Methane_UHI']. Semaphore: None. global_counter: 0
2025-12-24 13:22:29 | INFO | model_worker | Send heart beat. Models: ['EarthDial_4B_Methane_UHI']. Semaphore: None. global_counter: 0
2025-12-24 13:22:44 | INFO | model_worker | Send heart beat. Models: ['EarthDial_4B_Methane_UHI']. Semaphore: None. global_counter: 0
2025-12-24 13:22:59 | INFO | model_worker | Send heart beat. Models: ['EarthDial_4B_Methane_UHI']. Semaphore: None. global_counter: 0
2025-12-24 13:23:14 | INFO | model_worker | Send heart beat. Models: ['EarthDial_4B_Methane_UHI']. Semaphore: None. global_counter: 0
2025-12-24 13:23:29 | INFO | model_worker | Send heart beat. Models: ['EarthDial_4B_Methane_UHI']. Semaphore: None. global_counter: 0
2025-12-24 13:23:44 | INFO | model_worker | Send heart beat. Models: ['EarthDial_4B_Methane_UHI']. Semaphore: None. global_counter: 0
2025-12-24 13:23:59 | INFO | model_worker | Send heart beat. Models: ['EarthDial_4B_Methane_UHI']. Semaphore: None. global_counter: 0
2025-12-24 13:24:14 | INFO | model_worker | Send heart beat. Models: ['EarthDial_4B_Methane_UHI']. Semaphore: None. global_counter: 0
2025-12-24 13:24:29 | INFO | model_worker | Send heart beat. Models: ['EarthDial_4B_Methane_UHI']. Semaphore: None. global_counter: 0
2025-12-24 13:24:44 | INFO | model_worker | Send heart beat. Models: ['EarthDial_4B_Methane_UHI']. Semaphore: None. global_counter: 0
2025-12-24 13:24:59 | INFO | model_worker | Send heart beat. Models: ['EarthDial_4B_Methane_UHI']. Semaphore: None. global_counter: 0
2025-12-24 13:25:14 | INFO | model_worker | Send heart beat. Models: ['EarthDial_4B_Methane_UHI']. Semaphore: None. global_counter: 0
2025-12-24 13:25:29 | INFO | model_worker | Send heart beat. Models: ['EarthDial_4B_Methane_UHI']. Semaphore: None. global_counter: 0
2025-12-24 13:25:44 | INFO | model_worker | Send heart beat. Models: ['EarthDial_4B_Methane_UHI']. Semaphore: None. global_counter: 0
2025-12-24 13:25:59 | INFO | model_worker | Send heart beat. Models: ['EarthDial_4B_Methane_UHI']. Semaphore: None. global_counter: 0
2025-12-24 13:26:14 | INFO | model_worker | Send heart beat. Models: ['EarthDial_4B_Methane_UHI']. Semaphore: None. global_counter: 0
2025-12-24 13:26:29 | INFO | model_worker | Send heart beat. Models: ['EarthDial_4B_Methane_UHI']. Semaphore: None. global_counter: 0
2025-12-24 13:26:44 | INFO | model_worker | Send heart beat. Models: ['EarthDial_4B_Methane_UHI']. Semaphore: None. global_counter: 0
2025-12-24 13:26:59 | INFO | model_worker | Send heart beat. Models: ['EarthDial_4B_Methane_UHI']. Semaphore: None. global_counter: 0
2025-12-24 13:27:14 | INFO | model_worker | Send heart beat. Models: ['EarthDial_4B_Methane_UHI']. Semaphore: None. global_counter: 0
2025-12-24 13:27:29 | INFO | model_worker | Send heart beat. Models: ['EarthDial_4B_Methane_UHI']. Semaphore: None. global_counter: 0
2025-12-24 13:27:44 | INFO | model_worker | Send heart beat. Models: ['EarthDial_4B_Methane_UHI']. Semaphore: None. global_counter: 0
2025-12-24 13:27:59 | INFO | model_worker | Send heart beat. Models: ['EarthDial_4B_Methane_UHI']. Semaphore: None. global_counter: 0
2025-12-24 13:28:14 | INFO | model_worker | Send heart beat. Models: ['EarthDial_4B_Methane_UHI']. Semaphore: None. global_counter: 0
2025-12-24 13:28:29 | INFO | model_worker | Send heart beat. Models: ['EarthDial_4B_Methane_UHI']. Semaphore: None. global_counter: 0
2025-12-24 13:28:44 | INFO | model_worker | Send heart beat. Models: ['EarthDial_4B_Methane_UHI']. Semaphore: None. global_counter: 0
2025-12-24 13:28:59 | INFO | model_worker | Send heart beat. Models: ['EarthDial_4B_Methane_UHI']. Semaphore: None. global_counter: 0
2025-12-24 13:29:14 | INFO | model_worker | Send heart beat. Models: ['EarthDial_4B_Methane_UHI']. Semaphore: None. global_counter: 0
2025-12-24 13:29:29 | INFO | model_worker | Send heart beat. Models: ['EarthDial_4B_Methane_UHI']. Semaphore: None. global_counter: 0
2025-12-24 13:29:44 | INFO | model_worker | Send heart beat. Models: ['EarthDial_4B_Methane_UHI']. Semaphore: None. global_counter: 0
2025-12-24 13:29:59 | INFO | model_worker | Send heart beat. Models: ['EarthDial_4B_Methane_UHI']. Semaphore: None. global_counter: 0
2025-12-24 13:30:14 | INFO | model_worker | Send heart beat. Models: ['EarthDial_4B_Methane_UHI']. Semaphore: None. global_counter: 0
2025-12-24 13:30:29 | INFO | model_worker | Send heart beat. Models: ['EarthDial_4B_Methane_UHI']. Semaphore: None. global_counter: 0
2025-12-24 13:30:44 | INFO | model_worker | Send heart beat. Models: ['EarthDial_4B_Methane_UHI']. Semaphore: None. global_counter: 0
2025-12-24 13:30:59 | INFO | model_worker | Send heart beat. Models: ['EarthDial_4B_Methane_UHI']. Semaphore: None. global_counter: 0
2025-12-24 13:31:14 | INFO | model_worker | Send heart beat. Models: ['EarthDial_4B_Methane_UHI']. Semaphore: None. global_counter: 0
2025-12-24 13:31:29 | INFO | model_worker | Send heart beat. Models: ['EarthDial_4B_Methane_UHI']. Semaphore: None. global_counter: 0
2025-12-24 13:31:44 | INFO | model_worker | Send heart beat. Models: ['EarthDial_4B_Methane_UHI']. Semaphore: None. global_counter: 0
2025-12-24 13:31:59 | INFO | model_worker | Send heart beat. Models: ['EarthDial_4B_Methane_UHI']. Semaphore: None. global_counter: 0
2025-12-24 13:32:14 | INFO | model_worker | Send heart beat. Models: ['EarthDial_4B_Methane_UHI']. Semaphore: None. global_counter: 0
2025-12-24 13:32:29 | INFO | model_worker | Send heart beat. Models: ['EarthDial_4B_Methane_UHI']. Semaphore: None. global_counter: 0
2025-12-24 13:32:44 | INFO | model_worker | Send heart beat. Models: ['EarthDial_4B_Methane_UHI']. Semaphore: None. global_counter: 0
2025-12-24 13:32:59 | INFO | model_worker | Send heart beat. Models: ['EarthDial_4B_Methane_UHI']. Semaphore: None. global_counter: 0
2025-12-24 13:33:14 | INFO | model_worker | Send heart beat. Models: ['EarthDial_4B_Methane_UHI']. Semaphore: None. global_counter: 0
2025-12-24 13:33:29 | INFO | model_worker | Send heart beat. Models: ['EarthDial_4B_Methane_UHI']. Semaphore: None. global_counter: 0
2025-12-24 13:33:44 | INFO | model_worker | Send heart beat. Models: ['EarthDial_4B_Methane_UHI']. Semaphore: None. global_counter: 0
2025-12-24 13:34:00 | INFO | model_worker | Send heart beat. Models: ['EarthDial_4B_Methane_UHI']. Semaphore: None. global_counter: 0
2025-12-24 13:34:15 | INFO | model_worker | Send heart beat. Models: ['EarthDial_4B_Methane_UHI']. Semaphore: None. global_counter: 0
2025-12-24 13:34:30 | INFO | model_worker | Send heart beat. Models: ['EarthDial_4B_Methane_UHI']. Semaphore: None. global_counter: 0
2025-12-24 13:34:45 | INFO | model_worker | Send heart beat. Models: ['EarthDial_4B_Methane_UHI']. Semaphore: None. global_counter: 0
2025-12-24 13:35:00 | INFO | model_worker | Send heart beat. Models: ['EarthDial_4B_Methane_UHI']. Semaphore: None. global_counter: 0
2025-12-24 13:35:15 | INFO | model_worker | Send heart beat. Models: ['EarthDial_4B_Methane_UHI']. Semaphore: None. global_counter: 0
2025-12-24 13:35:30 | INFO | model_worker | Send heart beat. Models: ['EarthDial_4B_Methane_UHI']. Semaphore: None. global_counter: 0
2025-12-24 13:35:45 | INFO | model_worker | Send heart beat. Models: ['EarthDial_4B_Methane_UHI']. Semaphore: None. global_counter: 0
2025-12-24 13:36:00 | INFO | model_worker | Send heart beat. Models: ['EarthDial_4B_Methane_UHI']. Semaphore: None. global_counter: 0
2025-12-24 13:36:15 | INFO | model_worker | Send heart beat. Models: ['EarthDial_4B_Methane_UHI']. Semaphore: None. global_counter: 0
2025-12-24 13:36:30 | INFO | model_worker | Send heart beat. Models: ['EarthDial_4B_Methane_UHI']. Semaphore: None. global_counter: 0
2025-12-24 13:36:45 | INFO | model_worker | Send heart beat. Models: ['EarthDial_4B_Methane_UHI']. Semaphore: None. global_counter: 0
2025-12-24 13:37:00 | INFO | model_worker | Send heart beat. Models: ['EarthDial_4B_Methane_UHI']. Semaphore: None. global_counter: 0
2025-12-24 13:37:15 | INFO | model_worker | Send heart beat. Models: ['EarthDial_4B_Methane_UHI']. Semaphore: None. global_counter: 0
2025-12-24 13:37:30 | INFO | model_worker | Send heart beat. Models: ['EarthDial_4B_Methane_UHI']. Semaphore: None. global_counter: 0
2025-12-24 13:37:45 | INFO | model_worker | Send heart beat. Models: ['EarthDial_4B_Methane_UHI']. Semaphore: None. global_counter: 0
2025-12-24 13:38:00 | INFO | model_worker | Send heart beat. Models: ['EarthDial_4B_Methane_UHI']. Semaphore: None. global_counter: 0
2025-12-24 13:38:15 | INFO | model_worker | Send heart beat. Models: ['EarthDial_4B_Methane_UHI']. Semaphore: None. global_counter: 0
2025-12-24 13:38:30 | INFO | model_worker | Send heart beat. Models: ['EarthDial_4B_Methane_UHI']. Semaphore: None. global_counter: 0
2025-12-24 13:38:45 | INFO | model_worker | Send heart beat. Models: ['EarthDial_4B_Methane_UHI']. Semaphore: None. global_counter: 0
2025-12-24 13:39:00 | INFO | model_worker | Send heart beat. Models: ['EarthDial_4B_Methane_UHI']. Semaphore: None. global_counter: 0
2025-12-24 13:39:15 | INFO | model_worker | Send heart beat. Models: ['EarthDial_4B_Methane_UHI']. Semaphore: None. global_counter: 0
2025-12-24 13:39:30 | INFO | model_worker | Send heart beat. Models: ['EarthDial_4B_Methane_UHI']. Semaphore: None. global_counter: 0
2025-12-24 13:39:45 | INFO | model_worker | Send heart beat. Models: ['EarthDial_4B_Methane_UHI']. Semaphore: None. global_counter: 0
2025-12-24 13:40:00 | INFO | model_worker | Send heart beat. Models: ['EarthDial_4B_Methane_UHI']. Semaphore: None. global_counter: 0
2025-12-24 13:40:15 | INFO | model_worker | Send heart beat. Models: ['EarthDial_4B_Methane_UHI']. Semaphore: None. global_counter: 0
2025-12-24 13:40:30 | INFO | model_worker | Send heart beat. Models: ['EarthDial_4B_Methane_UHI']. Semaphore: None. global_counter: 0
2025-12-24 13:40:45 | INFO | model_worker | Send heart beat. Models: ['EarthDial_4B_Methane_UHI']. Semaphore: None. global_counter: 0
2025-12-24 13:41:00 | INFO | model_worker | Send heart beat. Models: ['EarthDial_4B_Methane_UHI']. Semaphore: None. global_counter: 0
2025-12-24 13:41:15 | INFO | model_worker | Send heart beat. Models: ['EarthDial_4B_Methane_UHI']. Semaphore: None. global_counter: 0
2025-12-24 13:41:30 | INFO | model_worker | Send heart beat. Models: ['EarthDial_4B_Methane_UHI']. Semaphore: None. global_counter: 0
2025-12-24 13:41:45 | INFO | model_worker | Send heart beat. Models: ['EarthDial_4B_Methane_UHI']. Semaphore: None. global_counter: 0
2025-12-24 13:42:00 | INFO | model_worker | Send heart beat. Models: ['EarthDial_4B_Methane_UHI']. Semaphore: None. global_counter: 0
2025-12-24 13:42:15 | INFO | model_worker | Send heart beat. Models: ['EarthDial_4B_Methane_UHI']. Semaphore: None. global_counter: 0
2025-12-24 13:42:30 | INFO | model_worker | Send heart beat. Models: ['EarthDial_4B_Methane_UHI']. Semaphore: None. global_counter: 0
2025-12-24 13:42:45 | INFO | model_worker | Send heart beat. Models: ['EarthDial_4B_Methane_UHI']. Semaphore: None. global_counter: 0
2025-12-24 13:43:00 | INFO | model_worker | Send heart beat. Models: ['EarthDial_4B_Methane_UHI']. Semaphore: None. global_counter: 0
2025-12-24 13:43:15 | INFO | model_worker | Send heart beat. Models: ['EarthDial_4B_Methane_UHI']. Semaphore: None. global_counter: 0
2025-12-24 13:43:30 | INFO | model_worker | Send heart beat. Models: ['EarthDial_4B_Methane_UHI']. Semaphore: None. global_counter: 0
2025-12-24 13:43:45 | INFO | model_worker | Send heart beat. Models: ['EarthDial_4B_Methane_UHI']. Semaphore: None. global_counter: 0
2025-12-24 13:44:00 | INFO | model_worker | Send heart beat. Models: ['EarthDial_4B_Methane_UHI']. Semaphore: None. global_counter: 0
2025-12-24 13:44:15 | INFO | model_worker | Send heart beat. Models: ['EarthDial_4B_Methane_UHI']. Semaphore: None. global_counter: 0
2025-12-24 13:44:30 | INFO | model_worker | Send heart beat. Models: ['EarthDial_4B_Methane_UHI']. Semaphore: None. global_counter: 0
2025-12-24 13:44:45 | INFO | model_worker | Send heart beat. Models: ['EarthDial_4B_Methane_UHI']. Semaphore: None. global_counter: 0
2025-12-24 13:45:00 | INFO | model_worker | Send heart beat. Models: ['EarthDial_4B_Methane_UHI']. Semaphore: None. global_counter: 0
2025-12-24 13:45:15 | INFO | model_worker | Send heart beat. Models: ['EarthDial_4B_Methane_UHI']. Semaphore: None. global_counter: 0
2025-12-24 13:45:30 | INFO | model_worker | Send heart beat. Models: ['EarthDial_4B_Methane_UHI']. Semaphore: None. global_counter: 0
2025-12-24 13:45:45 | INFO | model_worker | Send heart beat. Models: ['EarthDial_4B_Methane_UHI']. Semaphore: None. global_counter: 0
2025-12-24 13:46:00 | INFO | model_worker | Send heart beat. Models: ['EarthDial_4B_Methane_UHI']. Semaphore: None. global_counter: 0
2025-12-24 13:46:15 | INFO | model_worker | Send heart beat. Models: ['EarthDial_4B_Methane_UHI']. Semaphore: None. global_counter: 0
2025-12-24 13:46:31 | INFO | model_worker | Send heart beat. Models: ['EarthDial_4B_Methane_UHI']. Semaphore: None. global_counter: 0
2025-12-24 13:46:46 | INFO | model_worker | Send heart beat. Models: ['EarthDial_4B_Methane_UHI']. Semaphore: None. global_counter: 0
2025-12-24 13:47:01 | INFO | model_worker | Send heart beat. Models: ['EarthDial_4B_Methane_UHI']. Semaphore: None. global_counter: 0
2025-12-24 13:47:16 | INFO | model_worker | Send heart beat. Models: ['EarthDial_4B_Methane_UHI']. Semaphore: None. global_counter: 0
2025-12-24 13:47:31 | INFO | model_worker | Send heart beat. Models: ['EarthDial_4B_Methane_UHI']. Semaphore: None. global_counter: 0
2025-12-24 13:47:46 | INFO | model_worker | Send heart beat. Models: ['EarthDial_4B_Methane_UHI']. Semaphore: None. global_counter: 0
2025-12-24 13:48:01 | INFO | model_worker | Send heart beat. Models: ['EarthDial_4B_Methane_UHI']. Semaphore: None. global_counter: 0
2025-12-24 13:48:16 | INFO | model_worker | Send heart beat. Models: ['EarthDial_4B_Methane_UHI']. Semaphore: None. global_counter: 0
2025-12-24 13:48:31 | INFO | model_worker | Send heart beat. Models: ['EarthDial_4B_Methane_UHI']. Semaphore: None. global_counter: 0
2025-12-24 13:48:46 | INFO | model_worker | Send heart beat. Models: ['EarthDial_4B_Methane_UHI']. Semaphore: None. global_counter: 0
2025-12-24 13:49:01 | INFO | model_worker | Send heart beat. Models: ['EarthDial_4B_Methane_UHI']. Semaphore: None. global_counter: 0
2025-12-24 13:49:16 | INFO | model_worker | Send heart beat. Models: ['EarthDial_4B_Methane_UHI']. Semaphore: None. global_counter: 0
2025-12-24 13:49:31 | INFO | model_worker | Send heart beat. Models: ['EarthDial_4B_Methane_UHI']. Semaphore: None. global_counter: 0
2025-12-24 13:49:46 | INFO | model_worker | Send heart beat. Models: ['EarthDial_4B_Methane_UHI']. Semaphore: None. global_counter: 0
2025-12-24 13:50:01 | INFO | model_worker | Send heart beat. Models: ['EarthDial_4B_Methane_UHI']. Semaphore: None. global_counter: 0
2025-12-24 13:50:16 | INFO | model_worker | Send heart beat. Models: ['EarthDial_4B_Methane_UHI']. Semaphore: None. global_counter: 0
2025-12-24 13:50:31 | INFO | model_worker | Send heart beat. Models: ['EarthDial_4B_Methane_UHI']. Semaphore: None. global_counter: 0
2025-12-24 13:50:46 | INFO | model_worker | Send heart beat. Models: ['EarthDial_4B_Methane_UHI']. Semaphore: None. global_counter: 0
2025-12-24 13:51:01 | INFO | model_worker | Send heart beat. Models: ['EarthDial_4B_Methane_UHI']. Semaphore: None. global_counter: 0
2025-12-24 13:51:16 | INFO | model_worker | Send heart beat. Models: ['EarthDial_4B_Methane_UHI']. Semaphore: None. global_counter: 0
2025-12-24 13:51:31 | INFO | model_worker | Send heart beat. Models: ['EarthDial_4B_Methane_UHI']. Semaphore: None. global_counter: 0
2025-12-24 13:51:46 | INFO | model_worker | Send heart beat. Models: ['EarthDial_4B_Methane_UHI']. Semaphore: None. global_counter: 0
2025-12-24 13:52:01 | INFO | model_worker | Send heart beat. Models: ['EarthDial_4B_Methane_UHI']. Semaphore: None. global_counter: 0
2025-12-24 13:52:16 | INFO | model_worker | Send heart beat. Models: ['EarthDial_4B_Methane_UHI']. Semaphore: None. global_counter: 0
2025-12-24 13:52:31 | INFO | model_worker | Send heart beat. Models: ['EarthDial_4B_Methane_UHI']. Semaphore: None. global_counter: 0
2025-12-24 13:52:46 | INFO | model_worker | Send heart beat. Models: ['EarthDial_4B_Methane_UHI']. Semaphore: None. global_counter: 0
2025-12-24 13:53:01 | INFO | model_worker | Send heart beat. Models: ['EarthDial_4B_Methane_UHI']. Semaphore: None. global_counter: 0
2025-12-24 13:53:16 | INFO | model_worker | Send heart beat. Models: ['EarthDial_4B_Methane_UHI']. Semaphore: None. global_counter: 0
2025-12-24 13:53:31 | INFO | model_worker | Send heart beat. Models: ['EarthDial_4B_Methane_UHI']. Semaphore: None. global_counter: 0
2025-12-24 13:53:46 | INFO | model_worker | Send heart beat. Models: ['EarthDial_4B_Methane_UHI']. Semaphore: None. global_counter: 0
2025-12-24 13:54:01 | INFO | model_worker | Send heart beat. Models: ['EarthDial_4B_Methane_UHI']. Semaphore: None. global_counter: 0
2025-12-24 13:54:16 | INFO | model_worker | Send heart beat. Models: ['EarthDial_4B_Methane_UHI']. Semaphore: None. global_counter: 0
2025-12-24 13:54:31 | INFO | model_worker | Send heart beat. Models: ['EarthDial_4B_Methane_UHI']. Semaphore: None. global_counter: 0
2025-12-24 13:54:46 | INFO | model_worker | Send heart beat. Models: ['EarthDial_4B_Methane_UHI']. Semaphore: None. global_counter: 0
2025-12-24 13:55:01 | INFO | model_worker | Send heart beat. Models: ['EarthDial_4B_Methane_UHI']. Semaphore: None. global_counter: 0
2025-12-24 13:55:16 | INFO | model_worker | Send heart beat. Models: ['EarthDial_4B_Methane_UHI']. Semaphore: None. global_counter: 0
2025-12-24 13:55:31 | INFO | model_worker | Send heart beat. Models: ['EarthDial_4B_Methane_UHI']. Semaphore: None. global_counter: 0
2025-12-24 13:55:46 | INFO | model_worker | Send heart beat. Models: ['EarthDial_4B_Methane_UHI']. Semaphore: None. global_counter: 0
2025-12-24 13:56:01 | INFO | model_worker | Send heart beat. Models: ['EarthDial_4B_Methane_UHI']. Semaphore: None. global_counter: 0
2025-12-24 13:56:16 | INFO | model_worker | Send heart beat. Models: ['EarthDial_4B_Methane_UHI']. Semaphore: None. global_counter: 0
2025-12-24 13:56:31 | INFO | model_worker | Send heart beat. Models: ['EarthDial_4B_Methane_UHI']. Semaphore: None. global_counter: 0
2025-12-24 13:56:46 | INFO | model_worker | Send heart beat. Models: ['EarthDial_4B_Methane_UHI']. Semaphore: None. global_counter: 0
2025-12-24 13:57:01 | INFO | model_worker | Send heart beat. Models: ['EarthDial_4B_Methane_UHI']. Semaphore: None. global_counter: 0
2025-12-24 13:57:16 | INFO | model_worker | Send heart beat. Models: ['EarthDial_4B_Methane_UHI']. Semaphore: None. global_counter: 0
2025-12-24 13:57:31 | INFO | model_worker | Send heart beat. Models: ['EarthDial_4B_Methane_UHI']. Semaphore: None. global_counter: 0
2025-12-24 13:57:46 | INFO | model_worker | Send heart beat. Models: ['EarthDial_4B_Methane_UHI']. Semaphore: None. global_counter: 0
2025-12-24 13:58:01 | INFO | model_worker | Send heart beat. Models: ['EarthDial_4B_Methane_UHI']. Semaphore: None. global_counter: 0
2025-12-24 13:58:16 | INFO | model_worker | Send heart beat. Models: ['EarthDial_4B_Methane_UHI']. Semaphore: None. global_counter: 0
2025-12-24 13:58:31 | INFO | model_worker | Send heart beat. Models: ['EarthDial_4B_Methane_UHI']. Semaphore: None. global_counter: 0
2025-12-24 13:58:46 | INFO | model_worker | Send heart beat. Models: ['EarthDial_4B_Methane_UHI']. Semaphore: None. global_counter: 0
2025-12-24 13:59:01 | INFO | model_worker | Send heart beat. Models: ['EarthDial_4B_Methane_UHI']. Semaphore: None. global_counter: 0
2025-12-24 13:59:16 | INFO | model_worker | Send heart beat. Models: ['EarthDial_4B_Methane_UHI']. Semaphore: None. global_counter: 0
2025-12-24 13:59:32 | INFO | model_worker | Send heart beat. Models: ['EarthDial_4B_Methane_UHI']. Semaphore: None. global_counter: 0
2025-12-24 13:59:47 | INFO | model_worker | Send heart beat. Models: ['EarthDial_4B_Methane_UHI']. Semaphore: None. global_counter: 0
2025-12-24 14:00:02 | INFO | model_worker | Send heart beat. Models: ['EarthDial_4B_Methane_UHI']. Semaphore: None. global_counter: 0
2025-12-24 14:00:17 | INFO | model_worker | Send heart beat. Models: ['EarthDial_4B_Methane_UHI']. Semaphore: None. global_counter: 0
2025-12-24 14:00:32 | INFO | model_worker | Send heart beat. Models: ['EarthDial_4B_Methane_UHI']. Semaphore: None. global_counter: 0
2025-12-24 14:00:47 | INFO | model_worker | Send heart beat. Models: ['EarthDial_4B_Methane_UHI']. Semaphore: None. global_counter: 0
2025-12-24 14:01:02 | INFO | model_worker | Send heart beat. Models: ['EarthDial_4B_Methane_UHI']. Semaphore: None. global_counter: 0
2025-12-24 14:01:17 | INFO | model_worker | Send heart beat. Models: ['EarthDial_4B_Methane_UHI']. Semaphore: None. global_counter: 0
2025-12-24 14:01:32 | INFO | model_worker | Send heart beat. Models: ['EarthDial_4B_Methane_UHI']. Semaphore: None. global_counter: 0
2025-12-24 14:01:47 | INFO | model_worker | Send heart beat. Models: ['EarthDial_4B_Methane_UHI']. Semaphore: None. global_counter: 0
2025-12-24 14:02:02 | INFO | model_worker | Send heart beat. Models: ['EarthDial_4B_Methane_UHI']. Semaphore: None. global_counter: 0
2025-12-24 14:02:17 | INFO | model_worker | Send heart beat. Models: ['EarthDial_4B_Methane_UHI']. Semaphore: None. global_counter: 0
2025-12-24 14:02:32 | INFO | model_worker | Send heart beat. Models: ['EarthDial_4B_Methane_UHI']. Semaphore: None. global_counter: 0
2025-12-24 14:02:47 | INFO | model_worker | Send heart beat. Models: ['EarthDial_4B_Methane_UHI']. Semaphore: None. global_counter: 0
2025-12-24 14:03:02 | INFO | model_worker | Send heart beat. Models: ['EarthDial_4B_Methane_UHI']. Semaphore: None. global_counter: 0
2025-12-24 14:03:17 | INFO | model_worker | Send heart beat. Models: ['EarthDial_4B_Methane_UHI']. Semaphore: None. global_counter: 0
2025-12-24 14:03:32 | INFO | model_worker | Send heart beat. Models: ['EarthDial_4B_Methane_UHI']. Semaphore: None. global_counter: 0
2025-12-24 14:03:47 | INFO | model_worker | Send heart beat. Models: ['EarthDial_4B_Methane_UHI']. Semaphore: None. global_counter: 0
2025-12-24 14:04:02 | INFO | model_worker | Send heart beat. Models: ['EarthDial_4B_Methane_UHI']. Semaphore: None. global_counter: 0
2025-12-24 14:04:17 | INFO | model_worker | Send heart beat. Models: ['EarthDial_4B_Methane_UHI']. Semaphore: None. global_counter: 0
2025-12-24 14:04:27 | ERROR | stderr | INFO:     Shutting down
2025-12-24 14:04:28 | ERROR | stderr | INFO:     Waiting for application shutdown.
2025-12-24 14:04:28 | ERROR | stderr | INFO:     Application shutdown complete.
2025-12-24 14:04:28 | ERROR | stderr | INFO:     Finished server process [20821]
