2026-01-19 18:19:00 | INFO | model_worker | args: Namespace(host='0.0.0.0', port=40001, worker_address='http://127.0.0.1:40001', controller_address='http://127.0.0.1:40000', model_path='/root/autodl-tmp/EarthDial/checkpoints/SkyNova_4B', model_name=None, device='cuda', limit_model_concurrency=5, stream_interval=1, load_8bit=False)
2026-01-19 18:19:00 | INFO | model_worker | Loading the model SkyNova_4B on worker 5bd99d ...
2026-01-19 18:19:00 | WARNING | transformers.tokenization_utils_base | Special tokens have been added in the vocabulary, make sure the associated word embeddings are fine-tuned or trained.
2026-01-19 18:19:00 | WARNING | transformers.tokenization_utils_base | Special tokens have been added in the vocabulary, make sure the associated word embeddings are fine-tuned or trained.
2026-01-19 18:19:02 | INFO | stdout | FlashAttention is not installed.
2026-01-19 18:19:03 | INFO | stdout | Warning: Flash Attention is not available, use_flash_attn is set to False.
2026-01-19 18:19:03 | INFO | stdout | Warning: Flash Attention is not available, use_flash_attn is set to False.
2026-01-19 18:19:03 | INFO | stdout | Warning: Flash Attention is not available, use_flash_attn is set to False.
2026-01-19 18:19:03 | INFO | stdout | Warning: Flash Attention is not available, use_flash_attn is set to False.
2026-01-19 18:19:03 | INFO | stdout | Warning: Flash Attention is not available, use_flash_attn is set to False.
2026-01-19 18:19:03 | INFO | stdout | Warning: Flash Attention is not available, use_flash_attn is set to False.
2026-01-19 18:19:03 | INFO | stdout | Warning: Flash Attention is not available, use_flash_attn is set to False.
2026-01-19 18:19:03 | INFO | stdout | Warning: Flash Attention is not available, use_flash_attn is set to False.
2026-01-19 18:19:03 | INFO | stdout | Warning: Flash Attention is not available, use_flash_attn is set to False.
2026-01-19 18:19:03 | INFO | stdout | Warning: Flash Attention is not available, use_flash_attn is set to False.
2026-01-19 18:19:03 | INFO | stdout | Warning: Flash Attention is not available, use_flash_attn is set to False.
2026-01-19 18:19:03 | INFO | stdout | Warning: Flash Attention is not available, use_flash_attn is set to False.
2026-01-19 18:19:03 | INFO | stdout | Warning: Flash Attention is not available, use_flash_attn is set to False.
2026-01-19 18:19:03 | INFO | stdout | Warning: Flash Attention is not available, use_flash_attn is set to False.
2026-01-19 18:19:03 | INFO | stdout | Warning: Flash Attention is not available, use_flash_attn is set to False.
2026-01-19 18:19:03 | INFO | stdout | Warning: Flash Attention is not available, use_flash_attn is set to False.
2026-01-19 18:19:03 | INFO | stdout | Warning: Flash Attention is not available, use_flash_attn is set to False.
2026-01-19 18:19:03 | INFO | stdout | Warning: Flash Attention is not available, use_flash_attn is set to False.
2026-01-19 18:19:03 | INFO | stdout | Warning: Flash Attention is not available, use_flash_attn is set to False.
2026-01-19 18:19:03 | INFO | stdout | Warning: Flash Attention is not available, use_flash_attn is set to False.
2026-01-19 18:19:03 | INFO | stdout | Warning: Flash Attention is not available, use_flash_attn is set to False.
2026-01-19 18:19:03 | INFO | stdout | Warning: Flash Attention is not available, use_flash_attn is set to False.
2026-01-19 18:19:03 | INFO | stdout | Warning: Flash Attention is not available, use_flash_attn is set to False.
2026-01-19 18:19:03 | INFO | stdout | Warning: Flash Attention is not available, use_flash_attn is set to False.
2026-01-19 18:19:03 | ERROR | stderr | Loading checkpoint shards:   0%|                                                                                                                                                                                           | 0/2 [00:00<?, ?it/s]
2026-01-19 18:19:04 | ERROR | stderr | Loading checkpoint shards:  50%|█████████████████████████████████████████████████████████████████████████████████████████▌                                                                                         | 1/2 [00:01<00:01,  1.05s/it]
2026-01-19 18:19:04 | ERROR | stderr | Loading checkpoint shards: 100%|███████████████████████████████████████████████████████████████████████████████████████████████████████████████████████████████████████████████████████████████████████████████████| 2/2 [00:01<00:00,  1.32it/s]
2026-01-19 18:19:04 | ERROR | stderr | Loading checkpoint shards: 100%|███████████████████████████████████████████████████████████████████████████████████████████████████████████████████████████████████████████████████████████████████████████████████| 2/2 [00:01<00:00,  1.25it/s]
2026-01-19 18:19:04 | ERROR | stderr | 
2026-01-19 18:19:06 | INFO | model_worker | Register to controller
2026-01-19 18:19:06 | ERROR | stderr | INFO:     Started server process [1907]
2026-01-19 18:19:06 | ERROR | stderr | INFO:     Waiting for application startup.
2026-01-19 18:19:06 | ERROR | stderr | INFO:     Application startup complete.
2026-01-19 18:19:06 | ERROR | stderr | INFO:     Uvicorn running on http://0.0.0.0:40001 (Press CTRL+C to quit)
2026-01-19 18:19:13 | INFO | stdout | INFO:     127.0.0.1:40588 - "POST /worker_get_status HTTP/1.1" 200 OK
2026-01-19 18:19:21 | INFO | model_worker | Send heart beat. Models: ['SkyNova_4B']. Semaphore: None. global_counter: 0
2026-01-19 18:19:36 | INFO | model_worker | Send heart beat. Models: ['SkyNova_4B']. Semaphore: None. global_counter: 0
2026-01-19 18:19:50 | INFO | stdout | INFO:     127.0.0.1:44580 - "POST /worker_get_status HTTP/1.1" 200 OK
2026-01-19 18:19:50 | INFO | stdout | INFO:     127.0.0.1:44594 - "POST /worker_get_status HTTP/1.1" 200 OK
2026-01-19 18:19:50 | INFO | model_worker | Send heart beat. Models: ['SkyNova_4B']. Semaphore: Semaphore(value=4, locked=False). global_counter: 1
2026-01-19 18:19:50 | INFO | stdout | INFO:     127.0.0.1:44602 - "POST /worker_generate_stream HTTP/1.1" 200 OK
2026-01-19 18:19:50 | INFO | model_worker | Split images to torch.Size([13, 3, 448, 448])
2026-01-19 18:19:50 | INFO | model_worker | Generation config: {'num_beams': 1, 'max_new_tokens': 1024, 'do_sample': True, 'temperature': 0.7, 'repetition_penalty': 1.1, 'max_length': 8192, 'top_p': 0.95, 'streamer': <transformers.generation.streamers.TextIteratorStreamer object at 0x7ff7e80a8c40>}
2026-01-19 18:19:51 | WARNING | transformers.generation.utils | Both `max_new_tokens` (=1024) and `max_length`(=8192) seem to have been set. `max_new_tokens` will take precedence. Please refer to the documentation for more information. (https://huggingface.co/docs/transformers/main/en/main_classes/text_generation)
2026-01-19 18:19:51 | INFO | model_worker | Send heart beat. Models: ['SkyNova_4B']. Semaphore: Semaphore(value=4, locked=False). global_counter: 1
2026-01-19 18:19:54 | INFO | model_worker | max_input_tile_list: [12], history: [], question: <image>
Give me the location of <ref> tennis courts </ref> at center and location of all the <ref>trees</ref>., answer: <box> [[48, 37, 50, 42, 0]] </box> [[19, 57, 20, 60, 0]] </box> [[37, 79, 38, 81, 0]] </box> 
2026-01-19 18:19:54 | INFO | model_worker | Send heart beat. Models: ['SkyNova_4B']. Semaphore: Semaphore(value=5, locked=False). global_counter: 1
2026-01-19 18:20:07 | INFO | model_worker | Send heart beat. Models: ['SkyNova_4B']. Semaphore: Semaphore(value=5, locked=False). global_counter: 1
2026-01-19 18:20:22 | INFO | model_worker | Send heart beat. Models: ['SkyNova_4B']. Semaphore: Semaphore(value=5, locked=False). global_counter: 1
2026-01-19 18:20:37 | INFO | model_worker | Send heart beat. Models: ['SkyNova_4B']. Semaphore: Semaphore(value=5, locked=False). global_counter: 1
2026-01-19 18:20:52 | INFO | model_worker | Send heart beat. Models: ['SkyNova_4B']. Semaphore: Semaphore(value=5, locked=False). global_counter: 1
2026-01-19 18:21:07 | INFO | model_worker | Send heart beat. Models: ['SkyNova_4B']. Semaphore: Semaphore(value=5, locked=False). global_counter: 1
2026-01-19 18:21:22 | INFO | model_worker | Send heart beat. Models: ['SkyNova_4B']. Semaphore: Semaphore(value=5, locked=False). global_counter: 1
2026-01-19 18:21:37 | INFO | model_worker | Send heart beat. Models: ['SkyNova_4B']. Semaphore: Semaphore(value=5, locked=False). global_counter: 1
2026-01-19 18:21:52 | INFO | model_worker | Send heart beat. Models: ['SkyNova_4B']. Semaphore: Semaphore(value=5, locked=False). global_counter: 1
2026-01-19 18:22:07 | INFO | model_worker | Send heart beat. Models: ['SkyNova_4B']. Semaphore: Semaphore(value=5, locked=False). global_counter: 1
2026-01-19 18:22:22 | INFO | model_worker | Send heart beat. Models: ['SkyNova_4B']. Semaphore: Semaphore(value=5, locked=False). global_counter: 1
2026-01-19 18:22:37 | INFO | model_worker | Send heart beat. Models: ['SkyNova_4B']. Semaphore: Semaphore(value=5, locked=False). global_counter: 1
2026-01-19 18:22:52 | INFO | model_worker | Send heart beat. Models: ['SkyNova_4B']. Semaphore: Semaphore(value=5, locked=False). global_counter: 1
2026-01-19 18:23:07 | INFO | model_worker | Send heart beat. Models: ['SkyNova_4B']. Semaphore: Semaphore(value=5, locked=False). global_counter: 1
2026-01-19 18:23:22 | INFO | model_worker | Send heart beat. Models: ['SkyNova_4B']. Semaphore: Semaphore(value=5, locked=False). global_counter: 1
2026-01-19 18:23:37 | INFO | model_worker | Send heart beat. Models: ['SkyNova_4B']. Semaphore: Semaphore(value=5, locked=False). global_counter: 1
2026-01-19 18:23:52 | INFO | model_worker | Send heart beat. Models: ['SkyNova_4B']. Semaphore: Semaphore(value=5, locked=False). global_counter: 1
2026-01-19 18:24:07 | INFO | model_worker | Send heart beat. Models: ['SkyNova_4B']. Semaphore: Semaphore(value=5, locked=False). global_counter: 1
2026-01-19 18:24:22 | INFO | model_worker | Send heart beat. Models: ['SkyNova_4B']. Semaphore: Semaphore(value=5, locked=False). global_counter: 1
2026-01-19 18:24:37 | INFO | model_worker | Send heart beat. Models: ['SkyNova_4B']. Semaphore: Semaphore(value=5, locked=False). global_counter: 1
2026-01-19 18:24:52 | INFO | model_worker | Send heart beat. Models: ['SkyNova_4B']. Semaphore: Semaphore(value=5, locked=False). global_counter: 1
2026-01-19 18:25:07 | INFO | model_worker | Send heart beat. Models: ['SkyNova_4B']. Semaphore: Semaphore(value=5, locked=False). global_counter: 1
2026-01-19 18:25:22 | INFO | model_worker | Send heart beat. Models: ['SkyNova_4B']. Semaphore: Semaphore(value=5, locked=False). global_counter: 1
2026-01-19 18:25:37 | INFO | model_worker | Send heart beat. Models: ['SkyNova_4B']. Semaphore: Semaphore(value=5, locked=False). global_counter: 1
2026-01-19 18:25:52 | INFO | model_worker | Send heart beat. Models: ['SkyNova_4B']. Semaphore: Semaphore(value=5, locked=False). global_counter: 1
2026-01-19 18:26:07 | INFO | model_worker | Send heart beat. Models: ['SkyNova_4B']. Semaphore: Semaphore(value=5, locked=False). global_counter: 1
2026-01-19 18:26:22 | INFO | model_worker | Send heart beat. Models: ['SkyNova_4B']. Semaphore: Semaphore(value=5, locked=False). global_counter: 1
2026-01-19 18:26:37 | INFO | model_worker | Send heart beat. Models: ['SkyNova_4B']. Semaphore: Semaphore(value=5, locked=False). global_counter: 1
2026-01-19 18:26:52 | INFO | model_worker | Send heart beat. Models: ['SkyNova_4B']. Semaphore: Semaphore(value=5, locked=False). global_counter: 1
2026-01-19 18:27:07 | INFO | model_worker | Send heart beat. Models: ['SkyNova_4B']. Semaphore: Semaphore(value=5, locked=False). global_counter: 1
2026-01-19 18:27:22 | INFO | model_worker | Send heart beat. Models: ['SkyNova_4B']. Semaphore: Semaphore(value=5, locked=False). global_counter: 1
2026-01-19 18:27:37 | INFO | model_worker | Send heart beat. Models: ['SkyNova_4B']. Semaphore: Semaphore(value=5, locked=False). global_counter: 1
2026-01-19 18:27:52 | INFO | model_worker | Send heart beat. Models: ['SkyNova_4B']. Semaphore: Semaphore(value=5, locked=False). global_counter: 1
2026-01-19 18:28:07 | INFO | model_worker | Send heart beat. Models: ['SkyNova_4B']. Semaphore: Semaphore(value=5, locked=False). global_counter: 1
2026-01-19 18:28:22 | INFO | model_worker | Send heart beat. Models: ['SkyNova_4B']. Semaphore: Semaphore(value=5, locked=False). global_counter: 1
2026-01-19 18:28:37 | INFO | model_worker | Send heart beat. Models: ['SkyNova_4B']. Semaphore: Semaphore(value=5, locked=False). global_counter: 1
2026-01-19 18:28:52 | INFO | model_worker | Send heart beat. Models: ['SkyNova_4B']. Semaphore: Semaphore(value=5, locked=False). global_counter: 1
2026-01-19 18:29:07 | INFO | model_worker | Send heart beat. Models: ['SkyNova_4B']. Semaphore: Semaphore(value=5, locked=False). global_counter: 1
2026-01-19 18:29:22 | INFO | model_worker | Send heart beat. Models: ['SkyNova_4B']. Semaphore: Semaphore(value=5, locked=False). global_counter: 1
2026-01-19 18:29:37 | INFO | model_worker | Send heart beat. Models: ['SkyNova_4B']. Semaphore: Semaphore(value=5, locked=False). global_counter: 1
2026-01-19 18:29:52 | INFO | model_worker | Send heart beat. Models: ['SkyNova_4B']. Semaphore: Semaphore(value=5, locked=False). global_counter: 1
2026-01-19 18:30:07 | INFO | model_worker | Send heart beat. Models: ['SkyNova_4B']. Semaphore: Semaphore(value=5, locked=False). global_counter: 1
2026-01-19 18:30:22 | INFO | model_worker | Send heart beat. Models: ['SkyNova_4B']. Semaphore: Semaphore(value=5, locked=False). global_counter: 1
2026-01-19 18:30:37 | INFO | model_worker | Send heart beat. Models: ['SkyNova_4B']. Semaphore: Semaphore(value=5, locked=False). global_counter: 1
2026-01-19 18:30:52 | INFO | model_worker | Send heart beat. Models: ['SkyNova_4B']. Semaphore: Semaphore(value=5, locked=False). global_counter: 1
2026-01-19 18:31:07 | INFO | model_worker | Send heart beat. Models: ['SkyNova_4B']. Semaphore: Semaphore(value=5, locked=False). global_counter: 1
2026-01-19 18:31:22 | INFO | model_worker | Send heart beat. Models: ['SkyNova_4B']. Semaphore: Semaphore(value=5, locked=False). global_counter: 1
2026-01-19 18:31:37 | INFO | model_worker | Send heart beat. Models: ['SkyNova_4B']. Semaphore: Semaphore(value=5, locked=False). global_counter: 1
2026-01-19 18:31:52 | INFO | model_worker | Send heart beat. Models: ['SkyNova_4B']. Semaphore: Semaphore(value=5, locked=False). global_counter: 1
2026-01-19 18:32:08 | INFO | model_worker | Send heart beat. Models: ['SkyNova_4B']. Semaphore: Semaphore(value=5, locked=False). global_counter: 1
2026-01-19 18:32:23 | INFO | model_worker | Send heart beat. Models: ['SkyNova_4B']. Semaphore: Semaphore(value=5, locked=False). global_counter: 1
2026-01-19 18:32:38 | INFO | model_worker | Send heart beat. Models: ['SkyNova_4B']. Semaphore: Semaphore(value=5, locked=False). global_counter: 1
2026-01-19 18:32:53 | INFO | model_worker | Send heart beat. Models: ['SkyNova_4B']. Semaphore: Semaphore(value=5, locked=False). global_counter: 1
2026-01-19 18:33:08 | INFO | model_worker | Send heart beat. Models: ['SkyNova_4B']. Semaphore: Semaphore(value=5, locked=False). global_counter: 1
2026-01-19 18:33:23 | INFO | model_worker | Send heart beat. Models: ['SkyNova_4B']. Semaphore: Semaphore(value=5, locked=False). global_counter: 1
2026-01-19 18:33:38 | INFO | model_worker | Send heart beat. Models: ['SkyNova_4B']. Semaphore: Semaphore(value=5, locked=False). global_counter: 1
2026-01-19 18:33:53 | INFO | model_worker | Send heart beat. Models: ['SkyNova_4B']. Semaphore: Semaphore(value=5, locked=False). global_counter: 1
2026-01-19 18:34:08 | INFO | model_worker | Send heart beat. Models: ['SkyNova_4B']. Semaphore: Semaphore(value=5, locked=False). global_counter: 1
2026-01-19 18:34:23 | INFO | model_worker | Send heart beat. Models: ['SkyNova_4B']. Semaphore: Semaphore(value=5, locked=False). global_counter: 1
2026-01-19 18:34:38 | INFO | model_worker | Send heart beat. Models: ['SkyNova_4B']. Semaphore: Semaphore(value=5, locked=False). global_counter: 1
2026-01-19 18:34:53 | INFO | model_worker | Send heart beat. Models: ['SkyNova_4B']. Semaphore: Semaphore(value=5, locked=False). global_counter: 1
2026-01-19 18:35:08 | INFO | model_worker | Send heart beat. Models: ['SkyNova_4B']. Semaphore: Semaphore(value=5, locked=False). global_counter: 1
2026-01-19 18:35:23 | INFO | model_worker | Send heart beat. Models: ['SkyNova_4B']. Semaphore: Semaphore(value=5, locked=False). global_counter: 1
2026-01-19 18:35:38 | INFO | model_worker | Send heart beat. Models: ['SkyNova_4B']. Semaphore: Semaphore(value=5, locked=False). global_counter: 1
2026-01-19 18:35:53 | INFO | model_worker | Send heart beat. Models: ['SkyNova_4B']. Semaphore: Semaphore(value=5, locked=False). global_counter: 1
2026-01-19 18:36:08 | INFO | model_worker | Send heart beat. Models: ['SkyNova_4B']. Semaphore: Semaphore(value=5, locked=False). global_counter: 1
2026-01-19 18:36:23 | INFO | model_worker | Send heart beat. Models: ['SkyNova_4B']. Semaphore: Semaphore(value=5, locked=False). global_counter: 1
2026-01-19 18:36:38 | INFO | model_worker | Send heart beat. Models: ['SkyNova_4B']. Semaphore: Semaphore(value=5, locked=False). global_counter: 1
2026-01-19 18:36:53 | INFO | model_worker | Send heart beat. Models: ['SkyNova_4B']. Semaphore: Semaphore(value=5, locked=False). global_counter: 1
2026-01-19 18:37:08 | INFO | model_worker | Send heart beat. Models: ['SkyNova_4B']. Semaphore: Semaphore(value=5, locked=False). global_counter: 1
2026-01-19 18:37:23 | INFO | model_worker | Send heart beat. Models: ['SkyNova_4B']. Semaphore: Semaphore(value=5, locked=False). global_counter: 1
2026-01-19 18:37:38 | INFO | model_worker | Send heart beat. Models: ['SkyNova_4B']. Semaphore: Semaphore(value=5, locked=False). global_counter: 1
2026-01-19 18:37:53 | INFO | model_worker | Send heart beat. Models: ['SkyNova_4B']. Semaphore: Semaphore(value=5, locked=False). global_counter: 1
2026-01-19 18:38:08 | INFO | model_worker | Send heart beat. Models: ['SkyNova_4B']. Semaphore: Semaphore(value=5, locked=False). global_counter: 1
2026-01-19 18:38:23 | INFO | model_worker | Send heart beat. Models: ['SkyNova_4B']. Semaphore: Semaphore(value=5, locked=False). global_counter: 1
2026-01-19 18:38:38 | INFO | model_worker | Send heart beat. Models: ['SkyNova_4B']. Semaphore: Semaphore(value=5, locked=False). global_counter: 1
2026-01-19 18:38:53 | INFO | model_worker | Send heart beat. Models: ['SkyNova_4B']. Semaphore: Semaphore(value=5, locked=False). global_counter: 1
2026-01-19 18:39:08 | INFO | model_worker | Send heart beat. Models: ['SkyNova_4B']. Semaphore: Semaphore(value=5, locked=False). global_counter: 1
2026-01-19 18:39:23 | INFO | model_worker | Send heart beat. Models: ['SkyNova_4B']. Semaphore: Semaphore(value=5, locked=False). global_counter: 1
2026-01-19 18:39:38 | INFO | model_worker | Send heart beat. Models: ['SkyNova_4B']. Semaphore: Semaphore(value=5, locked=False). global_counter: 1
2026-01-19 18:39:53 | INFO | model_worker | Send heart beat. Models: ['SkyNova_4B']. Semaphore: Semaphore(value=5, locked=False). global_counter: 1
2026-01-19 18:40:08 | INFO | model_worker | Send heart beat. Models: ['SkyNova_4B']. Semaphore: Semaphore(value=5, locked=False). global_counter: 1
2026-01-19 18:40:23 | INFO | model_worker | Send heart beat. Models: ['SkyNova_4B']. Semaphore: Semaphore(value=5, locked=False). global_counter: 1
2026-01-19 18:40:38 | INFO | model_worker | Send heart beat. Models: ['SkyNova_4B']. Semaphore: Semaphore(value=5, locked=False). global_counter: 1
2026-01-19 18:40:53 | INFO | model_worker | Send heart beat. Models: ['SkyNova_4B']. Semaphore: Semaphore(value=5, locked=False). global_counter: 1
2026-01-19 18:41:08 | INFO | model_worker | Send heart beat. Models: ['SkyNova_4B']. Semaphore: Semaphore(value=5, locked=False). global_counter: 1
2026-01-19 18:41:23 | INFO | model_worker | Send heart beat. Models: ['SkyNova_4B']. Semaphore: Semaphore(value=5, locked=False). global_counter: 1
2026-01-19 18:41:38 | INFO | model_worker | Send heart beat. Models: ['SkyNova_4B']. Semaphore: Semaphore(value=5, locked=False). global_counter: 1
2026-01-19 18:41:53 | INFO | model_worker | Send heart beat. Models: ['SkyNova_4B']. Semaphore: Semaphore(value=5, locked=False). global_counter: 1
2026-01-19 18:42:08 | INFO | model_worker | Send heart beat. Models: ['SkyNova_4B']. Semaphore: Semaphore(value=5, locked=False). global_counter: 1
2026-01-19 18:42:23 | INFO | model_worker | Send heart beat. Models: ['SkyNova_4B']. Semaphore: Semaphore(value=5, locked=False). global_counter: 1
2026-01-19 18:42:38 | INFO | model_worker | Send heart beat. Models: ['SkyNova_4B']. Semaphore: Semaphore(value=5, locked=False). global_counter: 1
2026-01-19 18:42:53 | INFO | model_worker | Send heart beat. Models: ['SkyNova_4B']. Semaphore: Semaphore(value=5, locked=False). global_counter: 1
2026-01-19 18:43:08 | INFO | model_worker | Send heart beat. Models: ['SkyNova_4B']. Semaphore: Semaphore(value=5, locked=False). global_counter: 1
2026-01-19 18:43:23 | INFO | model_worker | Send heart beat. Models: ['SkyNova_4B']. Semaphore: Semaphore(value=5, locked=False). global_counter: 1
2026-01-19 18:43:38 | INFO | model_worker | Send heart beat. Models: ['SkyNova_4B']. Semaphore: Semaphore(value=5, locked=False). global_counter: 1
2026-01-19 18:43:53 | INFO | model_worker | Send heart beat. Models: ['SkyNova_4B']. Semaphore: Semaphore(value=5, locked=False). global_counter: 1
2026-01-19 18:44:08 | INFO | model_worker | Send heart beat. Models: ['SkyNova_4B']. Semaphore: Semaphore(value=5, locked=False). global_counter: 1
2026-01-19 18:44:24 | INFO | model_worker | Send heart beat. Models: ['SkyNova_4B']. Semaphore: Semaphore(value=5, locked=False). global_counter: 1
2026-01-19 18:44:39 | INFO | model_worker | Send heart beat. Models: ['SkyNova_4B']. Semaphore: Semaphore(value=5, locked=False). global_counter: 1
2026-01-19 18:44:54 | INFO | model_worker | Send heart beat. Models: ['SkyNova_4B']. Semaphore: Semaphore(value=5, locked=False). global_counter: 1
2026-01-19 18:45:09 | INFO | model_worker | Send heart beat. Models: ['SkyNova_4B']. Semaphore: Semaphore(value=5, locked=False). global_counter: 1
2026-01-19 18:45:24 | INFO | model_worker | Send heart beat. Models: ['SkyNova_4B']. Semaphore: Semaphore(value=5, locked=False). global_counter: 1
2026-01-19 18:45:39 | INFO | model_worker | Send heart beat. Models: ['SkyNova_4B']. Semaphore: Semaphore(value=5, locked=False). global_counter: 1
2026-01-19 18:45:54 | INFO | model_worker | Send heart beat. Models: ['SkyNova_4B']. Semaphore: Semaphore(value=5, locked=False). global_counter: 1
2026-01-19 18:46:09 | INFO | model_worker | Send heart beat. Models: ['SkyNova_4B']. Semaphore: Semaphore(value=5, locked=False). global_counter: 1
2026-01-19 18:46:24 | INFO | model_worker | Send heart beat. Models: ['SkyNova_4B']. Semaphore: Semaphore(value=5, locked=False). global_counter: 1
2026-01-19 18:46:39 | INFO | model_worker | Send heart beat. Models: ['SkyNova_4B']. Semaphore: Semaphore(value=5, locked=False). global_counter: 1
2026-01-19 18:46:54 | INFO | model_worker | Send heart beat. Models: ['SkyNova_4B']. Semaphore: Semaphore(value=5, locked=False). global_counter: 1
2026-01-19 18:47:09 | INFO | model_worker | Send heart beat. Models: ['SkyNova_4B']. Semaphore: Semaphore(value=5, locked=False). global_counter: 1
2026-01-19 18:47:24 | INFO | model_worker | Send heart beat. Models: ['SkyNova_4B']. Semaphore: Semaphore(value=5, locked=False). global_counter: 1
2026-01-19 18:47:39 | INFO | model_worker | Send heart beat. Models: ['SkyNova_4B']. Semaphore: Semaphore(value=5, locked=False). global_counter: 1
2026-01-19 18:47:54 | INFO | model_worker | Send heart beat. Models: ['SkyNova_4B']. Semaphore: Semaphore(value=5, locked=False). global_counter: 1
2026-01-19 18:48:09 | INFO | model_worker | Send heart beat. Models: ['SkyNova_4B']. Semaphore: Semaphore(value=5, locked=False). global_counter: 1
2026-01-19 18:48:24 | INFO | model_worker | Send heart beat. Models: ['SkyNova_4B']. Semaphore: Semaphore(value=5, locked=False). global_counter: 1
2026-01-19 18:48:39 | INFO | model_worker | Send heart beat. Models: ['SkyNova_4B']. Semaphore: Semaphore(value=5, locked=False). global_counter: 1
2026-01-19 18:48:54 | INFO | model_worker | Send heart beat. Models: ['SkyNova_4B']. Semaphore: Semaphore(value=5, locked=False). global_counter: 1
2026-01-19 18:49:09 | INFO | model_worker | Send heart beat. Models: ['SkyNova_4B']. Semaphore: Semaphore(value=5, locked=False). global_counter: 1
2026-01-19 18:49:24 | INFO | model_worker | Send heart beat. Models: ['SkyNova_4B']. Semaphore: Semaphore(value=5, locked=False). global_counter: 1
2026-01-19 18:49:39 | INFO | model_worker | Send heart beat. Models: ['SkyNova_4B']. Semaphore: Semaphore(value=5, locked=False). global_counter: 1
2026-01-19 18:49:54 | INFO | model_worker | Send heart beat. Models: ['SkyNova_4B']. Semaphore: Semaphore(value=5, locked=False). global_counter: 1
2026-01-19 18:50:09 | INFO | model_worker | Send heart beat. Models: ['SkyNova_4B']. Semaphore: Semaphore(value=5, locked=False). global_counter: 1
2026-01-19 18:50:24 | INFO | model_worker | Send heart beat. Models: ['SkyNova_4B']. Semaphore: Semaphore(value=5, locked=False). global_counter: 1
2026-01-19 18:50:39 | INFO | model_worker | Send heart beat. Models: ['SkyNova_4B']. Semaphore: Semaphore(value=5, locked=False). global_counter: 1
2026-01-19 18:50:54 | INFO | model_worker | Send heart beat. Models: ['SkyNova_4B']. Semaphore: Semaphore(value=5, locked=False). global_counter: 1
2026-01-19 18:51:09 | INFO | model_worker | Send heart beat. Models: ['SkyNova_4B']. Semaphore: Semaphore(value=5, locked=False). global_counter: 1
2026-01-19 18:51:24 | INFO | model_worker | Send heart beat. Models: ['SkyNova_4B']. Semaphore: Semaphore(value=5, locked=False). global_counter: 1
2026-01-19 18:51:39 | INFO | model_worker | Send heart beat. Models: ['SkyNova_4B']. Semaphore: Semaphore(value=5, locked=False). global_counter: 1
2026-01-19 18:51:54 | INFO | model_worker | Send heart beat. Models: ['SkyNova_4B']. Semaphore: Semaphore(value=5, locked=False). global_counter: 1
2026-01-19 18:52:09 | INFO | model_worker | Send heart beat. Models: ['SkyNova_4B']. Semaphore: Semaphore(value=5, locked=False). global_counter: 1
2026-01-19 18:52:24 | INFO | model_worker | Send heart beat. Models: ['SkyNova_4B']. Semaphore: Semaphore(value=5, locked=False). global_counter: 1
2026-01-19 18:52:39 | INFO | model_worker | Send heart beat. Models: ['SkyNova_4B']. Semaphore: Semaphore(value=5, locked=False). global_counter: 1
2026-01-19 18:52:54 | INFO | model_worker | Send heart beat. Models: ['SkyNova_4B']. Semaphore: Semaphore(value=5, locked=False). global_counter: 1
2026-01-19 18:53:09 | INFO | model_worker | Send heart beat. Models: ['SkyNova_4B']. Semaphore: Semaphore(value=5, locked=False). global_counter: 1
2026-01-19 18:53:24 | INFO | model_worker | Send heart beat. Models: ['SkyNova_4B']. Semaphore: Semaphore(value=5, locked=False). global_counter: 1
2026-01-19 18:53:39 | INFO | model_worker | Send heart beat. Models: ['SkyNova_4B']. Semaphore: Semaphore(value=5, locked=False). global_counter: 1
2026-01-19 18:53:54 | INFO | model_worker | Send heart beat. Models: ['SkyNova_4B']. Semaphore: Semaphore(value=5, locked=False). global_counter: 1
2026-01-19 18:54:09 | INFO | model_worker | Send heart beat. Models: ['SkyNova_4B']. Semaphore: Semaphore(value=5, locked=False). global_counter: 1
2026-01-19 18:54:24 | INFO | model_worker | Send heart beat. Models: ['SkyNova_4B']. Semaphore: Semaphore(value=5, locked=False). global_counter: 1
2026-01-19 18:54:39 | INFO | model_worker | Send heart beat. Models: ['SkyNova_4B']. Semaphore: Semaphore(value=5, locked=False). global_counter: 1
2026-01-19 18:54:54 | INFO | model_worker | Send heart beat. Models: ['SkyNova_4B']. Semaphore: Semaphore(value=5, locked=False). global_counter: 1
2026-01-19 18:55:09 | INFO | model_worker | Send heart beat. Models: ['SkyNova_4B']. Semaphore: Semaphore(value=5, locked=False). global_counter: 1
2026-01-19 18:55:24 | INFO | model_worker | Send heart beat. Models: ['SkyNova_4B']. Semaphore: Semaphore(value=5, locked=False). global_counter: 1
2026-01-19 18:55:39 | INFO | model_worker | Send heart beat. Models: ['SkyNova_4B']. Semaphore: Semaphore(value=5, locked=False). global_counter: 1
2026-01-19 18:55:54 | INFO | model_worker | Send heart beat. Models: ['SkyNova_4B']. Semaphore: Semaphore(value=5, locked=False). global_counter: 1
2026-01-19 18:56:09 | INFO | model_worker | Send heart beat. Models: ['SkyNova_4B']. Semaphore: Semaphore(value=5, locked=False). global_counter: 1
2026-01-19 18:56:24 | INFO | model_worker | Send heart beat. Models: ['SkyNova_4B']. Semaphore: Semaphore(value=5, locked=False). global_counter: 1
2026-01-19 18:56:39 | INFO | model_worker | Send heart beat. Models: ['SkyNova_4B']. Semaphore: Semaphore(value=5, locked=False). global_counter: 1
2026-01-19 18:56:54 | INFO | model_worker | Send heart beat. Models: ['SkyNova_4B']. Semaphore: Semaphore(value=5, locked=False). global_counter: 1
2026-01-19 18:57:10 | INFO | model_worker | Send heart beat. Models: ['SkyNova_4B']. Semaphore: Semaphore(value=5, locked=False). global_counter: 1
2026-01-19 18:57:25 | INFO | model_worker | Send heart beat. Models: ['SkyNova_4B']. Semaphore: Semaphore(value=5, locked=False). global_counter: 1
2026-01-19 18:57:40 | INFO | model_worker | Send heart beat. Models: ['SkyNova_4B']. Semaphore: Semaphore(value=5, locked=False). global_counter: 1
2026-01-19 18:57:55 | INFO | model_worker | Send heart beat. Models: ['SkyNova_4B']. Semaphore: Semaphore(value=5, locked=False). global_counter: 1
2026-01-19 18:58:10 | INFO | model_worker | Send heart beat. Models: ['SkyNova_4B']. Semaphore: Semaphore(value=5, locked=False). global_counter: 1
2026-01-19 18:58:25 | INFO | model_worker | Send heart beat. Models: ['SkyNova_4B']. Semaphore: Semaphore(value=5, locked=False). global_counter: 1
2026-01-19 18:58:40 | INFO | model_worker | Send heart beat. Models: ['SkyNova_4B']. Semaphore: Semaphore(value=5, locked=False). global_counter: 1
2026-01-19 18:58:55 | INFO | model_worker | Send heart beat. Models: ['SkyNova_4B']. Semaphore: Semaphore(value=5, locked=False). global_counter: 1
2026-01-19 18:59:10 | INFO | model_worker | Send heart beat. Models: ['SkyNova_4B']. Semaphore: Semaphore(value=5, locked=False). global_counter: 1
2026-01-19 18:59:25 | INFO | model_worker | Send heart beat. Models: ['SkyNova_4B']. Semaphore: Semaphore(value=5, locked=False). global_counter: 1
2026-01-19 18:59:40 | INFO | model_worker | Send heart beat. Models: ['SkyNova_4B']. Semaphore: Semaphore(value=5, locked=False). global_counter: 1
2026-01-19 18:59:55 | INFO | model_worker | Send heart beat. Models: ['SkyNova_4B']. Semaphore: Semaphore(value=5, locked=False). global_counter: 1
2026-01-19 19:00:10 | INFO | model_worker | Send heart beat. Models: ['SkyNova_4B']. Semaphore: Semaphore(value=5, locked=False). global_counter: 1
2026-01-19 19:00:25 | INFO | model_worker | Send heart beat. Models: ['SkyNova_4B']. Semaphore: Semaphore(value=5, locked=False). global_counter: 1
2026-01-19 19:00:40 | INFO | model_worker | Send heart beat. Models: ['SkyNova_4B']. Semaphore: Semaphore(value=5, locked=False). global_counter: 1
2026-01-19 19:00:55 | INFO | model_worker | Send heart beat. Models: ['SkyNova_4B']. Semaphore: Semaphore(value=5, locked=False). global_counter: 1
2026-01-19 19:01:10 | INFO | model_worker | Send heart beat. Models: ['SkyNova_4B']. Semaphore: Semaphore(value=5, locked=False). global_counter: 1
2026-01-19 19:01:25 | INFO | model_worker | Send heart beat. Models: ['SkyNova_4B']. Semaphore: Semaphore(value=5, locked=False). global_counter: 1
2026-01-19 19:01:40 | INFO | model_worker | Send heart beat. Models: ['SkyNova_4B']. Semaphore: Semaphore(value=5, locked=False). global_counter: 1
2026-01-19 19:01:55 | INFO | model_worker | Send heart beat. Models: ['SkyNova_4B']. Semaphore: Semaphore(value=5, locked=False). global_counter: 1
2026-01-19 19:02:10 | INFO | model_worker | Send heart beat. Models: ['SkyNova_4B']. Semaphore: Semaphore(value=5, locked=False). global_counter: 1
2026-01-19 19:02:25 | INFO | model_worker | Send heart beat. Models: ['SkyNova_4B']. Semaphore: Semaphore(value=5, locked=False). global_counter: 1
2026-01-19 19:02:40 | INFO | model_worker | Send heart beat. Models: ['SkyNova_4B']. Semaphore: Semaphore(value=5, locked=False). global_counter: 1
2026-01-19 19:02:55 | INFO | model_worker | Send heart beat. Models: ['SkyNova_4B']. Semaphore: Semaphore(value=5, locked=False). global_counter: 1
2026-01-19 19:03:10 | INFO | model_worker | Send heart beat. Models: ['SkyNova_4B']. Semaphore: Semaphore(value=5, locked=False). global_counter: 1
2026-01-19 19:03:25 | INFO | model_worker | Send heart beat. Models: ['SkyNova_4B']. Semaphore: Semaphore(value=5, locked=False). global_counter: 1
2026-01-19 19:03:40 | INFO | model_worker | Send heart beat. Models: ['SkyNova_4B']. Semaphore: Semaphore(value=5, locked=False). global_counter: 1
2026-01-19 19:03:55 | INFO | model_worker | Send heart beat. Models: ['SkyNova_4B']. Semaphore: Semaphore(value=5, locked=False). global_counter: 1
2026-01-19 19:04:10 | INFO | model_worker | Send heart beat. Models: ['SkyNova_4B']. Semaphore: Semaphore(value=5, locked=False). global_counter: 1
2026-01-19 19:04:25 | INFO | model_worker | Send heart beat. Models: ['SkyNova_4B']. Semaphore: Semaphore(value=5, locked=False). global_counter: 1
2026-01-19 19:04:40 | INFO | model_worker | Send heart beat. Models: ['SkyNova_4B']. Semaphore: Semaphore(value=5, locked=False). global_counter: 1
2026-01-19 19:04:55 | INFO | model_worker | Send heart beat. Models: ['SkyNova_4B']. Semaphore: Semaphore(value=5, locked=False). global_counter: 1
2026-01-19 19:05:10 | INFO | model_worker | Send heart beat. Models: ['SkyNova_4B']. Semaphore: Semaphore(value=5, locked=False). global_counter: 1
2026-01-19 19:05:25 | INFO | model_worker | Send heart beat. Models: ['SkyNova_4B']. Semaphore: Semaphore(value=5, locked=False). global_counter: 1
2026-01-19 19:05:40 | INFO | model_worker | Send heart beat. Models: ['SkyNova_4B']. Semaphore: Semaphore(value=5, locked=False). global_counter: 1
2026-01-19 19:05:55 | INFO | model_worker | Send heart beat. Models: ['SkyNova_4B']. Semaphore: Semaphore(value=5, locked=False). global_counter: 1
2026-01-19 19:06:10 | INFO | model_worker | Send heart beat. Models: ['SkyNova_4B']. Semaphore: Semaphore(value=5, locked=False). global_counter: 1
2026-01-19 19:06:25 | INFO | model_worker | Send heart beat. Models: ['SkyNova_4B']. Semaphore: Semaphore(value=5, locked=False). global_counter: 1
2026-01-19 19:06:40 | INFO | model_worker | Send heart beat. Models: ['SkyNova_4B']. Semaphore: Semaphore(value=5, locked=False). global_counter: 1
2026-01-19 19:06:55 | INFO | model_worker | Send heart beat. Models: ['SkyNova_4B']. Semaphore: Semaphore(value=5, locked=False). global_counter: 1
2026-01-19 19:07:10 | INFO | model_worker | Send heart beat. Models: ['SkyNova_4B']. Semaphore: Semaphore(value=5, locked=False). global_counter: 1
2026-01-19 19:07:25 | INFO | model_worker | Send heart beat. Models: ['SkyNova_4B']. Semaphore: Semaphore(value=5, locked=False). global_counter: 1
2026-01-19 19:07:40 | INFO | model_worker | Send heart beat. Models: ['SkyNova_4B']. Semaphore: Semaphore(value=5, locked=False). global_counter: 1
