2025-12-24 14:56:33 | INFO | model_worker | args: Namespace(host='0.0.0.0', port=40001, worker_address='http://127.0.0.1:40001', controller_address='http://127.0.0.1:40000', model_path='/root/autodl-tmp/EarthDial/checkpoints/SkyNova_4B', model_name=None, device='cuda', limit_model_concurrency=5, stream_interval=1, load_8bit=False)
2025-12-24 14:56:33 | INFO | model_worker | Loading the model SkyNova_4B on worker fa7f48 ...
2025-12-24 14:56:33 | WARNING | transformers.tokenization_utils_base | Special tokens have been added in the vocabulary, make sure the associated word embeddings are fine-tuned or trained.
2025-12-24 14:56:33 | WARNING | transformers.tokenization_utils_base | Special tokens have been added in the vocabulary, make sure the associated word embeddings are fine-tuned or trained.
2025-12-24 14:56:35 | INFO | stdout | FlashAttention is not installed.
2025-12-24 14:56:35 | INFO | stdout | Warning: Flash Attention is not available, use_flash_attn is set to False.
2025-12-24 14:56:35 | INFO | stdout | Warning: Flash Attention is not available, use_flash_attn is set to False.
2025-12-24 14:56:35 | INFO | stdout | Warning: Flash Attention is not available, use_flash_attn is set to False.
2025-12-24 14:56:35 | INFO | stdout | Warning: Flash Attention is not available, use_flash_attn is set to False.
2025-12-24 14:56:35 | INFO | stdout | Warning: Flash Attention is not available, use_flash_attn is set to False.
2025-12-24 14:56:35 | INFO | stdout | Warning: Flash Attention is not available, use_flash_attn is set to False.
2025-12-24 14:56:35 | INFO | stdout | Warning: Flash Attention is not available, use_flash_attn is set to False.
2025-12-24 14:56:35 | INFO | stdout | Warning: Flash Attention is not available, use_flash_attn is set to False.
2025-12-24 14:56:35 | INFO | stdout | Warning: Flash Attention is not available, use_flash_attn is set to False.
2025-12-24 14:56:35 | INFO | stdout | Warning: Flash Attention is not available, use_flash_attn is set to False.
2025-12-24 14:56:35 | INFO | stdout | Warning: Flash Attention is not available, use_flash_attn is set to False.
2025-12-24 14:56:35 | INFO | stdout | Warning: Flash Attention is not available, use_flash_attn is set to False.
2025-12-24 14:56:35 | INFO | stdout | Warning: Flash Attention is not available, use_flash_attn is set to False.
2025-12-24 14:56:35 | INFO | stdout | Warning: Flash Attention is not available, use_flash_attn is set to False.
2025-12-24 14:56:35 | INFO | stdout | Warning: Flash Attention is not available, use_flash_attn is set to False.
2025-12-24 14:56:35 | INFO | stdout | Warning: Flash Attention is not available, use_flash_attn is set to False.
2025-12-24 14:56:35 | INFO | stdout | Warning: Flash Attention is not available, use_flash_attn is set to False.
2025-12-24 14:56:35 | INFO | stdout | Warning: Flash Attention is not available, use_flash_attn is set to False.
2025-12-24 14:56:35 | INFO | stdout | Warning: Flash Attention is not available, use_flash_attn is set to False.
2025-12-24 14:56:35 | INFO | stdout | Warning: Flash Attention is not available, use_flash_attn is set to False.
2025-12-24 14:56:35 | INFO | stdout | Warning: Flash Attention is not available, use_flash_attn is set to False.
2025-12-24 14:56:35 | INFO | stdout | Warning: Flash Attention is not available, use_flash_attn is set to False.
2025-12-24 14:56:35 | INFO | stdout | Warning: Flash Attention is not available, use_flash_attn is set to False.
2025-12-24 14:56:35 | INFO | stdout | Warning: Flash Attention is not available, use_flash_attn is set to False.
2025-12-24 14:56:35 | ERROR | stderr | Loading checkpoint shards:   0%|                                                                                                                                                                         | 0/2 [00:00<?, ?it/s]
2025-12-24 14:56:36 | ERROR | stderr | Loading checkpoint shards:  50%|████████████████████████████████████████████████████████████████████████████████▌                                                                                | 1/2 [00:00<00:00,  1.29it/s]
2025-12-24 14:56:37 | ERROR | stderr | Loading checkpoint shards: 100%|█████████████████████████████████████████████████████████████████████████████████████████████████████████████████████████████████████████████████████████████████| 2/2 [00:01<00:00,  1.56it/s]
2025-12-24 14:56:37 | ERROR | stderr | Loading checkpoint shards: 100%|█████████████████████████████████████████████████████████████████████████████████████████████████████████████████████████████████████████████████████████████████| 2/2 [00:01<00:00,  1.51it/s]
2025-12-24 14:56:37 | ERROR | stderr | 
2025-12-24 14:56:38 | INFO | model_worker | Register to controller
2025-12-24 14:56:38 | ERROR | stderr | INFO:     Started server process [28326]
2025-12-24 14:56:38 | ERROR | stderr | INFO:     Waiting for application startup.
2025-12-24 14:56:38 | ERROR | stderr | INFO:     Application startup complete.
2025-12-24 14:56:38 | ERROR | stderr | INFO:     Uvicorn running on http://0.0.0.0:40001 (Press CTRL+C to quit)
2025-12-24 14:56:53 | INFO | model_worker | Send heart beat. Models: ['SkyNova_4B']. Semaphore: None. global_counter: 0
2025-12-24 14:57:08 | INFO | model_worker | Send heart beat. Models: ['SkyNova_4B']. Semaphore: None. global_counter: 0
2025-12-24 14:57:23 | INFO | model_worker | Send heart beat. Models: ['SkyNova_4B']. Semaphore: None. global_counter: 0
2025-12-24 14:57:38 | INFO | model_worker | Send heart beat. Models: ['SkyNova_4B']. Semaphore: None. global_counter: 0
2025-12-24 14:57:53 | INFO | model_worker | Send heart beat. Models: ['SkyNova_4B']. Semaphore: None. global_counter: 0
2025-12-24 14:58:08 | INFO | model_worker | Send heart beat. Models: ['SkyNova_4B']. Semaphore: None. global_counter: 0
2025-12-24 14:58:23 | INFO | model_worker | Send heart beat. Models: ['SkyNova_4B']. Semaphore: None. global_counter: 0
2025-12-24 14:58:38 | INFO | model_worker | Send heart beat. Models: ['SkyNova_4B']. Semaphore: None. global_counter: 0
2025-12-24 14:58:53 | INFO | model_worker | Send heart beat. Models: ['SkyNova_4B']. Semaphore: None. global_counter: 0
2025-12-24 14:59:09 | INFO | model_worker | Send heart beat. Models: ['SkyNova_4B']. Semaphore: None. global_counter: 0
2025-12-24 14:59:24 | INFO | model_worker | Send heart beat. Models: ['SkyNova_4B']. Semaphore: None. global_counter: 0
2025-12-24 14:59:39 | INFO | model_worker | Send heart beat. Models: ['SkyNova_4B']. Semaphore: None. global_counter: 0
2025-12-24 14:59:54 | INFO | model_worker | Send heart beat. Models: ['SkyNova_4B']. Semaphore: None. global_counter: 0
2025-12-24 15:00:09 | INFO | model_worker | Send heart beat. Models: ['SkyNova_4B']. Semaphore: None. global_counter: 0
2025-12-24 15:00:24 | INFO | model_worker | Send heart beat. Models: ['SkyNova_4B']. Semaphore: None. global_counter: 0
2025-12-24 15:00:39 | INFO | model_worker | Send heart beat. Models: ['SkyNova_4B']. Semaphore: None. global_counter: 0
2025-12-24 15:00:54 | INFO | model_worker | Send heart beat. Models: ['SkyNova_4B']. Semaphore: None. global_counter: 0
2025-12-24 15:01:09 | INFO | model_worker | Send heart beat. Models: ['SkyNova_4B']. Semaphore: None. global_counter: 0
2025-12-24 15:01:24 | INFO | model_worker | Send heart beat. Models: ['SkyNova_4B']. Semaphore: None. global_counter: 0
2025-12-24 15:01:39 | INFO | model_worker | Send heart beat. Models: ['SkyNova_4B']. Semaphore: None. global_counter: 0
2025-12-24 15:01:54 | INFO | model_worker | Send heart beat. Models: ['SkyNova_4B']. Semaphore: None. global_counter: 0
2025-12-24 15:02:09 | INFO | model_worker | Send heart beat. Models: ['SkyNova_4B']. Semaphore: None. global_counter: 0
2025-12-24 15:02:24 | INFO | model_worker | Send heart beat. Models: ['SkyNova_4B']. Semaphore: None. global_counter: 0
2025-12-24 15:02:39 | INFO | model_worker | Send heart beat. Models: ['SkyNova_4B']. Semaphore: None. global_counter: 0
2025-12-24 15:02:54 | INFO | model_worker | Send heart beat. Models: ['SkyNova_4B']. Semaphore: None. global_counter: 0
2025-12-24 15:03:09 | INFO | model_worker | Send heart beat. Models: ['SkyNova_4B']. Semaphore: None. global_counter: 0
2025-12-24 15:03:24 | INFO | model_worker | Send heart beat. Models: ['SkyNova_4B']. Semaphore: None. global_counter: 0
2025-12-24 15:03:39 | INFO | model_worker | Send heart beat. Models: ['SkyNova_4B']. Semaphore: None. global_counter: 0
2025-12-24 15:03:54 | INFO | model_worker | Send heart beat. Models: ['SkyNova_4B']. Semaphore: None. global_counter: 0
2025-12-24 15:04:09 | INFO | model_worker | Send heart beat. Models: ['SkyNova_4B']. Semaphore: None. global_counter: 0
2025-12-24 15:04:24 | INFO | model_worker | Send heart beat. Models: ['SkyNova_4B']. Semaphore: None. global_counter: 0
2025-12-24 15:04:27 | INFO | stdout | INFO:     127.0.0.1:37678 - "POST /worker_get_status HTTP/1.1" 200 OK
2025-12-24 15:04:39 | INFO | model_worker | Send heart beat. Models: ['SkyNova_4B']. Semaphore: None. global_counter: 0
2025-12-24 15:04:54 | INFO | model_worker | Send heart beat. Models: ['SkyNova_4B']. Semaphore: None. global_counter: 0
2025-12-24 15:05:09 | INFO | model_worker | Send heart beat. Models: ['SkyNova_4B']. Semaphore: None. global_counter: 0
2025-12-24 15:05:24 | INFO | model_worker | Send heart beat. Models: ['SkyNova_4B']. Semaphore: None. global_counter: 0
2025-12-24 15:05:39 | INFO | model_worker | Send heart beat. Models: ['SkyNova_4B']. Semaphore: None. global_counter: 0
2025-12-24 15:05:54 | INFO | model_worker | Send heart beat. Models: ['SkyNova_4B']. Semaphore: None. global_counter: 0
2025-12-24 15:06:09 | INFO | model_worker | Send heart beat. Models: ['SkyNova_4B']. Semaphore: None. global_counter: 0
2025-12-24 15:06:24 | INFO | model_worker | Send heart beat. Models: ['SkyNova_4B']. Semaphore: None. global_counter: 0
2025-12-24 15:06:39 | INFO | model_worker | Send heart beat. Models: ['SkyNova_4B']. Semaphore: None. global_counter: 0
2025-12-24 15:06:54 | INFO | model_worker | Send heart beat. Models: ['SkyNova_4B']. Semaphore: None. global_counter: 0
2025-12-24 15:07:09 | INFO | model_worker | Send heart beat. Models: ['SkyNova_4B']. Semaphore: None. global_counter: 0
2025-12-24 15:07:24 | INFO | model_worker | Send heart beat. Models: ['SkyNova_4B']. Semaphore: None. global_counter: 0
2025-12-24 15:07:39 | INFO | model_worker | Send heart beat. Models: ['SkyNova_4B']. Semaphore: None. global_counter: 0
2025-12-24 15:07:54 | INFO | model_worker | Send heart beat. Models: ['SkyNova_4B']. Semaphore: None. global_counter: 0
2025-12-24 15:08:09 | INFO | model_worker | Send heart beat. Models: ['SkyNova_4B']. Semaphore: None. global_counter: 0
2025-12-24 15:08:24 | INFO | model_worker | Send heart beat. Models: ['SkyNova_4B']. Semaphore: None. global_counter: 0
2025-12-24 15:08:39 | INFO | model_worker | Send heart beat. Models: ['SkyNova_4B']. Semaphore: None. global_counter: 0
2025-12-24 15:08:54 | INFO | model_worker | Send heart beat. Models: ['SkyNova_4B']. Semaphore: None. global_counter: 0
2025-12-24 15:09:09 | INFO | model_worker | Send heart beat. Models: ['SkyNova_4B']. Semaphore: None. global_counter: 0
2025-12-24 15:09:24 | INFO | model_worker | Send heart beat. Models: ['SkyNova_4B']. Semaphore: None. global_counter: 0
2025-12-24 15:09:39 | INFO | model_worker | Send heart beat. Models: ['SkyNova_4B']. Semaphore: None. global_counter: 0
2025-12-24 15:09:54 | INFO | model_worker | Send heart beat. Models: ['SkyNova_4B']. Semaphore: None. global_counter: 0
2025-12-24 15:10:09 | INFO | model_worker | Send heart beat. Models: ['SkyNova_4B']. Semaphore: None. global_counter: 0
2025-12-24 15:10:24 | INFO | model_worker | Send heart beat. Models: ['SkyNova_4B']. Semaphore: None. global_counter: 0
2025-12-24 15:10:39 | INFO | model_worker | Send heart beat. Models: ['SkyNova_4B']. Semaphore: None. global_counter: 0
2025-12-24 15:10:54 | INFO | model_worker | Send heart beat. Models: ['SkyNova_4B']. Semaphore: None. global_counter: 0
2025-12-24 15:11:09 | INFO | model_worker | Send heart beat. Models: ['SkyNova_4B']. Semaphore: None. global_counter: 0
2025-12-24 15:11:25 | INFO | model_worker | Send heart beat. Models: ['SkyNova_4B']. Semaphore: None. global_counter: 0
2025-12-24 15:11:40 | INFO | model_worker | Send heart beat. Models: ['SkyNova_4B']. Semaphore: None. global_counter: 0
2025-12-24 15:11:41 | INFO | stdout | INFO:     127.0.0.1:60918 - "POST /worker_get_status HTTP/1.1" 200 OK
2025-12-24 15:11:55 | INFO | model_worker | Send heart beat. Models: ['SkyNova_4B']. Semaphore: None. global_counter: 0
2025-12-24 15:12:10 | INFO | model_worker | Send heart beat. Models: ['SkyNova_4B']. Semaphore: None. global_counter: 0
2025-12-24 15:12:25 | INFO | model_worker | Send heart beat. Models: ['SkyNova_4B']. Semaphore: None. global_counter: 0
2025-12-24 15:12:33 | INFO | stdout | INFO:     127.0.0.1:47778 - "POST /worker_get_status HTTP/1.1" 200 OK
2025-12-24 15:12:40 | INFO | model_worker | Send heart beat. Models: ['SkyNova_4B']. Semaphore: None. global_counter: 0
2025-12-24 15:12:55 | INFO | model_worker | Send heart beat. Models: ['SkyNova_4B']. Semaphore: None. global_counter: 0
2025-12-24 15:13:10 | INFO | model_worker | Send heart beat. Models: ['SkyNova_4B']. Semaphore: None. global_counter: 0
2025-12-24 15:13:25 | INFO | model_worker | Send heart beat. Models: ['SkyNova_4B']. Semaphore: None. global_counter: 0
2025-12-24 15:13:40 | INFO | model_worker | Send heart beat. Models: ['SkyNova_4B']. Semaphore: None. global_counter: 0
2025-12-24 15:13:55 | INFO | model_worker | Send heart beat. Models: ['SkyNova_4B']. Semaphore: None. global_counter: 0
2025-12-24 15:14:10 | INFO | model_worker | Send heart beat. Models: ['SkyNova_4B']. Semaphore: None. global_counter: 0
2025-12-24 15:14:25 | INFO | model_worker | Send heart beat. Models: ['SkyNova_4B']. Semaphore: None. global_counter: 0
2025-12-24 15:14:34 | INFO | stdout | INFO:     127.0.0.1:43248 - "POST /worker_get_status HTTP/1.1" 200 OK
2025-12-24 15:14:34 | INFO | stdout | INFO:     127.0.0.1:43262 - "POST /worker_get_status HTTP/1.1" 200 OK
2025-12-24 15:14:34 | INFO | model_worker | Send heart beat. Models: ['SkyNova_4B']. Semaphore: Semaphore(value=4, locked=False). global_counter: 1
2025-12-24 15:14:34 | INFO | stdout | INFO:     127.0.0.1:43272 - "POST /worker_generate_stream HTTP/1.1" 200 OK
2025-12-24 15:14:34 | INFO | model_worker | Split images to torch.Size([13, 3, 448, 448])
2025-12-24 15:14:34 | INFO | model_worker | Generation config: {'num_beams': 1, 'max_new_tokens': 1024, 'do_sample': True, 'temperature': 0.7, 'repetition_penalty': 1.1, 'max_length': 8192, 'top_p': 0.95, 'streamer': <transformers.generation.streamers.TextIteratorStreamer object at 0x7f2ec874d720>}
2025-12-24 15:14:35 | WARNING | transformers.generation.utils | Both `max_new_tokens` (=1024) and `max_length`(=8192) seem to have been set. `max_new_tokens` will take precedence. Please refer to the documentation for more information. (https://huggingface.co/docs/transformers/main/en/main_classes/text_generation)
2025-12-24 15:14:36 | INFO | model_worker | max_input_tile_list: [12], history: [], question: <image>
Give me the location of <ref> tennis courts </ref> at center and location of all the <ref>trees</ref>., answer: <box> [[51, 62, 53, 65, 0]] </box> 
2025-12-24 15:14:36 | INFO | model_worker | Send heart beat. Models: ['SkyNova_4B']. Semaphore: Semaphore(value=5, locked=False). global_counter: 1
2025-12-24 15:14:40 | INFO | stdout | INFO:     127.0.0.1:34434 - "POST /worker_get_status HTTP/1.1" 200 OK
2025-12-24 15:14:40 | INFO | model_worker | Send heart beat. Models: ['SkyNova_4B']. Semaphore: Semaphore(value=5, locked=False). global_counter: 1
2025-12-24 15:14:43 | INFO | stdout | INFO:     127.0.0.1:34442 - "POST /worker_get_status HTTP/1.1" 200 OK
2025-12-24 15:14:43 | INFO | stdout | INFO:     127.0.0.1:34446 - "POST /worker_get_status HTTP/1.1" 200 OK
2025-12-24 15:14:43 | INFO | model_worker | Send heart beat. Models: ['SkyNova_4B']. Semaphore: Semaphore(value=4, locked=False). global_counter: 2
2025-12-24 15:14:43 | INFO | stdout | INFO:     127.0.0.1:34448 - "POST /worker_generate_stream HTTP/1.1" 200 OK
2025-12-24 15:14:43 | INFO | model_worker | Split images to torch.Size([7, 3, 448, 448])
2025-12-24 15:14:43 | INFO | model_worker | Generation config: {'num_beams': 1, 'max_new_tokens': 1024, 'do_sample': True, 'temperature': 0.7, 'repetition_penalty': 1.1, 'max_length': 8192, 'top_p': 0.95, 'streamer': <transformers.generation.streamers.TextIteratorStreamer object at 0x7f2ec8799ff0>}
2025-12-24 15:14:43 | WARNING | transformers.generation.utils | Both `max_new_tokens` (=1024) and `max_length`(=8192) seem to have been set. `max_new_tokens` will take precedence. Please refer to the documentation for more information. (https://huggingface.co/docs/transformers/main/en/main_classes/text_generation)
2025-12-24 15:14:44 | INFO | model_worker | max_input_tile_list: [12], history: [], question: <image>
Give me the location of methane plume in the image?, answer: There is no methane plume in the image. 
2025-12-24 15:14:44 | INFO | model_worker | Send heart beat. Models: ['SkyNova_4B']. Semaphore: Semaphore(value=5, locked=False). global_counter: 2
2025-12-24 15:14:47 | INFO | stdout | INFO:     127.0.0.1:46866 - "POST /worker_get_status HTTP/1.1" 200 OK
2025-12-24 15:14:55 | INFO | model_worker | Send heart beat. Models: ['SkyNova_4B']. Semaphore: Semaphore(value=5, locked=False). global_counter: 2
2025-12-24 15:15:10 | INFO | model_worker | Send heart beat. Models: ['SkyNova_4B']. Semaphore: Semaphore(value=5, locked=False). global_counter: 2
2025-12-24 15:15:25 | INFO | model_worker | Send heart beat. Models: ['SkyNova_4B']. Semaphore: Semaphore(value=5, locked=False). global_counter: 2
2025-12-24 15:15:33 | INFO | stdout | INFO:     127.0.0.1:44514 - "POST /worker_get_status HTTP/1.1" 200 OK
2025-12-24 15:15:33 | INFO | stdout | INFO:     127.0.0.1:44528 - "POST /worker_get_status HTTP/1.1" 200 OK
2025-12-24 15:15:33 | INFO | model_worker | Send heart beat. Models: ['SkyNova_4B']. Semaphore: Semaphore(value=4, locked=False). global_counter: 3
2025-12-24 15:15:33 | INFO | stdout | INFO:     127.0.0.1:44532 - "POST /worker_generate_stream HTTP/1.1" 200 OK
2025-12-24 15:15:33 | INFO | model_worker | Split images to torch.Size([3, 3, 448, 448])
2025-12-24 15:15:33 | INFO | model_worker | Generation config: {'num_beams': 1, 'max_new_tokens': 1024, 'do_sample': True, 'temperature': 0.7, 'repetition_penalty': 1.1, 'max_length': 8192, 'top_p': 0.95, 'streamer': <transformers.generation.streamers.TextIteratorStreamer object at 0x7f2ec879b400>}
2025-12-24 15:15:33 | WARNING | transformers.generation.utils | Both `max_new_tokens` (=1024) and `max_length`(=8192) seem to have been set. `max_new_tokens` will take precedence. Please refer to the documentation for more information. (https://huggingface.co/docs/transformers/main/en/main_classes/text_generation)
2025-12-24 15:15:34 | INFO | model_worker | max_input_tile_list: [12], history: [], question: <image>
What is the botanical species name of this tree?, answer: Bush, scrub 
2025-12-24 15:15:34 | INFO | model_worker | Send heart beat. Models: ['SkyNova_4B']. Semaphore: Semaphore(value=5, locked=False). global_counter: 3
2025-12-24 15:15:40 | INFO | model_worker | Send heart beat. Models: ['SkyNova_4B']. Semaphore: Semaphore(value=5, locked=False). global_counter: 3
2025-12-24 15:15:42 | INFO | stdout | INFO:     127.0.0.1:59356 - "POST /worker_get_status HTTP/1.1" 200 OK
2025-12-24 15:15:42 | INFO | model_worker | Send heart beat. Models: ['SkyNova_4B']. Semaphore: Semaphore(value=4, locked=False). global_counter: 4
2025-12-24 15:15:42 | INFO | stdout | INFO:     127.0.0.1:59358 - "POST /worker_generate_stream HTTP/1.1" 200 OK
2025-12-24 15:15:42 | INFO | model_worker | Split images to torch.Size([3, 3, 448, 448])
2025-12-24 15:15:42 | INFO | model_worker | Generation config: {'num_beams': 1, 'max_new_tokens': 1024, 'do_sample': True, 'temperature': 0.7, 'repetition_penalty': 1.1, 'max_length': 8192, 'top_p': 0.95, 'streamer': <transformers.generation.streamers.TextIteratorStreamer object at 0x7f2ec879a740>}
2025-12-24 15:15:42 | WARNING | transformers.generation.utils | Both `max_new_tokens` (=1024) and `max_length`(=8192) seem to have been set. `max_new_tokens` will take precedence. Please refer to the documentation for more information. (https://huggingface.co/docs/transformers/main/en/main_classes/text_generation)
2025-12-24 15:15:43 | INFO | model_worker | max_input_tile_list: [12], history: [], question: <image>
What is the botanical species name of this tree?, answer: The botanical species name of this tree is Acer rubra. 
2025-12-24 15:15:43 | INFO | model_worker | Send heart beat. Models: ['SkyNova_4B']. Semaphore: Semaphore(value=5, locked=False). global_counter: 4
2025-12-24 15:15:55 | INFO | model_worker | Send heart beat. Models: ['SkyNova_4B']. Semaphore: Semaphore(value=5, locked=False). global_counter: 4
2025-12-24 15:16:10 | INFO | model_worker | Send heart beat. Models: ['SkyNova_4B']. Semaphore: Semaphore(value=5, locked=False). global_counter: 4
2025-12-24 15:16:25 | INFO | model_worker | Send heart beat. Models: ['SkyNova_4B']. Semaphore: Semaphore(value=5, locked=False). global_counter: 4
2025-12-24 15:16:40 | INFO | model_worker | Send heart beat. Models: ['SkyNova_4B']. Semaphore: Semaphore(value=5, locked=False). global_counter: 4
2025-12-24 15:16:55 | INFO | model_worker | Send heart beat. Models: ['SkyNova_4B']. Semaphore: Semaphore(value=5, locked=False). global_counter: 4
2025-12-24 15:17:10 | INFO | model_worker | Send heart beat. Models: ['SkyNova_4B']. Semaphore: Semaphore(value=5, locked=False). global_counter: 4
2025-12-24 15:17:25 | INFO | model_worker | Send heart beat. Models: ['SkyNova_4B']. Semaphore: Semaphore(value=5, locked=False). global_counter: 4
2025-12-24 15:17:40 | INFO | model_worker | Send heart beat. Models: ['SkyNova_4B']. Semaphore: Semaphore(value=5, locked=False). global_counter: 4
2025-12-24 15:17:55 | INFO | model_worker | Send heart beat. Models: ['SkyNova_4B']. Semaphore: Semaphore(value=5, locked=False). global_counter: 4
2025-12-24 15:18:10 | INFO | model_worker | Send heart beat. Models: ['SkyNova_4B']. Semaphore: Semaphore(value=5, locked=False). global_counter: 4
2025-12-24 15:18:25 | INFO | model_worker | Send heart beat. Models: ['SkyNova_4B']. Semaphore: Semaphore(value=5, locked=False). global_counter: 4
2025-12-24 15:18:40 | INFO | model_worker | Send heart beat. Models: ['SkyNova_4B']. Semaphore: Semaphore(value=5, locked=False). global_counter: 4
2025-12-24 15:18:55 | INFO | model_worker | Send heart beat. Models: ['SkyNova_4B']. Semaphore: Semaphore(value=5, locked=False). global_counter: 4
2025-12-24 15:19:10 | INFO | model_worker | Send heart beat. Models: ['SkyNova_4B']. Semaphore: Semaphore(value=5, locked=False). global_counter: 4
2025-12-24 15:19:25 | INFO | model_worker | Send heart beat. Models: ['SkyNova_4B']. Semaphore: Semaphore(value=5, locked=False). global_counter: 4
2025-12-24 15:19:40 | INFO | model_worker | Send heart beat. Models: ['SkyNova_4B']. Semaphore: Semaphore(value=5, locked=False). global_counter: 4
2025-12-24 15:19:55 | INFO | model_worker | Send heart beat. Models: ['SkyNova_4B']. Semaphore: Semaphore(value=5, locked=False). global_counter: 4
2025-12-24 15:20:10 | INFO | model_worker | Send heart beat. Models: ['SkyNova_4B']. Semaphore: Semaphore(value=5, locked=False). global_counter: 4
2025-12-24 15:20:25 | INFO | model_worker | Send heart beat. Models: ['SkyNova_4B']. Semaphore: Semaphore(value=5, locked=False). global_counter: 4
2025-12-24 15:20:40 | INFO | model_worker | Send heart beat. Models: ['SkyNova_4B']. Semaphore: Semaphore(value=5, locked=False). global_counter: 4
2025-12-24 15:20:55 | INFO | model_worker | Send heart beat. Models: ['SkyNova_4B']. Semaphore: Semaphore(value=5, locked=False). global_counter: 4
2025-12-24 15:21:10 | INFO | model_worker | Send heart beat. Models: ['SkyNova_4B']. Semaphore: Semaphore(value=5, locked=False). global_counter: 4
2025-12-24 15:21:25 | INFO | model_worker | Send heart beat. Models: ['SkyNova_4B']. Semaphore: Semaphore(value=5, locked=False). global_counter: 4
2025-12-24 15:21:40 | INFO | model_worker | Send heart beat. Models: ['SkyNova_4B']. Semaphore: Semaphore(value=5, locked=False). global_counter: 4
2025-12-24 15:21:44 | INFO | stdout | INFO:     127.0.0.1:50068 - "POST /worker_get_status HTTP/1.1" 200 OK
2025-12-24 15:21:55 | INFO | model_worker | Send heart beat. Models: ['SkyNova_4B']. Semaphore: Semaphore(value=5, locked=False). global_counter: 4
2025-12-24 15:22:10 | INFO | model_worker | Send heart beat. Models: ['SkyNova_4B']. Semaphore: Semaphore(value=5, locked=False). global_counter: 4
2025-12-24 15:22:25 | INFO | model_worker | Send heart beat. Models: ['SkyNova_4B']. Semaphore: Semaphore(value=5, locked=False). global_counter: 4
2025-12-24 15:22:40 | INFO | model_worker | Send heart beat. Models: ['SkyNova_4B']. Semaphore: Semaphore(value=5, locked=False). global_counter: 4
2025-12-24 15:22:55 | INFO | model_worker | Send heart beat. Models: ['SkyNova_4B']. Semaphore: Semaphore(value=5, locked=False). global_counter: 4
2025-12-24 15:23:10 | INFO | model_worker | Send heart beat. Models: ['SkyNova_4B']. Semaphore: Semaphore(value=5, locked=False). global_counter: 4
2025-12-24 15:23:25 | INFO | model_worker | Send heart beat. Models: ['SkyNova_4B']. Semaphore: Semaphore(value=5, locked=False). global_counter: 4
2025-12-24 15:23:40 | INFO | model_worker | Send heart beat. Models: ['SkyNova_4B']. Semaphore: Semaphore(value=5, locked=False). global_counter: 4
2025-12-24 15:23:55 | INFO | model_worker | Send heart beat. Models: ['SkyNova_4B']. Semaphore: Semaphore(value=5, locked=False). global_counter: 4
2025-12-24 15:24:10 | INFO | model_worker | Send heart beat. Models: ['SkyNova_4B']. Semaphore: Semaphore(value=5, locked=False). global_counter: 4
2025-12-24 15:24:25 | INFO | model_worker | Send heart beat. Models: ['SkyNova_4B']. Semaphore: Semaphore(value=5, locked=False). global_counter: 4
2025-12-24 15:24:41 | INFO | model_worker | Send heart beat. Models: ['SkyNova_4B']. Semaphore: Semaphore(value=5, locked=False). global_counter: 4
2025-12-24 15:24:56 | INFO | model_worker | Send heart beat. Models: ['SkyNova_4B']. Semaphore: Semaphore(value=5, locked=False). global_counter: 4
2025-12-24 15:25:11 | INFO | model_worker | Send heart beat. Models: ['SkyNova_4B']. Semaphore: Semaphore(value=5, locked=False). global_counter: 4
2025-12-24 15:25:26 | INFO | model_worker | Send heart beat. Models: ['SkyNova_4B']. Semaphore: Semaphore(value=5, locked=False). global_counter: 4
2025-12-24 15:25:41 | INFO | model_worker | Send heart beat. Models: ['SkyNova_4B']. Semaphore: Semaphore(value=5, locked=False). global_counter: 4
2025-12-24 15:25:56 | INFO | model_worker | Send heart beat. Models: ['SkyNova_4B']. Semaphore: Semaphore(value=5, locked=False). global_counter: 4
2025-12-24 15:26:11 | INFO | model_worker | Send heart beat. Models: ['SkyNova_4B']. Semaphore: Semaphore(value=5, locked=False). global_counter: 4
2025-12-24 15:26:26 | INFO | model_worker | Send heart beat. Models: ['SkyNova_4B']. Semaphore: Semaphore(value=5, locked=False). global_counter: 4
2025-12-24 15:26:41 | INFO | model_worker | Send heart beat. Models: ['SkyNova_4B']. Semaphore: Semaphore(value=5, locked=False). global_counter: 4
2025-12-24 15:26:56 | INFO | model_worker | Send heart beat. Models: ['SkyNova_4B']. Semaphore: Semaphore(value=5, locked=False). global_counter: 4
2025-12-24 15:27:11 | INFO | model_worker | Send heart beat. Models: ['SkyNova_4B']. Semaphore: Semaphore(value=5, locked=False). global_counter: 4
2025-12-24 15:27:26 | INFO | model_worker | Send heart beat. Models: ['SkyNova_4B']. Semaphore: Semaphore(value=5, locked=False). global_counter: 4
2025-12-24 15:27:41 | INFO | model_worker | Send heart beat. Models: ['SkyNova_4B']. Semaphore: Semaphore(value=5, locked=False). global_counter: 4
2025-12-24 15:27:56 | INFO | model_worker | Send heart beat. Models: ['SkyNova_4B']. Semaphore: Semaphore(value=5, locked=False). global_counter: 4
2025-12-24 15:28:11 | INFO | model_worker | Send heart beat. Models: ['SkyNova_4B']. Semaphore: Semaphore(value=5, locked=False). global_counter: 4
2025-12-24 15:28:26 | INFO | model_worker | Send heart beat. Models: ['SkyNova_4B']. Semaphore: Semaphore(value=5, locked=False). global_counter: 4
2025-12-24 15:28:41 | INFO | model_worker | Send heart beat. Models: ['SkyNova_4B']. Semaphore: Semaphore(value=5, locked=False). global_counter: 4
2025-12-24 15:28:56 | INFO | model_worker | Send heart beat. Models: ['SkyNova_4B']. Semaphore: Semaphore(value=5, locked=False). global_counter: 4
2025-12-24 15:29:11 | INFO | model_worker | Send heart beat. Models: ['SkyNova_4B']. Semaphore: Semaphore(value=5, locked=False). global_counter: 4
2025-12-24 15:29:26 | INFO | model_worker | Send heart beat. Models: ['SkyNova_4B']. Semaphore: Semaphore(value=5, locked=False). global_counter: 4
2025-12-24 15:29:41 | INFO | model_worker | Send heart beat. Models: ['SkyNova_4B']. Semaphore: Semaphore(value=5, locked=False). global_counter: 4
2025-12-24 15:29:56 | INFO | model_worker | Send heart beat. Models: ['SkyNova_4B']. Semaphore: Semaphore(value=5, locked=False). global_counter: 4
2025-12-24 15:30:11 | INFO | model_worker | Send heart beat. Models: ['SkyNova_4B']. Semaphore: Semaphore(value=5, locked=False). global_counter: 4
2025-12-24 15:30:26 | INFO | model_worker | Send heart beat. Models: ['SkyNova_4B']. Semaphore: Semaphore(value=5, locked=False). global_counter: 4
2025-12-24 15:30:41 | INFO | model_worker | Send heart beat. Models: ['SkyNova_4B']. Semaphore: Semaphore(value=5, locked=False). global_counter: 4
2025-12-24 15:30:56 | INFO | model_worker | Send heart beat. Models: ['SkyNova_4B']. Semaphore: Semaphore(value=5, locked=False). global_counter: 4
2025-12-24 15:31:11 | INFO | model_worker | Send heart beat. Models: ['SkyNova_4B']. Semaphore: Semaphore(value=5, locked=False). global_counter: 4
2025-12-24 15:31:26 | INFO | model_worker | Send heart beat. Models: ['SkyNova_4B']. Semaphore: Semaphore(value=5, locked=False). global_counter: 4
2025-12-24 15:31:41 | INFO | model_worker | Send heart beat. Models: ['SkyNova_4B']. Semaphore: Semaphore(value=5, locked=False). global_counter: 4
2025-12-24 15:31:56 | INFO | model_worker | Send heart beat. Models: ['SkyNova_4B']. Semaphore: Semaphore(value=5, locked=False). global_counter: 4
2025-12-24 15:32:11 | INFO | model_worker | Send heart beat. Models: ['SkyNova_4B']. Semaphore: Semaphore(value=5, locked=False). global_counter: 4
2025-12-24 15:32:26 | INFO | model_worker | Send heart beat. Models: ['SkyNova_4B']. Semaphore: Semaphore(value=5, locked=False). global_counter: 4
2025-12-24 15:32:41 | INFO | model_worker | Send heart beat. Models: ['SkyNova_4B']. Semaphore: Semaphore(value=5, locked=False). global_counter: 4
2025-12-24 15:32:56 | INFO | model_worker | Send heart beat. Models: ['SkyNova_4B']. Semaphore: Semaphore(value=5, locked=False). global_counter: 4
2025-12-24 15:33:11 | INFO | model_worker | Send heart beat. Models: ['SkyNova_4B']. Semaphore: Semaphore(value=5, locked=False). global_counter: 4
2025-12-24 15:33:26 | INFO | model_worker | Send heart beat. Models: ['SkyNova_4B']. Semaphore: Semaphore(value=5, locked=False). global_counter: 4
2025-12-24 15:33:41 | INFO | model_worker | Send heart beat. Models: ['SkyNova_4B']. Semaphore: Semaphore(value=5, locked=False). global_counter: 4
2025-12-24 15:33:56 | INFO | model_worker | Send heart beat. Models: ['SkyNova_4B']. Semaphore: Semaphore(value=5, locked=False). global_counter: 4
2025-12-24 15:34:11 | INFO | model_worker | Send heart beat. Models: ['SkyNova_4B']. Semaphore: Semaphore(value=5, locked=False). global_counter: 4
2025-12-24 15:34:26 | INFO | model_worker | Send heart beat. Models: ['SkyNova_4B']. Semaphore: Semaphore(value=5, locked=False). global_counter: 4
2025-12-24 15:34:41 | INFO | model_worker | Send heart beat. Models: ['SkyNova_4B']. Semaphore: Semaphore(value=5, locked=False). global_counter: 4
2025-12-24 15:34:56 | INFO | model_worker | Send heart beat. Models: ['SkyNova_4B']. Semaphore: Semaphore(value=5, locked=False). global_counter: 4
2025-12-24 15:35:11 | INFO | model_worker | Send heart beat. Models: ['SkyNova_4B']. Semaphore: Semaphore(value=5, locked=False). global_counter: 4
2025-12-24 15:35:26 | INFO | model_worker | Send heart beat. Models: ['SkyNova_4B']. Semaphore: Semaphore(value=5, locked=False). global_counter: 4
2025-12-24 15:35:41 | INFO | model_worker | Send heart beat. Models: ['SkyNova_4B']. Semaphore: Semaphore(value=5, locked=False). global_counter: 4
2025-12-24 15:35:56 | INFO | model_worker | Send heart beat. Models: ['SkyNova_4B']. Semaphore: Semaphore(value=5, locked=False). global_counter: 4
2025-12-24 15:36:11 | INFO | model_worker | Send heart beat. Models: ['SkyNova_4B']. Semaphore: Semaphore(value=5, locked=False). global_counter: 4
2025-12-24 15:36:26 | INFO | model_worker | Send heart beat. Models: ['SkyNova_4B']. Semaphore: Semaphore(value=5, locked=False). global_counter: 4
2025-12-24 15:36:41 | INFO | model_worker | Send heart beat. Models: ['SkyNova_4B']. Semaphore: Semaphore(value=5, locked=False). global_counter: 4
2025-12-24 15:36:56 | INFO | model_worker | Send heart beat. Models: ['SkyNova_4B']. Semaphore: Semaphore(value=5, locked=False). global_counter: 4
2025-12-24 15:37:11 | INFO | model_worker | Send heart beat. Models: ['SkyNova_4B']. Semaphore: Semaphore(value=5, locked=False). global_counter: 4
2025-12-24 15:37:26 | INFO | model_worker | Send heart beat. Models: ['SkyNova_4B']. Semaphore: Semaphore(value=5, locked=False). global_counter: 4
2025-12-24 15:37:41 | INFO | model_worker | Send heart beat. Models: ['SkyNova_4B']. Semaphore: Semaphore(value=5, locked=False). global_counter: 4
2025-12-24 15:37:56 | INFO | model_worker | Send heart beat. Models: ['SkyNova_4B']. Semaphore: Semaphore(value=5, locked=False). global_counter: 4
2025-12-24 15:38:11 | INFO | model_worker | Send heart beat. Models: ['SkyNova_4B']. Semaphore: Semaphore(value=5, locked=False). global_counter: 4
2025-12-24 15:38:27 | INFO | model_worker | Send heart beat. Models: ['SkyNova_4B']. Semaphore: Semaphore(value=5, locked=False). global_counter: 4
2025-12-24 15:38:42 | INFO | model_worker | Send heart beat. Models: ['SkyNova_4B']. Semaphore: Semaphore(value=5, locked=False). global_counter: 4
2025-12-24 15:38:57 | INFO | model_worker | Send heart beat. Models: ['SkyNova_4B']. Semaphore: Semaphore(value=5, locked=False). global_counter: 4
2025-12-24 15:39:12 | INFO | model_worker | Send heart beat. Models: ['SkyNova_4B']. Semaphore: Semaphore(value=5, locked=False). global_counter: 4
2025-12-24 15:39:27 | INFO | model_worker | Send heart beat. Models: ['SkyNova_4B']. Semaphore: Semaphore(value=5, locked=False). global_counter: 4
2025-12-24 15:39:42 | INFO | model_worker | Send heart beat. Models: ['SkyNova_4B']. Semaphore: Semaphore(value=5, locked=False). global_counter: 4
2025-12-24 15:39:57 | INFO | model_worker | Send heart beat. Models: ['SkyNova_4B']. Semaphore: Semaphore(value=5, locked=False). global_counter: 4
2025-12-24 15:40:12 | INFO | model_worker | Send heart beat. Models: ['SkyNova_4B']. Semaphore: Semaphore(value=5, locked=False). global_counter: 4
2025-12-24 15:40:27 | INFO | model_worker | Send heart beat. Models: ['SkyNova_4B']. Semaphore: Semaphore(value=5, locked=False). global_counter: 4
2025-12-24 15:40:42 | INFO | model_worker | Send heart beat. Models: ['SkyNova_4B']. Semaphore: Semaphore(value=5, locked=False). global_counter: 4
2025-12-24 15:40:57 | INFO | model_worker | Send heart beat. Models: ['SkyNova_4B']. Semaphore: Semaphore(value=5, locked=False). global_counter: 4
2025-12-24 15:41:12 | INFO | model_worker | Send heart beat. Models: ['SkyNova_4B']. Semaphore: Semaphore(value=5, locked=False). global_counter: 4
2025-12-24 15:41:27 | INFO | model_worker | Send heart beat. Models: ['SkyNova_4B']. Semaphore: Semaphore(value=5, locked=False). global_counter: 4
2025-12-24 15:41:42 | INFO | model_worker | Send heart beat. Models: ['SkyNova_4B']. Semaphore: Semaphore(value=5, locked=False). global_counter: 4
2025-12-24 15:41:57 | INFO | model_worker | Send heart beat. Models: ['SkyNova_4B']. Semaphore: Semaphore(value=5, locked=False). global_counter: 4
2025-12-24 15:42:12 | INFO | model_worker | Send heart beat. Models: ['SkyNova_4B']. Semaphore: Semaphore(value=5, locked=False). global_counter: 4
2025-12-24 15:42:27 | INFO | model_worker | Send heart beat. Models: ['SkyNova_4B']. Semaphore: Semaphore(value=5, locked=False). global_counter: 4
2025-12-24 15:42:42 | INFO | model_worker | Send heart beat. Models: ['SkyNova_4B']. Semaphore: Semaphore(value=5, locked=False). global_counter: 4
2025-12-24 15:42:57 | INFO | model_worker | Send heart beat. Models: ['SkyNova_4B']. Semaphore: Semaphore(value=5, locked=False). global_counter: 4
2025-12-24 15:43:12 | INFO | model_worker | Send heart beat. Models: ['SkyNova_4B']. Semaphore: Semaphore(value=5, locked=False). global_counter: 4
2025-12-24 15:43:27 | INFO | model_worker | Send heart beat. Models: ['SkyNova_4B']. Semaphore: Semaphore(value=5, locked=False). global_counter: 4
2025-12-24 15:43:42 | INFO | model_worker | Send heart beat. Models: ['SkyNova_4B']. Semaphore: Semaphore(value=5, locked=False). global_counter: 4
2025-12-24 15:43:57 | INFO | model_worker | Send heart beat. Models: ['SkyNova_4B']. Semaphore: Semaphore(value=5, locked=False). global_counter: 4
2025-12-24 15:44:12 | INFO | model_worker | Send heart beat. Models: ['SkyNova_4B']. Semaphore: Semaphore(value=5, locked=False). global_counter: 4
2025-12-24 15:44:27 | INFO | model_worker | Send heart beat. Models: ['SkyNova_4B']. Semaphore: Semaphore(value=5, locked=False). global_counter: 4
2025-12-24 15:44:42 | INFO | model_worker | Send heart beat. Models: ['SkyNova_4B']. Semaphore: Semaphore(value=5, locked=False). global_counter: 4
2025-12-24 15:44:57 | INFO | model_worker | Send heart beat. Models: ['SkyNova_4B']. Semaphore: Semaphore(value=5, locked=False). global_counter: 4
2025-12-24 15:45:12 | INFO | model_worker | Send heart beat. Models: ['SkyNova_4B']. Semaphore: Semaphore(value=5, locked=False). global_counter: 4
2025-12-24 15:45:27 | INFO | model_worker | Send heart beat. Models: ['SkyNova_4B']. Semaphore: Semaphore(value=5, locked=False). global_counter: 4
2025-12-24 15:45:42 | INFO | model_worker | Send heart beat. Models: ['SkyNova_4B']. Semaphore: Semaphore(value=5, locked=False). global_counter: 4
2025-12-24 15:45:57 | INFO | model_worker | Send heart beat. Models: ['SkyNova_4B']. Semaphore: Semaphore(value=5, locked=False). global_counter: 4
2025-12-24 15:46:12 | INFO | model_worker | Send heart beat. Models: ['SkyNova_4B']. Semaphore: Semaphore(value=5, locked=False). global_counter: 4
2025-12-24 15:46:27 | INFO | model_worker | Send heart beat. Models: ['SkyNova_4B']. Semaphore: Semaphore(value=5, locked=False). global_counter: 4
2025-12-24 15:46:42 | INFO | model_worker | Send heart beat. Models: ['SkyNova_4B']. Semaphore: Semaphore(value=5, locked=False). global_counter: 4
2025-12-24 15:46:57 | INFO | model_worker | Send heart beat. Models: ['SkyNova_4B']. Semaphore: Semaphore(value=5, locked=False). global_counter: 4
2025-12-24 15:47:12 | INFO | model_worker | Send heart beat. Models: ['SkyNova_4B']. Semaphore: Semaphore(value=5, locked=False). global_counter: 4
2025-12-24 15:47:27 | INFO | model_worker | Send heart beat. Models: ['SkyNova_4B']. Semaphore: Semaphore(value=5, locked=False). global_counter: 4
2025-12-24 15:47:42 | INFO | model_worker | Send heart beat. Models: ['SkyNova_4B']. Semaphore: Semaphore(value=5, locked=False). global_counter: 4
2025-12-24 15:47:57 | INFO | model_worker | Send heart beat. Models: ['SkyNova_4B']. Semaphore: Semaphore(value=5, locked=False). global_counter: 4
2025-12-24 15:48:12 | INFO | model_worker | Send heart beat. Models: ['SkyNova_4B']. Semaphore: Semaphore(value=5, locked=False). global_counter: 4
2025-12-24 15:48:27 | INFO | model_worker | Send heart beat. Models: ['SkyNova_4B']. Semaphore: Semaphore(value=5, locked=False). global_counter: 4
2025-12-24 15:48:42 | INFO | model_worker | Send heart beat. Models: ['SkyNova_4B']. Semaphore: Semaphore(value=5, locked=False). global_counter: 4
2025-12-24 15:48:57 | INFO | model_worker | Send heart beat. Models: ['SkyNova_4B']. Semaphore: Semaphore(value=5, locked=False). global_counter: 4
2025-12-24 15:49:12 | INFO | model_worker | Send heart beat. Models: ['SkyNova_4B']. Semaphore: Semaphore(value=5, locked=False). global_counter: 4
2025-12-24 15:49:27 | INFO | model_worker | Send heart beat. Models: ['SkyNova_4B']. Semaphore: Semaphore(value=5, locked=False). global_counter: 4
2025-12-24 15:49:42 | INFO | model_worker | Send heart beat. Models: ['SkyNova_4B']. Semaphore: Semaphore(value=5, locked=False). global_counter: 4
2025-12-24 15:49:57 | INFO | model_worker | Send heart beat. Models: ['SkyNova_4B']. Semaphore: Semaphore(value=5, locked=False). global_counter: 4
2025-12-24 15:50:12 | INFO | model_worker | Send heart beat. Models: ['SkyNova_4B']. Semaphore: Semaphore(value=5, locked=False). global_counter: 4
2025-12-24 15:50:27 | INFO | model_worker | Send heart beat. Models: ['SkyNova_4B']. Semaphore: Semaphore(value=5, locked=False). global_counter: 4
2025-12-24 15:50:42 | INFO | model_worker | Send heart beat. Models: ['SkyNova_4B']. Semaphore: Semaphore(value=5, locked=False). global_counter: 4
2025-12-24 15:50:57 | INFO | model_worker | Send heart beat. Models: ['SkyNova_4B']. Semaphore: Semaphore(value=5, locked=False). global_counter: 4
2025-12-24 15:51:12 | INFO | model_worker | Send heart beat. Models: ['SkyNova_4B']. Semaphore: Semaphore(value=5, locked=False). global_counter: 4
2025-12-24 15:51:28 | INFO | model_worker | Send heart beat. Models: ['SkyNova_4B']. Semaphore: Semaphore(value=5, locked=False). global_counter: 4
2025-12-24 15:51:43 | INFO | model_worker | Send heart beat. Models: ['SkyNova_4B']. Semaphore: Semaphore(value=5, locked=False). global_counter: 4
2025-12-24 15:51:58 | INFO | model_worker | Send heart beat. Models: ['SkyNova_4B']. Semaphore: Semaphore(value=5, locked=False). global_counter: 4
2025-12-24 15:52:13 | INFO | model_worker | Send heart beat. Models: ['SkyNova_4B']. Semaphore: Semaphore(value=5, locked=False). global_counter: 4
2025-12-24 15:52:28 | INFO | model_worker | Send heart beat. Models: ['SkyNova_4B']. Semaphore: Semaphore(value=5, locked=False). global_counter: 4
2025-12-24 15:52:43 | INFO | model_worker | Send heart beat. Models: ['SkyNova_4B']. Semaphore: Semaphore(value=5, locked=False). global_counter: 4
2025-12-24 15:52:58 | INFO | model_worker | Send heart beat. Models: ['SkyNova_4B']. Semaphore: Semaphore(value=5, locked=False). global_counter: 4
2025-12-24 15:53:13 | INFO | model_worker | Send heart beat. Models: ['SkyNova_4B']. Semaphore: Semaphore(value=5, locked=False). global_counter: 4
2025-12-24 15:53:28 | INFO | model_worker | Send heart beat. Models: ['SkyNova_4B']. Semaphore: Semaphore(value=5, locked=False). global_counter: 4
2025-12-24 15:53:43 | INFO | model_worker | Send heart beat. Models: ['SkyNova_4B']. Semaphore: Semaphore(value=5, locked=False). global_counter: 4
2025-12-24 15:53:58 | INFO | model_worker | Send heart beat. Models: ['SkyNova_4B']. Semaphore: Semaphore(value=5, locked=False). global_counter: 4
2025-12-24 15:54:13 | INFO | model_worker | Send heart beat. Models: ['SkyNova_4B']. Semaphore: Semaphore(value=5, locked=False). global_counter: 4
2025-12-24 15:54:28 | INFO | model_worker | Send heart beat. Models: ['SkyNova_4B']. Semaphore: Semaphore(value=5, locked=False). global_counter: 4
2025-12-24 15:54:43 | INFO | model_worker | Send heart beat. Models: ['SkyNova_4B']. Semaphore: Semaphore(value=5, locked=False). global_counter: 4
2025-12-24 15:54:58 | INFO | model_worker | Send heart beat. Models: ['SkyNova_4B']. Semaphore: Semaphore(value=5, locked=False). global_counter: 4
2025-12-24 15:55:13 | INFO | model_worker | Send heart beat. Models: ['SkyNova_4B']. Semaphore: Semaphore(value=5, locked=False). global_counter: 4
2025-12-24 15:55:28 | INFO | model_worker | Send heart beat. Models: ['SkyNova_4B']. Semaphore: Semaphore(value=5, locked=False). global_counter: 4
2025-12-24 15:55:43 | INFO | model_worker | Send heart beat. Models: ['SkyNova_4B']. Semaphore: Semaphore(value=5, locked=False). global_counter: 4
2025-12-24 15:55:58 | INFO | model_worker | Send heart beat. Models: ['SkyNova_4B']. Semaphore: Semaphore(value=5, locked=False). global_counter: 4
2025-12-24 15:56:13 | INFO | model_worker | Send heart beat. Models: ['SkyNova_4B']. Semaphore: Semaphore(value=5, locked=False). global_counter: 4
2025-12-24 15:56:28 | INFO | model_worker | Send heart beat. Models: ['SkyNova_4B']. Semaphore: Semaphore(value=5, locked=False). global_counter: 4
2025-12-24 15:56:43 | INFO | model_worker | Send heart beat. Models: ['SkyNova_4B']. Semaphore: Semaphore(value=5, locked=False). global_counter: 4
2025-12-24 15:56:58 | INFO | model_worker | Send heart beat. Models: ['SkyNova_4B']. Semaphore: Semaphore(value=5, locked=False). global_counter: 4
2025-12-24 15:57:13 | INFO | model_worker | Send heart beat. Models: ['SkyNova_4B']. Semaphore: Semaphore(value=5, locked=False). global_counter: 4
2025-12-24 15:57:28 | INFO | model_worker | Send heart beat. Models: ['SkyNova_4B']. Semaphore: Semaphore(value=5, locked=False). global_counter: 4
2025-12-24 15:57:43 | INFO | model_worker | Send heart beat. Models: ['SkyNova_4B']. Semaphore: Semaphore(value=5, locked=False). global_counter: 4
2025-12-24 15:57:58 | INFO | model_worker | Send heart beat. Models: ['SkyNova_4B']. Semaphore: Semaphore(value=5, locked=False). global_counter: 4
2025-12-24 15:58:13 | INFO | model_worker | Send heart beat. Models: ['SkyNova_4B']. Semaphore: Semaphore(value=5, locked=False). global_counter: 4
2025-12-24 15:58:28 | INFO | model_worker | Send heart beat. Models: ['SkyNova_4B']. Semaphore: Semaphore(value=5, locked=False). global_counter: 4
2025-12-24 15:58:43 | INFO | model_worker | Send heart beat. Models: ['SkyNova_4B']. Semaphore: Semaphore(value=5, locked=False). global_counter: 4
2025-12-24 15:58:58 | INFO | model_worker | Send heart beat. Models: ['SkyNova_4B']. Semaphore: Semaphore(value=5, locked=False). global_counter: 4
2025-12-24 15:59:13 | INFO | model_worker | Send heart beat. Models: ['SkyNova_4B']. Semaphore: Semaphore(value=5, locked=False). global_counter: 4
2025-12-24 15:59:28 | INFO | model_worker | Send heart beat. Models: ['SkyNova_4B']. Semaphore: Semaphore(value=5, locked=False). global_counter: 4
2025-12-24 15:59:43 | INFO | model_worker | Send heart beat. Models: ['SkyNova_4B']. Semaphore: Semaphore(value=5, locked=False). global_counter: 4
2025-12-24 15:59:58 | INFO | model_worker | Send heart beat. Models: ['SkyNova_4B']. Semaphore: Semaphore(value=5, locked=False). global_counter: 4
2025-12-24 16:00:13 | INFO | model_worker | Send heart beat. Models: ['SkyNova_4B']. Semaphore: Semaphore(value=5, locked=False). global_counter: 4
2025-12-24 16:00:28 | INFO | model_worker | Send heart beat. Models: ['SkyNova_4B']. Semaphore: Semaphore(value=5, locked=False). global_counter: 4
2025-12-24 16:00:43 | INFO | model_worker | Send heart beat. Models: ['SkyNova_4B']. Semaphore: Semaphore(value=5, locked=False). global_counter: 4
2025-12-24 16:00:58 | INFO | model_worker | Send heart beat. Models: ['SkyNova_4B']. Semaphore: Semaphore(value=5, locked=False). global_counter: 4
2025-12-24 16:01:13 | INFO | model_worker | Send heart beat. Models: ['SkyNova_4B']. Semaphore: Semaphore(value=5, locked=False). global_counter: 4
2025-12-24 16:01:28 | INFO | model_worker | Send heart beat. Models: ['SkyNova_4B']. Semaphore: Semaphore(value=5, locked=False). global_counter: 4
2025-12-24 16:01:43 | INFO | model_worker | Send heart beat. Models: ['SkyNova_4B']. Semaphore: Semaphore(value=5, locked=False). global_counter: 4
2025-12-24 16:01:58 | INFO | model_worker | Send heart beat. Models: ['SkyNova_4B']. Semaphore: Semaphore(value=5, locked=False). global_counter: 4
2025-12-24 16:02:13 | INFO | model_worker | Send heart beat. Models: ['SkyNova_4B']. Semaphore: Semaphore(value=5, locked=False). global_counter: 4
2025-12-24 16:02:28 | INFO | model_worker | Send heart beat. Models: ['SkyNova_4B']. Semaphore: Semaphore(value=5, locked=False). global_counter: 4
2025-12-24 16:02:43 | INFO | model_worker | Send heart beat. Models: ['SkyNova_4B']. Semaphore: Semaphore(value=5, locked=False). global_counter: 4
2025-12-24 16:02:58 | INFO | model_worker | Send heart beat. Models: ['SkyNova_4B']. Semaphore: Semaphore(value=5, locked=False). global_counter: 4
2025-12-24 16:03:13 | INFO | model_worker | Send heart beat. Models: ['SkyNova_4B']. Semaphore: Semaphore(value=5, locked=False). global_counter: 4
2025-12-24 16:03:28 | INFO | model_worker | Send heart beat. Models: ['SkyNova_4B']. Semaphore: Semaphore(value=5, locked=False). global_counter: 4
2025-12-24 16:03:43 | INFO | model_worker | Send heart beat. Models: ['SkyNova_4B']. Semaphore: Semaphore(value=5, locked=False). global_counter: 4
2025-12-24 16:03:58 | INFO | model_worker | Send heart beat. Models: ['SkyNova_4B']. Semaphore: Semaphore(value=5, locked=False). global_counter: 4
2025-12-24 16:04:13 | INFO | model_worker | Send heart beat. Models: ['SkyNova_4B']. Semaphore: Semaphore(value=5, locked=False). global_counter: 4
2025-12-24 16:04:28 | INFO | model_worker | Send heart beat. Models: ['SkyNova_4B']. Semaphore: Semaphore(value=5, locked=False). global_counter: 4
2025-12-24 16:04:44 | INFO | model_worker | Send heart beat. Models: ['SkyNova_4B']. Semaphore: Semaphore(value=5, locked=False). global_counter: 4
2025-12-24 16:04:59 | INFO | model_worker | Send heart beat. Models: ['SkyNova_4B']. Semaphore: Semaphore(value=5, locked=False). global_counter: 4
2025-12-24 16:05:14 | INFO | model_worker | Send heart beat. Models: ['SkyNova_4B']. Semaphore: Semaphore(value=5, locked=False). global_counter: 4
2025-12-24 16:05:29 | INFO | model_worker | Send heart beat. Models: ['SkyNova_4B']. Semaphore: Semaphore(value=5, locked=False). global_counter: 4
2025-12-24 16:05:44 | INFO | model_worker | Send heart beat. Models: ['SkyNova_4B']. Semaphore: Semaphore(value=5, locked=False). global_counter: 4
2025-12-24 16:05:59 | INFO | model_worker | Send heart beat. Models: ['SkyNova_4B']. Semaphore: Semaphore(value=5, locked=False). global_counter: 4
2025-12-24 16:06:14 | INFO | model_worker | Send heart beat. Models: ['SkyNova_4B']. Semaphore: Semaphore(value=5, locked=False). global_counter: 4
2025-12-24 16:06:29 | INFO | model_worker | Send heart beat. Models: ['SkyNova_4B']. Semaphore: Semaphore(value=5, locked=False). global_counter: 4
2025-12-24 16:06:44 | INFO | model_worker | Send heart beat. Models: ['SkyNova_4B']. Semaphore: Semaphore(value=5, locked=False). global_counter: 4
2025-12-24 16:06:59 | INFO | model_worker | Send heart beat. Models: ['SkyNova_4B']. Semaphore: Semaphore(value=5, locked=False). global_counter: 4
2025-12-24 16:07:14 | INFO | model_worker | Send heart beat. Models: ['SkyNova_4B']. Semaphore: Semaphore(value=5, locked=False). global_counter: 4
2025-12-24 16:07:29 | INFO | model_worker | Send heart beat. Models: ['SkyNova_4B']. Semaphore: Semaphore(value=5, locked=False). global_counter: 4
2025-12-24 16:07:44 | INFO | model_worker | Send heart beat. Models: ['SkyNova_4B']. Semaphore: Semaphore(value=5, locked=False). global_counter: 4
2025-12-24 16:07:59 | INFO | model_worker | Send heart beat. Models: ['SkyNova_4B']. Semaphore: Semaphore(value=5, locked=False). global_counter: 4
2025-12-24 16:08:14 | INFO | model_worker | Send heart beat. Models: ['SkyNova_4B']. Semaphore: Semaphore(value=5, locked=False). global_counter: 4
2025-12-24 16:08:29 | INFO | model_worker | Send heart beat. Models: ['SkyNova_4B']. Semaphore: Semaphore(value=5, locked=False). global_counter: 4
2025-12-24 16:08:44 | INFO | model_worker | Send heart beat. Models: ['SkyNova_4B']. Semaphore: Semaphore(value=5, locked=False). global_counter: 4
2025-12-24 16:08:59 | INFO | model_worker | Send heart beat. Models: ['SkyNova_4B']. Semaphore: Semaphore(value=5, locked=False). global_counter: 4
2025-12-24 16:09:14 | INFO | model_worker | Send heart beat. Models: ['SkyNova_4B']. Semaphore: Semaphore(value=5, locked=False). global_counter: 4
2025-12-24 16:09:29 | INFO | model_worker | Send heart beat. Models: ['SkyNova_4B']. Semaphore: Semaphore(value=5, locked=False). global_counter: 4
2025-12-24 16:09:44 | INFO | model_worker | Send heart beat. Models: ['SkyNova_4B']. Semaphore: Semaphore(value=5, locked=False). global_counter: 4
2025-12-24 16:09:59 | INFO | model_worker | Send heart beat. Models: ['SkyNova_4B']. Semaphore: Semaphore(value=5, locked=False). global_counter: 4
2025-12-24 16:10:14 | INFO | model_worker | Send heart beat. Models: ['SkyNova_4B']. Semaphore: Semaphore(value=5, locked=False). global_counter: 4
2025-12-24 16:10:29 | INFO | model_worker | Send heart beat. Models: ['SkyNova_4B']. Semaphore: Semaphore(value=5, locked=False). global_counter: 4
2025-12-24 16:10:44 | INFO | model_worker | Send heart beat. Models: ['SkyNova_4B']. Semaphore: Semaphore(value=5, locked=False). global_counter: 4
2025-12-24 16:10:59 | INFO | model_worker | Send heart beat. Models: ['SkyNova_4B']. Semaphore: Semaphore(value=5, locked=False). global_counter: 4
2025-12-24 16:11:14 | INFO | model_worker | Send heart beat. Models: ['SkyNova_4B']. Semaphore: Semaphore(value=5, locked=False). global_counter: 4
2025-12-24 16:11:29 | INFO | model_worker | Send heart beat. Models: ['SkyNova_4B']. Semaphore: Semaphore(value=5, locked=False). global_counter: 4
2025-12-24 16:11:44 | INFO | model_worker | Send heart beat. Models: ['SkyNova_4B']. Semaphore: Semaphore(value=5, locked=False). global_counter: 4
2025-12-24 16:11:59 | INFO | model_worker | Send heart beat. Models: ['SkyNova_4B']. Semaphore: Semaphore(value=5, locked=False). global_counter: 4
2025-12-24 16:12:14 | INFO | model_worker | Send heart beat. Models: ['SkyNova_4B']. Semaphore: Semaphore(value=5, locked=False). global_counter: 4
2025-12-24 16:12:29 | INFO | model_worker | Send heart beat. Models: ['SkyNova_4B']. Semaphore: Semaphore(value=5, locked=False). global_counter: 4
2025-12-24 16:12:44 | INFO | model_worker | Send heart beat. Models: ['SkyNova_4B']. Semaphore: Semaphore(value=5, locked=False). global_counter: 4
2025-12-24 16:12:59 | INFO | model_worker | Send heart beat. Models: ['SkyNova_4B']. Semaphore: Semaphore(value=5, locked=False). global_counter: 4
2025-12-24 16:13:14 | INFO | model_worker | Send heart beat. Models: ['SkyNova_4B']. Semaphore: Semaphore(value=5, locked=False). global_counter: 4
2025-12-24 16:13:29 | INFO | model_worker | Send heart beat. Models: ['SkyNova_4B']. Semaphore: Semaphore(value=5, locked=False). global_counter: 4
2025-12-24 16:13:44 | INFO | model_worker | Send heart beat. Models: ['SkyNova_4B']. Semaphore: Semaphore(value=5, locked=False). global_counter: 4
2025-12-24 16:13:59 | INFO | model_worker | Send heart beat. Models: ['SkyNova_4B']. Semaphore: Semaphore(value=5, locked=False). global_counter: 4
2025-12-24 16:14:14 | INFO | model_worker | Send heart beat. Models: ['SkyNova_4B']. Semaphore: Semaphore(value=5, locked=False). global_counter: 4
2025-12-24 16:14:29 | INFO | model_worker | Send heart beat. Models: ['SkyNova_4B']. Semaphore: Semaphore(value=5, locked=False). global_counter: 4
2025-12-24 16:14:44 | INFO | model_worker | Send heart beat. Models: ['SkyNova_4B']. Semaphore: Semaphore(value=5, locked=False). global_counter: 4
2025-12-24 16:14:59 | INFO | model_worker | Send heart beat. Models: ['SkyNova_4B']. Semaphore: Semaphore(value=5, locked=False). global_counter: 4
2025-12-24 16:15:14 | INFO | model_worker | Send heart beat. Models: ['SkyNova_4B']. Semaphore: Semaphore(value=5, locked=False). global_counter: 4
2025-12-24 16:15:29 | INFO | model_worker | Send heart beat. Models: ['SkyNova_4B']. Semaphore: Semaphore(value=5, locked=False). global_counter: 4
2025-12-24 16:15:44 | INFO | model_worker | Send heart beat. Models: ['SkyNova_4B']. Semaphore: Semaphore(value=5, locked=False). global_counter: 4
2025-12-24 16:15:59 | INFO | model_worker | Send heart beat. Models: ['SkyNova_4B']. Semaphore: Semaphore(value=5, locked=False). global_counter: 4
2025-12-24 16:16:14 | INFO | model_worker | Send heart beat. Models: ['SkyNova_4B']. Semaphore: Semaphore(value=5, locked=False). global_counter: 4
2025-12-24 16:16:29 | INFO | model_worker | Send heart beat. Models: ['SkyNova_4B']. Semaphore: Semaphore(value=5, locked=False). global_counter: 4
2025-12-24 16:16:44 | INFO | model_worker | Send heart beat. Models: ['SkyNova_4B']. Semaphore: Semaphore(value=5, locked=False). global_counter: 4
2025-12-24 16:17:00 | INFO | model_worker | Send heart beat. Models: ['SkyNova_4B']. Semaphore: Semaphore(value=5, locked=False). global_counter: 4
2025-12-24 16:17:15 | INFO | model_worker | Send heart beat. Models: ['SkyNova_4B']. Semaphore: Semaphore(value=5, locked=False). global_counter: 4
2025-12-24 16:17:30 | INFO | model_worker | Send heart beat. Models: ['SkyNova_4B']. Semaphore: Semaphore(value=5, locked=False). global_counter: 4
2025-12-24 16:17:45 | INFO | model_worker | Send heart beat. Models: ['SkyNova_4B']. Semaphore: Semaphore(value=5, locked=False). global_counter: 4
2025-12-24 16:18:00 | INFO | model_worker | Send heart beat. Models: ['SkyNova_4B']. Semaphore: Semaphore(value=5, locked=False). global_counter: 4
2025-12-24 16:18:15 | INFO | model_worker | Send heart beat. Models: ['SkyNova_4B']. Semaphore: Semaphore(value=5, locked=False). global_counter: 4
2025-12-24 16:18:30 | INFO | model_worker | Send heart beat. Models: ['SkyNova_4B']. Semaphore: Semaphore(value=5, locked=False). global_counter: 4
2025-12-24 16:18:45 | INFO | model_worker | Send heart beat. Models: ['SkyNova_4B']. Semaphore: Semaphore(value=5, locked=False). global_counter: 4
2025-12-24 16:19:00 | INFO | model_worker | Send heart beat. Models: ['SkyNova_4B']. Semaphore: Semaphore(value=5, locked=False). global_counter: 4
2025-12-24 16:19:15 | INFO | model_worker | Send heart beat. Models: ['SkyNova_4B']. Semaphore: Semaphore(value=5, locked=False). global_counter: 4
2025-12-24 16:19:30 | INFO | model_worker | Send heart beat. Models: ['SkyNova_4B']. Semaphore: Semaphore(value=5, locked=False). global_counter: 4
2025-12-24 16:19:45 | INFO | model_worker | Send heart beat. Models: ['SkyNova_4B']. Semaphore: Semaphore(value=5, locked=False). global_counter: 4
2025-12-24 16:20:00 | INFO | model_worker | Send heart beat. Models: ['SkyNova_4B']. Semaphore: Semaphore(value=5, locked=False). global_counter: 4
2025-12-24 16:20:15 | INFO | model_worker | Send heart beat. Models: ['SkyNova_4B']. Semaphore: Semaphore(value=5, locked=False). global_counter: 4
2025-12-24 16:20:30 | INFO | model_worker | Send heart beat. Models: ['SkyNova_4B']. Semaphore: Semaphore(value=5, locked=False). global_counter: 4
2025-12-24 16:20:45 | INFO | model_worker | Send heart beat. Models: ['SkyNova_4B']. Semaphore: Semaphore(value=5, locked=False). global_counter: 4
2025-12-24 16:21:00 | INFO | model_worker | Send heart beat. Models: ['SkyNova_4B']. Semaphore: Semaphore(value=5, locked=False). global_counter: 4
2025-12-24 16:21:15 | INFO | model_worker | Send heart beat. Models: ['SkyNova_4B']. Semaphore: Semaphore(value=5, locked=False). global_counter: 4
2025-12-24 16:21:30 | INFO | model_worker | Send heart beat. Models: ['SkyNova_4B']. Semaphore: Semaphore(value=5, locked=False). global_counter: 4
2025-12-24 16:21:45 | INFO | model_worker | Send heart beat. Models: ['SkyNova_4B']. Semaphore: Semaphore(value=5, locked=False). global_counter: 4
2025-12-24 16:22:00 | INFO | model_worker | Send heart beat. Models: ['SkyNova_4B']. Semaphore: Semaphore(value=5, locked=False). global_counter: 4
2025-12-24 16:22:15 | INFO | model_worker | Send heart beat. Models: ['SkyNova_4B']. Semaphore: Semaphore(value=5, locked=False). global_counter: 4
2025-12-24 16:22:30 | INFO | model_worker | Send heart beat. Models: ['SkyNova_4B']. Semaphore: Semaphore(value=5, locked=False). global_counter: 4
2025-12-24 16:22:45 | INFO | model_worker | Send heart beat. Models: ['SkyNova_4B']. Semaphore: Semaphore(value=5, locked=False). global_counter: 4
2025-12-24 16:23:00 | INFO | model_worker | Send heart beat. Models: ['SkyNova_4B']. Semaphore: Semaphore(value=5, locked=False). global_counter: 4
2025-12-24 16:23:15 | INFO | model_worker | Send heart beat. Models: ['SkyNova_4B']. Semaphore: Semaphore(value=5, locked=False). global_counter: 4
2025-12-24 16:23:30 | INFO | model_worker | Send heart beat. Models: ['SkyNova_4B']. Semaphore: Semaphore(value=5, locked=False). global_counter: 4
2025-12-24 16:23:45 | INFO | model_worker | Send heart beat. Models: ['SkyNova_4B']. Semaphore: Semaphore(value=5, locked=False). global_counter: 4
2025-12-24 16:24:00 | INFO | model_worker | Send heart beat. Models: ['SkyNova_4B']. Semaphore: Semaphore(value=5, locked=False). global_counter: 4
2025-12-24 16:24:15 | INFO | model_worker | Send heart beat. Models: ['SkyNova_4B']. Semaphore: Semaphore(value=5, locked=False). global_counter: 4
2025-12-24 16:24:30 | INFO | model_worker | Send heart beat. Models: ['SkyNova_4B']. Semaphore: Semaphore(value=5, locked=False). global_counter: 4
2025-12-24 16:24:45 | INFO | model_worker | Send heart beat. Models: ['SkyNova_4B']. Semaphore: Semaphore(value=5, locked=False). global_counter: 4
2025-12-24 16:25:00 | INFO | model_worker | Send heart beat. Models: ['SkyNova_4B']. Semaphore: Semaphore(value=5, locked=False). global_counter: 4
2025-12-24 16:25:15 | INFO | model_worker | Send heart beat. Models: ['SkyNova_4B']. Semaphore: Semaphore(value=5, locked=False). global_counter: 4
2025-12-24 16:25:30 | INFO | model_worker | Send heart beat. Models: ['SkyNova_4B']. Semaphore: Semaphore(value=5, locked=False). global_counter: 4
2025-12-24 16:25:45 | INFO | model_worker | Send heart beat. Models: ['SkyNova_4B']. Semaphore: Semaphore(value=5, locked=False). global_counter: 4
2025-12-24 16:26:00 | INFO | model_worker | Send heart beat. Models: ['SkyNova_4B']. Semaphore: Semaphore(value=5, locked=False). global_counter: 4
2025-12-24 16:26:15 | INFO | model_worker | Send heart beat. Models: ['SkyNova_4B']. Semaphore: Semaphore(value=5, locked=False). global_counter: 4
2025-12-24 16:26:30 | INFO | model_worker | Send heart beat. Models: ['SkyNova_4B']. Semaphore: Semaphore(value=5, locked=False). global_counter: 4
2025-12-24 16:26:45 | INFO | model_worker | Send heart beat. Models: ['SkyNova_4B']. Semaphore: Semaphore(value=5, locked=False). global_counter: 4
2025-12-24 16:27:00 | INFO | model_worker | Send heart beat. Models: ['SkyNova_4B']. Semaphore: Semaphore(value=5, locked=False). global_counter: 4
2025-12-24 16:27:15 | INFO | model_worker | Send heart beat. Models: ['SkyNova_4B']. Semaphore: Semaphore(value=5, locked=False). global_counter: 4
2025-12-24 16:27:30 | INFO | model_worker | Send heart beat. Models: ['SkyNova_4B']. Semaphore: Semaphore(value=5, locked=False). global_counter: 4
2025-12-24 16:27:45 | INFO | model_worker | Send heart beat. Models: ['SkyNova_4B']. Semaphore: Semaphore(value=5, locked=False). global_counter: 4
2025-12-24 16:28:00 | INFO | model_worker | Send heart beat. Models: ['SkyNova_4B']. Semaphore: Semaphore(value=5, locked=False). global_counter: 4
2025-12-24 16:28:15 | INFO | model_worker | Send heart beat. Models: ['SkyNova_4B']. Semaphore: Semaphore(value=5, locked=False). global_counter: 4
2025-12-24 16:28:30 | INFO | model_worker | Send heart beat. Models: ['SkyNova_4B']. Semaphore: Semaphore(value=5, locked=False). global_counter: 4
2025-12-24 16:28:45 | INFO | model_worker | Send heart beat. Models: ['SkyNova_4B']. Semaphore: Semaphore(value=5, locked=False). global_counter: 4
2025-12-24 16:29:00 | INFO | model_worker | Send heart beat. Models: ['SkyNova_4B']. Semaphore: Semaphore(value=5, locked=False). global_counter: 4
2025-12-24 16:29:15 | INFO | model_worker | Send heart beat. Models: ['SkyNova_4B']. Semaphore: Semaphore(value=5, locked=False). global_counter: 4
2025-12-24 16:29:30 | INFO | model_worker | Send heart beat. Models: ['SkyNova_4B']. Semaphore: Semaphore(value=5, locked=False). global_counter: 4
2025-12-24 16:29:46 | INFO | model_worker | Send heart beat. Models: ['SkyNova_4B']. Semaphore: Semaphore(value=5, locked=False). global_counter: 4
2025-12-24 16:30:01 | INFO | model_worker | Send heart beat. Models: ['SkyNova_4B']. Semaphore: Semaphore(value=5, locked=False). global_counter: 4
2025-12-24 16:30:16 | INFO | model_worker | Send heart beat. Models: ['SkyNova_4B']. Semaphore: Semaphore(value=5, locked=False). global_counter: 4
2025-12-24 16:30:31 | INFO | model_worker | Send heart beat. Models: ['SkyNova_4B']. Semaphore: Semaphore(value=5, locked=False). global_counter: 4
2025-12-24 16:30:46 | INFO | model_worker | Send heart beat. Models: ['SkyNova_4B']. Semaphore: Semaphore(value=5, locked=False). global_counter: 4
2025-12-24 16:31:01 | INFO | model_worker | Send heart beat. Models: ['SkyNova_4B']. Semaphore: Semaphore(value=5, locked=False). global_counter: 4
2025-12-24 16:31:16 | INFO | model_worker | Send heart beat. Models: ['SkyNova_4B']. Semaphore: Semaphore(value=5, locked=False). global_counter: 4
2025-12-24 16:31:31 | INFO | model_worker | Send heart beat. Models: ['SkyNova_4B']. Semaphore: Semaphore(value=5, locked=False). global_counter: 4
2025-12-24 16:31:46 | INFO | model_worker | Send heart beat. Models: ['SkyNova_4B']. Semaphore: Semaphore(value=5, locked=False). global_counter: 4
2025-12-24 16:32:01 | INFO | model_worker | Send heart beat. Models: ['SkyNova_4B']. Semaphore: Semaphore(value=5, locked=False). global_counter: 4
2025-12-24 16:32:16 | INFO | model_worker | Send heart beat. Models: ['SkyNova_4B']. Semaphore: Semaphore(value=5, locked=False). global_counter: 4
2025-12-24 16:32:31 | INFO | model_worker | Send heart beat. Models: ['SkyNova_4B']. Semaphore: Semaphore(value=5, locked=False). global_counter: 4
2025-12-24 16:32:46 | INFO | model_worker | Send heart beat. Models: ['SkyNova_4B']. Semaphore: Semaphore(value=5, locked=False). global_counter: 4
2025-12-24 16:33:01 | INFO | model_worker | Send heart beat. Models: ['SkyNova_4B']. Semaphore: Semaphore(value=5, locked=False). global_counter: 4
2025-12-24 16:33:16 | INFO | model_worker | Send heart beat. Models: ['SkyNova_4B']. Semaphore: Semaphore(value=5, locked=False). global_counter: 4
2025-12-24 16:33:31 | INFO | model_worker | Send heart beat. Models: ['SkyNova_4B']. Semaphore: Semaphore(value=5, locked=False). global_counter: 4
2025-12-24 16:33:46 | INFO | model_worker | Send heart beat. Models: ['SkyNova_4B']. Semaphore: Semaphore(value=5, locked=False). global_counter: 4
2025-12-24 16:34:01 | INFO | model_worker | Send heart beat. Models: ['SkyNova_4B']. Semaphore: Semaphore(value=5, locked=False). global_counter: 4
2025-12-24 16:34:16 | INFO | model_worker | Send heart beat. Models: ['SkyNova_4B']. Semaphore: Semaphore(value=5, locked=False). global_counter: 4
2025-12-24 16:34:31 | INFO | model_worker | Send heart beat. Models: ['SkyNova_4B']. Semaphore: Semaphore(value=5, locked=False). global_counter: 4
2025-12-24 16:34:46 | INFO | model_worker | Send heart beat. Models: ['SkyNova_4B']. Semaphore: Semaphore(value=5, locked=False). global_counter: 4
2025-12-24 16:35:01 | INFO | model_worker | Send heart beat. Models: ['SkyNova_4B']. Semaphore: Semaphore(value=5, locked=False). global_counter: 4
2025-12-24 16:35:16 | INFO | model_worker | Send heart beat. Models: ['SkyNova_4B']. Semaphore: Semaphore(value=5, locked=False). global_counter: 4
2025-12-24 16:35:17 | INFO | stdout | INFO:     127.0.0.1:50428 - "POST /worker_get_status HTTP/1.1" 200 OK
2025-12-24 16:35:17 | INFO | stdout | INFO:     127.0.0.1:50436 - "POST /worker_get_status HTTP/1.1" 200 OK
2025-12-24 16:35:17 | INFO | model_worker | Send heart beat. Models: ['SkyNova_4B']. Semaphore: Semaphore(value=4, locked=False). global_counter: 5
2025-12-24 16:35:17 | INFO | stdout | INFO:     127.0.0.1:50450 - "POST /worker_generate_stream HTTP/1.1" 200 OK
2025-12-24 16:35:17 | INFO | model_worker | Split images to torch.Size([7, 3, 448, 448])
2025-12-24 16:35:17 | INFO | model_worker | Generation config: {'num_beams': 1, 'max_new_tokens': 1024, 'do_sample': True, 'temperature': 0.7, 'repetition_penalty': 1.1, 'max_length': 8192, 'top_p': 0.95, 'streamer': <transformers.generation.streamers.TextIteratorStreamer object at 0x7f2ec879a7d0>}
2025-12-24 16:35:18 | WARNING | transformers.generation.utils | Both `max_new_tokens` (=1024) and `max_length`(=8192) seem to have been set. `max_new_tokens` will take precedence. Please refer to the documentation for more information. (https://huggingface.co/docs/transformers/main/en/main_classes/text_generation)
2025-12-24 16:35:18 | INFO | model_worker | max_input_tile_list: [12], history: [], question: <image>
Classify given the image into following classes: rice fields, mixed forest, sands, burnt areas, coniferous forest, water bodies, non-irrigated arable land ?, answer: non-irrigated arable land, coniferous forest, mixed forest 
2025-12-24 16:35:18 | INFO | model_worker | Send heart beat. Models: ['SkyNova_4B']. Semaphore: Semaphore(value=5, locked=False). global_counter: 5
2025-12-24 16:35:31 | INFO | model_worker | Send heart beat. Models: ['SkyNova_4B']. Semaphore: Semaphore(value=5, locked=False). global_counter: 5
2025-12-24 16:35:46 | INFO | model_worker | Send heart beat. Models: ['SkyNova_4B']. Semaphore: Semaphore(value=5, locked=False). global_counter: 5
2025-12-24 16:36:01 | INFO | model_worker | Send heart beat. Models: ['SkyNova_4B']. Semaphore: Semaphore(value=5, locked=False). global_counter: 5
2025-12-24 16:36:16 | INFO | model_worker | Send heart beat. Models: ['SkyNova_4B']. Semaphore: Semaphore(value=5, locked=False). global_counter: 5
2025-12-24 16:36:31 | INFO | model_worker | Send heart beat. Models: ['SkyNova_4B']. Semaphore: Semaphore(value=5, locked=False). global_counter: 5
2025-12-24 16:36:46 | INFO | model_worker | Send heart beat. Models: ['SkyNova_4B']. Semaphore: Semaphore(value=5, locked=False). global_counter: 5
2025-12-24 16:36:59 | INFO | stdout | INFO:     127.0.0.1:38670 - "POST /worker_get_status HTTP/1.1" 200 OK
2025-12-24 16:37:01 | INFO | model_worker | Send heart beat. Models: ['SkyNova_4B']. Semaphore: Semaphore(value=5, locked=False). global_counter: 5
2025-12-24 16:37:16 | INFO | model_worker | Send heart beat. Models: ['SkyNova_4B']. Semaphore: Semaphore(value=5, locked=False). global_counter: 5
2025-12-24 16:37:31 | INFO | model_worker | Send heart beat. Models: ['SkyNova_4B']. Semaphore: Semaphore(value=5, locked=False). global_counter: 5
2025-12-24 16:37:39 | INFO | stdout | INFO:     127.0.0.1:48664 - "POST /worker_get_status HTTP/1.1" 200 OK
2025-12-24 16:37:46 | INFO | model_worker | Send heart beat. Models: ['SkyNova_4B']. Semaphore: Semaphore(value=5, locked=False). global_counter: 5
2025-12-24 16:37:51 | ERROR | stderr | INFO:     Shutting down
2025-12-24 16:37:51 | ERROR | stderr | INFO:     Waiting for application shutdown.
2025-12-24 16:37:51 | ERROR | stderr | INFO:     Application shutdown complete.
2025-12-24 16:37:51 | ERROR | stderr | INFO:     Finished server process [28326]
