2026-01-19 12:14:50 | INFO | model_worker | args: Namespace(host='0.0.0.0', port=40001, worker_address='http://127.0.0.1:40001', controller_address='http://127.0.0.1:40000', model_path='/root/autodl-tmp/EarthDial/checkpoints/SkyNova_4B', model_name=None, device='cuda', limit_model_concurrency=5, stream_interval=1, load_8bit=False)
2026-01-19 12:14:50 | INFO | model_worker | Loading the model SkyNova_4B on worker eea324 ...
2026-01-19 12:14:50 | WARNING | transformers.tokenization_utils_base | Special tokens have been added in the vocabulary, make sure the associated word embeddings are fine-tuned or trained.
2026-01-19 12:14:50 | WARNING | transformers.tokenization_utils_base | Special tokens have been added in the vocabulary, make sure the associated word embeddings are fine-tuned or trained.
2026-01-19 12:14:52 | INFO | stdout | FlashAttention is not installed.
2026-01-19 12:14:52 | INFO | stdout | Warning: Flash Attention is not available, use_flash_attn is set to False.
2026-01-19 12:14:52 | INFO | stdout | Warning: Flash Attention is not available, use_flash_attn is set to False.
2026-01-19 12:14:52 | INFO | stdout | Warning: Flash Attention is not available, use_flash_attn is set to False.
2026-01-19 12:14:52 | INFO | stdout | Warning: Flash Attention is not available, use_flash_attn is set to False.
2026-01-19 12:14:52 | INFO | stdout | Warning: Flash Attention is not available, use_flash_attn is set to False.
2026-01-19 12:14:52 | INFO | stdout | Warning: Flash Attention is not available, use_flash_attn is set to False.
2026-01-19 12:14:52 | INFO | stdout | Warning: Flash Attention is not available, use_flash_attn is set to False.
2026-01-19 12:14:52 | INFO | stdout | Warning: Flash Attention is not available, use_flash_attn is set to False.
2026-01-19 12:14:52 | INFO | stdout | Warning: Flash Attention is not available, use_flash_attn is set to False.
2026-01-19 12:14:52 | INFO | stdout | Warning: Flash Attention is not available, use_flash_attn is set to False.
2026-01-19 12:14:52 | INFO | stdout | Warning: Flash Attention is not available, use_flash_attn is set to False.
2026-01-19 12:14:52 | INFO | stdout | Warning: Flash Attention is not available, use_flash_attn is set to False.
2026-01-19 12:14:52 | INFO | stdout | Warning: Flash Attention is not available, use_flash_attn is set to False.
2026-01-19 12:14:52 | INFO | stdout | Warning: Flash Attention is not available, use_flash_attn is set to False.
2026-01-19 12:14:52 | INFO | stdout | Warning: Flash Attention is not available, use_flash_attn is set to False.
2026-01-19 12:14:52 | INFO | stdout | Warning: Flash Attention is not available, use_flash_attn is set to False.
2026-01-19 12:14:52 | INFO | stdout | Warning: Flash Attention is not available, use_flash_attn is set to False.
2026-01-19 12:14:52 | INFO | stdout | Warning: Flash Attention is not available, use_flash_attn is set to False.
2026-01-19 12:14:52 | INFO | stdout | Warning: Flash Attention is not available, use_flash_attn is set to False.
2026-01-19 12:14:52 | INFO | stdout | Warning: Flash Attention is not available, use_flash_attn is set to False.
2026-01-19 12:14:52 | INFO | stdout | Warning: Flash Attention is not available, use_flash_attn is set to False.
2026-01-19 12:14:52 | INFO | stdout | Warning: Flash Attention is not available, use_flash_attn is set to False.
2026-01-19 12:14:52 | INFO | stdout | Warning: Flash Attention is not available, use_flash_attn is set to False.
2026-01-19 12:14:52 | INFO | stdout | Warning: Flash Attention is not available, use_flash_attn is set to False.
2026-01-19 12:14:52 | ERROR | stderr | Loading checkpoint shards:   0%|                                                                                        | 0/2 [00:00<?, ?it/s]
2026-01-19 12:14:53 | ERROR | stderr | Loading checkpoint shards:  50%|████████████████████████████████████████                                        | 1/2 [00:00<00:00,  1.20it/s]
2026-01-19 12:14:53 | ERROR | stderr | Loading checkpoint shards: 100%|████████████████████████████████████████████████████████████████████████████████| 2/2 [00:01<00:00,  1.63it/s]
2026-01-19 12:14:53 | ERROR | stderr | Loading checkpoint shards: 100%|████████████████████████████████████████████████████████████████████████████████| 2/2 [00:01<00:00,  1.55it/s]
2026-01-19 12:14:53 | ERROR | stderr | 
2026-01-19 12:14:55 | INFO | model_worker | Register to controller
2026-01-19 12:14:55 | ERROR | stderr | INFO:     Started server process [1824]
2026-01-19 12:14:55 | ERROR | stderr | INFO:     Waiting for application startup.
2026-01-19 12:14:55 | ERROR | stderr | INFO:     Application startup complete.
2026-01-19 12:14:55 | ERROR | stderr | INFO:     Uvicorn running on http://0.0.0.0:40001 (Press CTRL+C to quit)
2026-01-19 12:15:10 | INFO | model_worker | Send heart beat. Models: ['SkyNova_4B']. Semaphore: None. global_counter: 0
2026-01-19 12:15:25 | INFO | model_worker | Send heart beat. Models: ['SkyNova_4B']. Semaphore: None. global_counter: 0
2026-01-19 12:15:39 | INFO | stdout | INFO:     127.0.0.1:56334 - "POST /worker_get_status HTTP/1.1" 200 OK
2026-01-19 12:15:40 | INFO | model_worker | Send heart beat. Models: ['SkyNova_4B']. Semaphore: None. global_counter: 0
2026-01-19 12:15:55 | INFO | model_worker | Send heart beat. Models: ['SkyNova_4B']. Semaphore: None. global_counter: 0
2026-01-19 12:16:10 | INFO | model_worker | Send heart beat. Models: ['SkyNova_4B']. Semaphore: None. global_counter: 0
2026-01-19 12:16:25 | INFO | model_worker | Send heart beat. Models: ['SkyNova_4B']. Semaphore: None. global_counter: 0
2026-01-19 12:16:40 | INFO | model_worker | Send heart beat. Models: ['SkyNova_4B']. Semaphore: None. global_counter: 0
2026-01-19 12:16:55 | INFO | model_worker | Send heart beat. Models: ['SkyNova_4B']. Semaphore: None. global_counter: 0
2026-01-19 12:17:10 | INFO | model_worker | Send heart beat. Models: ['SkyNova_4B']. Semaphore: None. global_counter: 0
2026-01-19 12:17:25 | INFO | model_worker | Send heart beat. Models: ['SkyNova_4B']. Semaphore: None. global_counter: 0
2026-01-19 12:17:41 | INFO | model_worker | Send heart beat. Models: ['SkyNova_4B']. Semaphore: None. global_counter: 0
2026-01-19 12:17:56 | INFO | model_worker | Send heart beat. Models: ['SkyNova_4B']. Semaphore: None. global_counter: 0
2026-01-19 12:18:11 | INFO | model_worker | Send heart beat. Models: ['SkyNova_4B']. Semaphore: None. global_counter: 0
2026-01-19 12:18:26 | INFO | model_worker | Send heart beat. Models: ['SkyNova_4B']. Semaphore: None. global_counter: 0
2026-01-19 12:18:41 | INFO | model_worker | Send heart beat. Models: ['SkyNova_4B']. Semaphore: None. global_counter: 0
2026-01-19 12:18:56 | INFO | model_worker | Send heart beat. Models: ['SkyNova_4B']. Semaphore: None. global_counter: 0
2026-01-19 12:19:11 | INFO | model_worker | Send heart beat. Models: ['SkyNova_4B']. Semaphore: None. global_counter: 0
2026-01-19 12:19:26 | INFO | model_worker | Send heart beat. Models: ['SkyNova_4B']. Semaphore: None. global_counter: 0
2026-01-19 12:19:41 | INFO | model_worker | Send heart beat. Models: ['SkyNova_4B']. Semaphore: None. global_counter: 0
2026-01-19 12:19:56 | INFO | model_worker | Send heart beat. Models: ['SkyNova_4B']. Semaphore: None. global_counter: 0
2026-01-19 12:20:11 | INFO | model_worker | Send heart beat. Models: ['SkyNova_4B']. Semaphore: None. global_counter: 0
2026-01-19 12:20:26 | INFO | model_worker | Send heart beat. Models: ['SkyNova_4B']. Semaphore: None. global_counter: 0
2026-01-19 12:20:41 | INFO | model_worker | Send heart beat. Models: ['SkyNova_4B']. Semaphore: None. global_counter: 0
2026-01-19 12:20:56 | INFO | model_worker | Send heart beat. Models: ['SkyNova_4B']. Semaphore: None. global_counter: 0
2026-01-19 12:21:11 | INFO | model_worker | Send heart beat. Models: ['SkyNova_4B']. Semaphore: None. global_counter: 0
2026-01-19 12:21:26 | INFO | model_worker | Send heart beat. Models: ['SkyNova_4B']. Semaphore: None. global_counter: 0
2026-01-19 12:21:41 | INFO | model_worker | Send heart beat. Models: ['SkyNova_4B']. Semaphore: None. global_counter: 0
2026-01-19 12:21:56 | INFO | model_worker | Send heart beat. Models: ['SkyNova_4B']. Semaphore: None. global_counter: 0
2026-01-19 12:22:11 | INFO | model_worker | Send heart beat. Models: ['SkyNova_4B']. Semaphore: None. global_counter: 0
2026-01-19 12:22:26 | INFO | model_worker | Send heart beat. Models: ['SkyNova_4B']. Semaphore: None. global_counter: 0
2026-01-19 12:22:41 | INFO | model_worker | Send heart beat. Models: ['SkyNova_4B']. Semaphore: None. global_counter: 0
2026-01-19 12:22:56 | INFO | model_worker | Send heart beat. Models: ['SkyNova_4B']. Semaphore: None. global_counter: 0
2026-01-19 12:23:11 | INFO | model_worker | Send heart beat. Models: ['SkyNova_4B']. Semaphore: None. global_counter: 0
2026-01-19 12:23:26 | INFO | model_worker | Send heart beat. Models: ['SkyNova_4B']. Semaphore: None. global_counter: 0
2026-01-19 12:23:41 | INFO | model_worker | Send heart beat. Models: ['SkyNova_4B']. Semaphore: None. global_counter: 0
2026-01-19 12:23:56 | INFO | model_worker | Send heart beat. Models: ['SkyNova_4B']. Semaphore: None. global_counter: 0
2026-01-19 12:24:11 | INFO | model_worker | Send heart beat. Models: ['SkyNova_4B']. Semaphore: None. global_counter: 0
2026-01-19 12:24:26 | INFO | model_worker | Send heart beat. Models: ['SkyNova_4B']. Semaphore: None. global_counter: 0
2026-01-19 12:24:41 | INFO | model_worker | Send heart beat. Models: ['SkyNova_4B']. Semaphore: None. global_counter: 0
2026-01-19 12:24:56 | INFO | model_worker | Send heart beat. Models: ['SkyNova_4B']. Semaphore: None. global_counter: 0
2026-01-19 12:25:11 | INFO | model_worker | Send heart beat. Models: ['SkyNova_4B']. Semaphore: None. global_counter: 0
2026-01-19 12:25:26 | INFO | model_worker | Send heart beat. Models: ['SkyNova_4B']. Semaphore: None. global_counter: 0
2026-01-19 12:25:41 | INFO | model_worker | Send heart beat. Models: ['SkyNova_4B']. Semaphore: None. global_counter: 0
2026-01-19 12:25:56 | INFO | model_worker | Send heart beat. Models: ['SkyNova_4B']. Semaphore: None. global_counter: 0
2026-01-19 12:26:11 | INFO | model_worker | Send heart beat. Models: ['SkyNova_4B']. Semaphore: None. global_counter: 0
2026-01-19 12:26:26 | INFO | model_worker | Send heart beat. Models: ['SkyNova_4B']. Semaphore: None. global_counter: 0
2026-01-19 12:26:41 | INFO | model_worker | Send heart beat. Models: ['SkyNova_4B']. Semaphore: None. global_counter: 0
2026-01-19 12:26:56 | INFO | model_worker | Send heart beat. Models: ['SkyNova_4B']. Semaphore: None. global_counter: 0
2026-01-19 12:27:11 | INFO | model_worker | Send heart beat. Models: ['SkyNova_4B']. Semaphore: None. global_counter: 0
2026-01-19 12:27:26 | INFO | model_worker | Send heart beat. Models: ['SkyNova_4B']. Semaphore: None. global_counter: 0
2026-01-19 12:27:41 | INFO | model_worker | Send heart beat. Models: ['SkyNova_4B']. Semaphore: None. global_counter: 0
2026-01-19 12:27:56 | INFO | model_worker | Send heart beat. Models: ['SkyNova_4B']. Semaphore: None. global_counter: 0
2026-01-19 12:28:11 | INFO | model_worker | Send heart beat. Models: ['SkyNova_4B']. Semaphore: None. global_counter: 0
2026-01-19 12:28:26 | INFO | model_worker | Send heart beat. Models: ['SkyNova_4B']. Semaphore: None. global_counter: 0
2026-01-19 12:28:41 | INFO | model_worker | Send heart beat. Models: ['SkyNova_4B']. Semaphore: None. global_counter: 0
2026-01-19 12:28:56 | INFO | model_worker | Send heart beat. Models: ['SkyNova_4B']. Semaphore: None. global_counter: 0
2026-01-19 12:29:11 | INFO | model_worker | Send heart beat. Models: ['SkyNova_4B']. Semaphore: None. global_counter: 0
2026-01-19 12:29:27 | INFO | model_worker | Send heart beat. Models: ['SkyNova_4B']. Semaphore: None. global_counter: 0
2026-01-19 12:29:42 | INFO | model_worker | Send heart beat. Models: ['SkyNova_4B']. Semaphore: None. global_counter: 0
2026-01-19 12:29:57 | INFO | model_worker | Send heart beat. Models: ['SkyNova_4B']. Semaphore: None. global_counter: 0
2026-01-19 12:30:12 | INFO | model_worker | Send heart beat. Models: ['SkyNova_4B']. Semaphore: None. global_counter: 0
2026-01-19 12:30:27 | INFO | model_worker | Send heart beat. Models: ['SkyNova_4B']. Semaphore: None. global_counter: 0
2026-01-19 12:30:42 | INFO | model_worker | Send heart beat. Models: ['SkyNova_4B']. Semaphore: None. global_counter: 0
2026-01-19 12:30:57 | INFO | model_worker | Send heart beat. Models: ['SkyNova_4B']. Semaphore: None. global_counter: 0
2026-01-19 12:31:12 | INFO | model_worker | Send heart beat. Models: ['SkyNova_4B']. Semaphore: None. global_counter: 0
2026-01-19 12:31:27 | INFO | model_worker | Send heart beat. Models: ['SkyNova_4B']. Semaphore: None. global_counter: 0
2026-01-19 12:31:42 | INFO | model_worker | Send heart beat. Models: ['SkyNova_4B']. Semaphore: None. global_counter: 0
2026-01-19 12:31:57 | INFO | model_worker | Send heart beat. Models: ['SkyNova_4B']. Semaphore: None. global_counter: 0
2026-01-19 12:32:12 | INFO | model_worker | Send heart beat. Models: ['SkyNova_4B']. Semaphore: None. global_counter: 0
2026-01-19 12:32:27 | INFO | model_worker | Send heart beat. Models: ['SkyNova_4B']. Semaphore: None. global_counter: 0
2026-01-19 12:32:42 | INFO | model_worker | Send heart beat. Models: ['SkyNova_4B']. Semaphore: None. global_counter: 0
2026-01-19 12:32:57 | INFO | model_worker | Send heart beat. Models: ['SkyNova_4B']. Semaphore: None. global_counter: 0
2026-01-19 12:33:12 | INFO | model_worker | Send heart beat. Models: ['SkyNova_4B']. Semaphore: None. global_counter: 0
2026-01-19 12:33:27 | INFO | model_worker | Send heart beat. Models: ['SkyNova_4B']. Semaphore: None. global_counter: 0
2026-01-19 12:33:42 | INFO | model_worker | Send heart beat. Models: ['SkyNova_4B']. Semaphore: None. global_counter: 0
2026-01-19 12:33:57 | INFO | model_worker | Send heart beat. Models: ['SkyNova_4B']. Semaphore: None. global_counter: 0
2026-01-19 12:34:12 | INFO | model_worker | Send heart beat. Models: ['SkyNova_4B']. Semaphore: None. global_counter: 0
2026-01-19 12:34:27 | INFO | model_worker | Send heart beat. Models: ['SkyNova_4B']. Semaphore: None. global_counter: 0
2026-01-19 12:34:42 | INFO | model_worker | Send heart beat. Models: ['SkyNova_4B']. Semaphore: None. global_counter: 0
2026-01-19 12:34:57 | INFO | model_worker | Send heart beat. Models: ['SkyNova_4B']. Semaphore: None. global_counter: 0
2026-01-19 12:35:12 | INFO | model_worker | Send heart beat. Models: ['SkyNova_4B']. Semaphore: None. global_counter: 0
2026-01-19 12:35:27 | INFO | model_worker | Send heart beat. Models: ['SkyNova_4B']. Semaphore: None. global_counter: 0
2026-01-19 12:35:42 | INFO | model_worker | Send heart beat. Models: ['SkyNova_4B']. Semaphore: None. global_counter: 0
2026-01-19 12:35:57 | INFO | model_worker | Send heart beat. Models: ['SkyNova_4B']. Semaphore: None. global_counter: 0
2026-01-19 12:36:12 | INFO | model_worker | Send heart beat. Models: ['SkyNova_4B']. Semaphore: None. global_counter: 0
2026-01-19 12:36:27 | INFO | model_worker | Send heart beat. Models: ['SkyNova_4B']. Semaphore: None. global_counter: 0
2026-01-19 12:36:42 | INFO | model_worker | Send heart beat. Models: ['SkyNova_4B']. Semaphore: None. global_counter: 0
2026-01-19 12:36:57 | INFO | model_worker | Send heart beat. Models: ['SkyNova_4B']. Semaphore: None. global_counter: 0
2026-01-19 12:37:12 | INFO | model_worker | Send heart beat. Models: ['SkyNova_4B']. Semaphore: None. global_counter: 0
2026-01-19 12:37:27 | INFO | model_worker | Send heart beat. Models: ['SkyNova_4B']. Semaphore: None. global_counter: 0
2026-01-19 12:37:42 | INFO | model_worker | Send heart beat. Models: ['SkyNova_4B']. Semaphore: None. global_counter: 0
2026-01-19 12:37:57 | INFO | model_worker | Send heart beat. Models: ['SkyNova_4B']. Semaphore: None. global_counter: 0
2026-01-19 12:38:12 | INFO | model_worker | Send heart beat. Models: ['SkyNova_4B']. Semaphore: None. global_counter: 0
2026-01-19 12:38:27 | INFO | model_worker | Send heart beat. Models: ['SkyNova_4B']. Semaphore: None. global_counter: 0
2026-01-19 12:38:42 | INFO | model_worker | Send heart beat. Models: ['SkyNova_4B']. Semaphore: None. global_counter: 0
2026-01-19 12:38:57 | INFO | model_worker | Send heart beat. Models: ['SkyNova_4B']. Semaphore: None. global_counter: 0
2026-01-19 12:39:12 | INFO | model_worker | Send heart beat. Models: ['SkyNova_4B']. Semaphore: None. global_counter: 0
2026-01-19 12:39:27 | INFO | model_worker | Send heart beat. Models: ['SkyNova_4B']. Semaphore: None. global_counter: 0
2026-01-19 12:39:42 | INFO | model_worker | Send heart beat. Models: ['SkyNova_4B']. Semaphore: None. global_counter: 0
2026-01-19 12:39:57 | INFO | model_worker | Send heart beat. Models: ['SkyNova_4B']. Semaphore: None. global_counter: 0
2026-01-19 12:40:12 | INFO | model_worker | Send heart beat. Models: ['SkyNova_4B']. Semaphore: None. global_counter: 0
2026-01-19 12:40:27 | INFO | model_worker | Send heart beat. Models: ['SkyNova_4B']. Semaphore: None. global_counter: 0
2026-01-19 12:40:42 | INFO | model_worker | Send heart beat. Models: ['SkyNova_4B']. Semaphore: None. global_counter: 0
2026-01-19 12:40:58 | INFO | model_worker | Send heart beat. Models: ['SkyNova_4B']. Semaphore: None. global_counter: 0
2026-01-19 12:41:13 | INFO | model_worker | Send heart beat. Models: ['SkyNova_4B']. Semaphore: None. global_counter: 0
2026-01-19 12:41:28 | INFO | model_worker | Send heart beat. Models: ['SkyNova_4B']. Semaphore: None. global_counter: 0
2026-01-19 12:41:43 | INFO | model_worker | Send heart beat. Models: ['SkyNova_4B']. Semaphore: None. global_counter: 0
2026-01-19 12:41:58 | INFO | model_worker | Send heart beat. Models: ['SkyNova_4B']. Semaphore: None. global_counter: 0
2026-01-19 12:42:13 | INFO | model_worker | Send heart beat. Models: ['SkyNova_4B']. Semaphore: None. global_counter: 0
2026-01-19 12:42:28 | INFO | model_worker | Send heart beat. Models: ['SkyNova_4B']. Semaphore: None. global_counter: 0
2026-01-19 12:42:43 | INFO | model_worker | Send heart beat. Models: ['SkyNova_4B']. Semaphore: None. global_counter: 0
2026-01-19 12:42:58 | INFO | model_worker | Send heart beat. Models: ['SkyNova_4B']. Semaphore: None. global_counter: 0
2026-01-19 12:43:13 | INFO | model_worker | Send heart beat. Models: ['SkyNova_4B']. Semaphore: None. global_counter: 0
2026-01-19 12:43:28 | INFO | model_worker | Send heart beat. Models: ['SkyNova_4B']. Semaphore: None. global_counter: 0
2026-01-19 12:43:43 | INFO | model_worker | Send heart beat. Models: ['SkyNova_4B']. Semaphore: None. global_counter: 0
2026-01-19 12:43:58 | INFO | model_worker | Send heart beat. Models: ['SkyNova_4B']. Semaphore: None. global_counter: 0
2026-01-19 12:44:13 | INFO | model_worker | Send heart beat. Models: ['SkyNova_4B']. Semaphore: None. global_counter: 0
2026-01-19 12:44:28 | INFO | model_worker | Send heart beat. Models: ['SkyNova_4B']. Semaphore: None. global_counter: 0
2026-01-19 12:44:43 | INFO | model_worker | Send heart beat. Models: ['SkyNova_4B']. Semaphore: None. global_counter: 0
2026-01-19 12:44:58 | INFO | model_worker | Send heart beat. Models: ['SkyNova_4B']. Semaphore: None. global_counter: 0
2026-01-19 12:45:13 | INFO | model_worker | Send heart beat. Models: ['SkyNova_4B']. Semaphore: None. global_counter: 0
2026-01-19 12:45:28 | INFO | model_worker | Send heart beat. Models: ['SkyNova_4B']. Semaphore: None. global_counter: 0
2026-01-19 12:45:43 | INFO | model_worker | Send heart beat. Models: ['SkyNova_4B']. Semaphore: None. global_counter: 0
2026-01-19 12:45:58 | INFO | model_worker | Send heart beat. Models: ['SkyNova_4B']. Semaphore: None. global_counter: 0
2026-01-19 12:46:13 | INFO | model_worker | Send heart beat. Models: ['SkyNova_4B']. Semaphore: None. global_counter: 0
2026-01-19 12:46:28 | INFO | model_worker | Send heart beat. Models: ['SkyNova_4B']. Semaphore: None. global_counter: 0
2026-01-19 12:46:43 | INFO | model_worker | Send heart beat. Models: ['SkyNova_4B']. Semaphore: None. global_counter: 0
2026-01-19 12:46:58 | INFO | model_worker | Send heart beat. Models: ['SkyNova_4B']. Semaphore: None. global_counter: 0
2026-01-19 12:47:13 | INFO | model_worker | Send heart beat. Models: ['SkyNova_4B']. Semaphore: None. global_counter: 0
2026-01-19 12:47:28 | INFO | model_worker | Send heart beat. Models: ['SkyNova_4B']. Semaphore: None. global_counter: 0
2026-01-19 12:47:43 | INFO | model_worker | Send heart beat. Models: ['SkyNova_4B']. Semaphore: None. global_counter: 0
2026-01-19 12:47:58 | INFO | model_worker | Send heart beat. Models: ['SkyNova_4B']. Semaphore: None. global_counter: 0
2026-01-19 12:48:13 | INFO | model_worker | Send heart beat. Models: ['SkyNova_4B']. Semaphore: None. global_counter: 0
2026-01-19 12:48:28 | INFO | model_worker | Send heart beat. Models: ['SkyNova_4B']. Semaphore: None. global_counter: 0
2026-01-19 12:48:43 | INFO | model_worker | Send heart beat. Models: ['SkyNova_4B']. Semaphore: None. global_counter: 0
2026-01-19 12:48:58 | INFO | model_worker | Send heart beat. Models: ['SkyNova_4B']. Semaphore: None. global_counter: 0
2026-01-19 12:49:13 | INFO | model_worker | Send heart beat. Models: ['SkyNova_4B']. Semaphore: None. global_counter: 0
2026-01-19 12:49:28 | INFO | model_worker | Send heart beat. Models: ['SkyNova_4B']. Semaphore: None. global_counter: 0
2026-01-19 12:49:43 | INFO | model_worker | Send heart beat. Models: ['SkyNova_4B']. Semaphore: None. global_counter: 0
2026-01-19 12:49:58 | INFO | model_worker | Send heart beat. Models: ['SkyNova_4B']. Semaphore: None. global_counter: 0
2026-01-19 12:50:13 | INFO | model_worker | Send heart beat. Models: ['SkyNova_4B']. Semaphore: None. global_counter: 0
2026-01-19 12:50:28 | INFO | model_worker | Send heart beat. Models: ['SkyNova_4B']. Semaphore: None. global_counter: 0
2026-01-19 12:50:43 | INFO | model_worker | Send heart beat. Models: ['SkyNova_4B']. Semaphore: None. global_counter: 0
2026-01-19 12:50:58 | INFO | model_worker | Send heart beat. Models: ['SkyNova_4B']. Semaphore: None. global_counter: 0
2026-01-19 12:51:13 | INFO | model_worker | Send heart beat. Models: ['SkyNova_4B']. Semaphore: None. global_counter: 0
2026-01-19 12:51:28 | INFO | model_worker | Send heart beat. Models: ['SkyNova_4B']. Semaphore: None. global_counter: 0
2026-01-19 12:51:43 | INFO | model_worker | Send heart beat. Models: ['SkyNova_4B']. Semaphore: None. global_counter: 0
2026-01-19 12:51:58 | INFO | model_worker | Send heart beat. Models: ['SkyNova_4B']. Semaphore: None. global_counter: 0
2026-01-19 12:52:13 | INFO | model_worker | Send heart beat. Models: ['SkyNova_4B']. Semaphore: None. global_counter: 0
2026-01-19 12:52:28 | INFO | model_worker | Send heart beat. Models: ['SkyNova_4B']. Semaphore: None. global_counter: 0
2026-01-19 12:52:43 | INFO | model_worker | Send heart beat. Models: ['SkyNova_4B']. Semaphore: None. global_counter: 0
2026-01-19 12:52:58 | INFO | model_worker | Send heart beat. Models: ['SkyNova_4B']. Semaphore: None. global_counter: 0
2026-01-19 12:53:13 | INFO | model_worker | Send heart beat. Models: ['SkyNova_4B']. Semaphore: None. global_counter: 0
2026-01-19 12:53:29 | INFO | model_worker | Send heart beat. Models: ['SkyNova_4B']. Semaphore: None. global_counter: 0
2026-01-19 12:53:44 | INFO | model_worker | Send heart beat. Models: ['SkyNova_4B']. Semaphore: None. global_counter: 0
2026-01-19 12:53:59 | INFO | model_worker | Send heart beat. Models: ['SkyNova_4B']. Semaphore: None. global_counter: 0
2026-01-19 12:54:14 | INFO | model_worker | Send heart beat. Models: ['SkyNova_4B']. Semaphore: None. global_counter: 0
2026-01-19 12:54:29 | INFO | model_worker | Send heart beat. Models: ['SkyNova_4B']. Semaphore: None. global_counter: 0
2026-01-19 12:54:44 | INFO | model_worker | Send heart beat. Models: ['SkyNova_4B']. Semaphore: None. global_counter: 0
2026-01-19 12:54:59 | INFO | model_worker | Send heart beat. Models: ['SkyNova_4B']. Semaphore: None. global_counter: 0
2026-01-19 12:55:14 | INFO | model_worker | Send heart beat. Models: ['SkyNova_4B']. Semaphore: None. global_counter: 0
2026-01-19 12:55:29 | INFO | model_worker | Send heart beat. Models: ['SkyNova_4B']. Semaphore: None. global_counter: 0
2026-01-19 12:55:44 | INFO | model_worker | Send heart beat. Models: ['SkyNova_4B']. Semaphore: None. global_counter: 0
2026-01-19 12:55:59 | INFO | model_worker | Send heart beat. Models: ['SkyNova_4B']. Semaphore: None. global_counter: 0
2026-01-19 12:56:14 | INFO | model_worker | Send heart beat. Models: ['SkyNova_4B']. Semaphore: None. global_counter: 0
2026-01-19 12:56:29 | INFO | model_worker | Send heart beat. Models: ['SkyNova_4B']. Semaphore: None. global_counter: 0
2026-01-19 12:56:44 | INFO | model_worker | Send heart beat. Models: ['SkyNova_4B']. Semaphore: None. global_counter: 0
2026-01-19 12:56:59 | INFO | model_worker | Send heart beat. Models: ['SkyNova_4B']. Semaphore: None. global_counter: 0
2026-01-19 12:57:14 | INFO | model_worker | Send heart beat. Models: ['SkyNova_4B']. Semaphore: None. global_counter: 0
2026-01-19 12:57:29 | INFO | model_worker | Send heart beat. Models: ['SkyNova_4B']. Semaphore: None. global_counter: 0
2026-01-19 12:57:44 | INFO | model_worker | Send heart beat. Models: ['SkyNova_4B']. Semaphore: None. global_counter: 0
2026-01-19 12:57:59 | INFO | model_worker | Send heart beat. Models: ['SkyNova_4B']. Semaphore: None. global_counter: 0
2026-01-19 12:58:14 | INFO | model_worker | Send heart beat. Models: ['SkyNova_4B']. Semaphore: None. global_counter: 0
2026-01-19 12:58:29 | INFO | model_worker | Send heart beat. Models: ['SkyNova_4B']. Semaphore: None. global_counter: 0
2026-01-19 12:58:44 | INFO | model_worker | Send heart beat. Models: ['SkyNova_4B']. Semaphore: None. global_counter: 0
2026-01-19 12:58:59 | INFO | model_worker | Send heart beat. Models: ['SkyNova_4B']. Semaphore: None. global_counter: 0
2026-01-19 12:59:14 | INFO | model_worker | Send heart beat. Models: ['SkyNova_4B']. Semaphore: None. global_counter: 0
2026-01-19 12:59:29 | INFO | model_worker | Send heart beat. Models: ['SkyNova_4B']. Semaphore: None. global_counter: 0
2026-01-19 12:59:44 | INFO | model_worker | Send heart beat. Models: ['SkyNova_4B']. Semaphore: None. global_counter: 0
2026-01-19 12:59:59 | INFO | model_worker | Send heart beat. Models: ['SkyNova_4B']. Semaphore: None. global_counter: 0
2026-01-19 13:00:14 | INFO | model_worker | Send heart beat. Models: ['SkyNova_4B']. Semaphore: None. global_counter: 0
2026-01-19 13:00:29 | INFO | model_worker | Send heart beat. Models: ['SkyNova_4B']. Semaphore: None. global_counter: 0
2026-01-19 13:00:44 | INFO | model_worker | Send heart beat. Models: ['SkyNova_4B']. Semaphore: None. global_counter: 0
2026-01-19 13:00:59 | INFO | model_worker | Send heart beat. Models: ['SkyNova_4B']. Semaphore: None. global_counter: 0
2026-01-19 13:01:14 | INFO | model_worker | Send heart beat. Models: ['SkyNova_4B']. Semaphore: None. global_counter: 0
2026-01-19 13:01:29 | INFO | model_worker | Send heart beat. Models: ['SkyNova_4B']. Semaphore: None. global_counter: 0
2026-01-19 13:01:44 | INFO | model_worker | Send heart beat. Models: ['SkyNova_4B']. Semaphore: None. global_counter: 0
2026-01-19 13:01:59 | INFO | model_worker | Send heart beat. Models: ['SkyNova_4B']. Semaphore: None. global_counter: 0
2026-01-19 13:02:14 | INFO | model_worker | Send heart beat. Models: ['SkyNova_4B']. Semaphore: None. global_counter: 0
2026-01-19 13:02:29 | INFO | model_worker | Send heart beat. Models: ['SkyNova_4B']. Semaphore: None. global_counter: 0
2026-01-19 13:02:44 | INFO | model_worker | Send heart beat. Models: ['SkyNova_4B']. Semaphore: None. global_counter: 0
2026-01-19 13:02:59 | INFO | model_worker | Send heart beat. Models: ['SkyNova_4B']. Semaphore: None. global_counter: 0
2026-01-19 13:03:14 | INFO | model_worker | Send heart beat. Models: ['SkyNova_4B']. Semaphore: None. global_counter: 0
2026-01-19 13:03:29 | INFO | model_worker | Send heart beat. Models: ['SkyNova_4B']. Semaphore: None. global_counter: 0
2026-01-19 13:03:44 | INFO | model_worker | Send heart beat. Models: ['SkyNova_4B']. Semaphore: None. global_counter: 0
2026-01-19 13:03:59 | INFO | model_worker | Send heart beat. Models: ['SkyNova_4B']. Semaphore: None. global_counter: 0
2026-01-19 13:04:14 | INFO | model_worker | Send heart beat. Models: ['SkyNova_4B']. Semaphore: None. global_counter: 0
2026-01-19 13:04:29 | INFO | model_worker | Send heart beat. Models: ['SkyNova_4B']. Semaphore: None. global_counter: 0
2026-01-19 13:04:44 | INFO | model_worker | Send heart beat. Models: ['SkyNova_4B']. Semaphore: None. global_counter: 0
2026-01-19 13:04:59 | INFO | model_worker | Send heart beat. Models: ['SkyNova_4B']. Semaphore: None. global_counter: 0
2026-01-19 13:05:14 | INFO | model_worker | Send heart beat. Models: ['SkyNova_4B']. Semaphore: None. global_counter: 0
2026-01-19 13:05:29 | INFO | model_worker | Send heart beat. Models: ['SkyNova_4B']. Semaphore: None. global_counter: 0
2026-01-19 13:05:45 | INFO | model_worker | Send heart beat. Models: ['SkyNova_4B']. Semaphore: None. global_counter: 0
2026-01-19 13:06:00 | INFO | model_worker | Send heart beat. Models: ['SkyNova_4B']. Semaphore: None. global_counter: 0
2026-01-19 13:06:15 | INFO | model_worker | Send heart beat. Models: ['SkyNova_4B']. Semaphore: None. global_counter: 0
2026-01-19 13:06:30 | INFO | model_worker | Send heart beat. Models: ['SkyNova_4B']. Semaphore: None. global_counter: 0
2026-01-19 13:06:45 | INFO | model_worker | Send heart beat. Models: ['SkyNova_4B']. Semaphore: None. global_counter: 0
2026-01-19 13:07:00 | INFO | model_worker | Send heart beat. Models: ['SkyNova_4B']. Semaphore: None. global_counter: 0
2026-01-19 13:07:15 | INFO | model_worker | Send heart beat. Models: ['SkyNova_4B']. Semaphore: None. global_counter: 0
2026-01-19 13:07:30 | INFO | model_worker | Send heart beat. Models: ['SkyNova_4B']. Semaphore: None. global_counter: 0
2026-01-19 13:07:45 | INFO | model_worker | Send heart beat. Models: ['SkyNova_4B']. Semaphore: None. global_counter: 0
2026-01-19 13:08:00 | INFO | model_worker | Send heart beat. Models: ['SkyNova_4B']. Semaphore: None. global_counter: 0
2026-01-19 13:08:15 | INFO | model_worker | Send heart beat. Models: ['SkyNova_4B']. Semaphore: None. global_counter: 0
2026-01-19 13:08:30 | INFO | model_worker | Send heart beat. Models: ['SkyNova_4B']. Semaphore: None. global_counter: 0
2026-01-19 13:08:45 | INFO | model_worker | Send heart beat. Models: ['SkyNova_4B']. Semaphore: None. global_counter: 0
2026-01-19 13:09:00 | INFO | model_worker | Send heart beat. Models: ['SkyNova_4B']. Semaphore: None. global_counter: 0
2026-01-19 13:09:15 | INFO | model_worker | Send heart beat. Models: ['SkyNova_4B']. Semaphore: None. global_counter: 0
2026-01-19 13:09:30 | INFO | model_worker | Send heart beat. Models: ['SkyNova_4B']. Semaphore: None. global_counter: 0
2026-01-19 13:09:45 | INFO | model_worker | Send heart beat. Models: ['SkyNova_4B']. Semaphore: None. global_counter: 0
2026-01-19 13:10:00 | INFO | model_worker | Send heart beat. Models: ['SkyNova_4B']. Semaphore: None. global_counter: 0
2026-01-19 13:10:15 | INFO | model_worker | Send heart beat. Models: ['SkyNova_4B']. Semaphore: None. global_counter: 0
2026-01-19 13:10:30 | INFO | model_worker | Send heart beat. Models: ['SkyNova_4B']. Semaphore: None. global_counter: 0
2026-01-19 13:10:45 | INFO | model_worker | Send heart beat. Models: ['SkyNova_4B']. Semaphore: None. global_counter: 0
2026-01-19 13:11:00 | INFO | model_worker | Send heart beat. Models: ['SkyNova_4B']. Semaphore: None. global_counter: 0
2026-01-19 13:11:15 | INFO | model_worker | Send heart beat. Models: ['SkyNova_4B']. Semaphore: None. global_counter: 0
2026-01-19 13:11:30 | INFO | model_worker | Send heart beat. Models: ['SkyNova_4B']. Semaphore: None. global_counter: 0
2026-01-19 13:11:45 | INFO | model_worker | Send heart beat. Models: ['SkyNova_4B']. Semaphore: None. global_counter: 0
2026-01-19 13:12:00 | INFO | model_worker | Send heart beat. Models: ['SkyNova_4B']. Semaphore: None. global_counter: 0
2026-01-19 13:12:15 | INFO | model_worker | Send heart beat. Models: ['SkyNova_4B']. Semaphore: None. global_counter: 0
2026-01-19 13:12:30 | INFO | model_worker | Send heart beat. Models: ['SkyNova_4B']. Semaphore: None. global_counter: 0
2026-01-19 13:12:45 | INFO | model_worker | Send heart beat. Models: ['SkyNova_4B']. Semaphore: None. global_counter: 0
2026-01-19 13:13:00 | INFO | model_worker | Send heart beat. Models: ['SkyNova_4B']. Semaphore: None. global_counter: 0
2026-01-19 13:13:15 | INFO | model_worker | Send heart beat. Models: ['SkyNova_4B']. Semaphore: None. global_counter: 0
2026-01-19 13:13:30 | INFO | model_worker | Send heart beat. Models: ['SkyNova_4B']. Semaphore: None. global_counter: 0
2026-01-19 13:13:45 | INFO | model_worker | Send heart beat. Models: ['SkyNova_4B']. Semaphore: None. global_counter: 0
2026-01-19 13:14:00 | INFO | model_worker | Send heart beat. Models: ['SkyNova_4B']. Semaphore: None. global_counter: 0
2026-01-19 13:14:15 | INFO | model_worker | Send heart beat. Models: ['SkyNova_4B']. Semaphore: None. global_counter: 0
2026-01-19 13:14:30 | INFO | model_worker | Send heart beat. Models: ['SkyNova_4B']. Semaphore: None. global_counter: 0
2026-01-19 13:14:45 | INFO | model_worker | Send heart beat. Models: ['SkyNova_4B']. Semaphore: None. global_counter: 0
2026-01-19 13:15:00 | INFO | model_worker | Send heart beat. Models: ['SkyNova_4B']. Semaphore: None. global_counter: 0
2026-01-19 13:15:15 | INFO | model_worker | Send heart beat. Models: ['SkyNova_4B']. Semaphore: None. global_counter: 0
2026-01-19 13:15:30 | INFO | model_worker | Send heart beat. Models: ['SkyNova_4B']. Semaphore: None. global_counter: 0
2026-01-19 13:15:45 | INFO | model_worker | Send heart beat. Models: ['SkyNova_4B']. Semaphore: None. global_counter: 0
2026-01-19 13:16:00 | INFO | model_worker | Send heart beat. Models: ['SkyNova_4B']. Semaphore: None. global_counter: 0
2026-01-19 13:16:15 | INFO | model_worker | Send heart beat. Models: ['SkyNova_4B']. Semaphore: None. global_counter: 0
2026-01-19 13:16:30 | INFO | model_worker | Send heart beat. Models: ['SkyNova_4B']. Semaphore: None. global_counter: 0
2026-01-19 13:16:45 | INFO | model_worker | Send heart beat. Models: ['SkyNova_4B']. Semaphore: None. global_counter: 0
2026-01-19 13:17:00 | INFO | model_worker | Send heart beat. Models: ['SkyNova_4B']. Semaphore: None. global_counter: 0
2026-01-19 13:17:15 | INFO | model_worker | Send heart beat. Models: ['SkyNova_4B']. Semaphore: None. global_counter: 0
2026-01-19 13:17:30 | INFO | model_worker | Send heart beat. Models: ['SkyNova_4B']. Semaphore: None. global_counter: 0
2026-01-19 13:17:45 | INFO | model_worker | Send heart beat. Models: ['SkyNova_4B']. Semaphore: None. global_counter: 0
2026-01-19 13:18:00 | INFO | model_worker | Send heart beat. Models: ['SkyNova_4B']. Semaphore: None. global_counter: 0
2026-01-19 13:18:15 | INFO | model_worker | Send heart beat. Models: ['SkyNova_4B']. Semaphore: None. global_counter: 0
2026-01-19 13:18:31 | INFO | model_worker | Send heart beat. Models: ['SkyNova_4B']. Semaphore: None. global_counter: 0
2026-01-19 13:18:46 | INFO | model_worker | Send heart beat. Models: ['SkyNova_4B']. Semaphore: None. global_counter: 0
2026-01-19 13:19:01 | INFO | model_worker | Send heart beat. Models: ['SkyNova_4B']. Semaphore: None. global_counter: 0
2026-01-19 13:19:16 | INFO | model_worker | Send heart beat. Models: ['SkyNova_4B']. Semaphore: None. global_counter: 0
2026-01-19 13:19:31 | INFO | model_worker | Send heart beat. Models: ['SkyNova_4B']. Semaphore: None. global_counter: 0
2026-01-19 13:19:46 | INFO | model_worker | Send heart beat. Models: ['SkyNova_4B']. Semaphore: None. global_counter: 0
2026-01-19 13:20:01 | INFO | model_worker | Send heart beat. Models: ['SkyNova_4B']. Semaphore: None. global_counter: 0
2026-01-19 13:20:16 | INFO | model_worker | Send heart beat. Models: ['SkyNova_4B']. Semaphore: None. global_counter: 0
2026-01-19 13:20:31 | INFO | model_worker | Send heart beat. Models: ['SkyNova_4B']. Semaphore: None. global_counter: 0
2026-01-19 13:20:46 | INFO | model_worker | Send heart beat. Models: ['SkyNova_4B']. Semaphore: None. global_counter: 0
2026-01-19 13:21:01 | INFO | model_worker | Send heart beat. Models: ['SkyNova_4B']. Semaphore: None. global_counter: 0
2026-01-19 13:21:16 | INFO | model_worker | Send heart beat. Models: ['SkyNova_4B']. Semaphore: None. global_counter: 0
2026-01-19 13:21:31 | INFO | model_worker | Send heart beat. Models: ['SkyNova_4B']. Semaphore: None. global_counter: 0
2026-01-19 13:21:46 | INFO | model_worker | Send heart beat. Models: ['SkyNova_4B']. Semaphore: None. global_counter: 0
2026-01-19 13:21:56 | ERROR | stderr | INFO:     Shutting down
2026-01-19 13:21:56 | ERROR | stderr | INFO:     Waiting for application shutdown.
2026-01-19 13:21:56 | ERROR | stderr | INFO:     Application shutdown complete.
2026-01-19 13:21:56 | ERROR | stderr | INFO:     Finished server process [1824]
